{"_time": "2026-04-03T14:03:33+00:00", "index": "botsv3", "sourcetype": "WinEventLog:Security", "host": "WS-HR-117", "user": "jsmith", "EventCode": "4688", "process_name": "powershell.exe", "CommandLine": "powershell.exe -File C:\\Tools\\reset_profile.ps1", "label": "benign", "technique": null},
{"_time": "2026-04-03T14:24:29+00:00", "index": "botsv3", "sourcetype": "WinEventLog:Security", "host": "WS-IT-201", "user": "adm_lopez", "EventCode": "4688", "process_name": "powershell.exe", "CommandLine": "powershell.exe -Command \"Get-Service -Name Spooler\"", "label": "benign", "technique": null},
{"_time": "2026-04-03T14:42:08+00:00", "index": "botsv3", "sourcetype": "WinEventLog:Security", "host": "SRV-APP-02", "user": "svc_deploy", "EventCode": "4688", "process_name": "powershell.exe", "CommandLine": "powershell.exe -NoProfile -ExecutionPolicy Bypass -File C:\\Scripts\\deploy_sync.ps1", "label": "benign", "technique": null},
{"_time": "2026-04-03T14:48:24+00:00", "index": "botsv3", "sourcetype": "WinEventLog:Security", "host": "WS-HR-117", "user": "jsmith", "EventCode": "4688", "process_name": "powershell.exe", "CommandLine": "powershell.exe -Command \"Test-NetConnection SRV-FILE-03 -Port 445\"", "label": "benign", "technique": null},
{"_time": "2026-04-03T15:36:51+00:00", "index": "botsv3", "sourcetype": "WinEventLog:Security", "host": "WS-IT-201", "user": "hd_chen", "EventCode": "4688", "process_name": "chrome.exe", "CommandLine": "\"chrome.exe\" --type=utility --utility-sub-type=network", "label": "benign", "technique": null},
{"_time": "2026-04-03T16:03:39+00:00", "index": "botsv3", "sourcetype": "WinEventLog:Security", "host": "SRV-DB-02", "user": "svc_deploy", "EventCode": "4688", "process_name": "powershell.exe", "CommandLine": "powershell.exe -NoProfile -ExecutionPolicy Bypass -File C:\\Scripts\\log_rotate.ps1", "label": "benign", "technique": null},
{"_time": "2026-04-03T16:51:38+00:00", "index": "botsv3", "sourcetype": "WinEventLog:Security", "host": "SRV-WEB-05", "user": "svc_deploy", "EventCode": "4688", "process_name": "powershell.exe", "CommandLine": "powershell.exe -NoProfile -EncodedCommand mkIlVB7ZqjGStIjrQdh9QsNDu5vpqOOk9UGhbj7EpUmFHbJryLG44", "label": "benign", "technique": null},
{"_time": "2026-04-03T17:16:58+00:00", "index": "botsv3", "sourcetype": "WinEventLog:Security", "host": "WS-IT-202", "user": "hd_chen", "EventCode": "4688", "process_name": "cmd.exe", "CommandLine": "cmd.exe /c \"ipconfig /all\"", "label": "benign", "technique": null},
{"_time": "2026-04-03T17:17:40+00:00", "index": "botsv3", "sourcetype": "WinEventLog:Security", "host": "WS-IT-202", "user": "hd_chen", "EventCode": "4688", "process_name": "powershell.exe", "CommandLine": "powershell.exe -File C:\\Tools\\map_drives.ps1", "label": "benign", "technique": null},
{"_time": "2026-04-03T18:10:30+00:00", "index": "botsv3", "sourcetype": "WinEventLog:Security", "host": "SRV-WEB-05", "user": "svc_deploy", "EventCode": "4688", "process_name": "powershell.exe", "CommandLine": "powershell.exe -NoProfile -EncodedCommand rNvqwlM0t+HKsXWbIhbcB+G22Ia+PNAIp5anrqEiTQsI", "label": "benign", "technique": null},
{"_time": "2026-04-03T18:48:52+00:00", "index": "botsv3", "sourcetype": "WinEventLog:Security", "host": "WS-FIN-042", "user": "mfields", "EventCode": "4688", "process_name": "chrome.exe", "CommandLine": "\"chrome.exe\" --type=utility --utility-sub-type=network", "label": "benign", "technique": null},
{"_time": "2026-04-03T18:56:19+00:00", "index": "botsv3", "sourcetype": "WinEventLog:Security", "host": "WS-HR-117", "user": "jsmith", "EventCode": "4688", "process_name": "powershell.exe", "CommandLine": "powershell.exe -File C:\\Tools\\map_drives.ps1", "label": "benign", "technique": null},
{"_time": "2026-04-03T19:14:39+00:00", "index": "botsv3", "sourcetype": "WinEventLog:Security", "host": "WS-HR-117", "user": "jsmith", "EventCode": "4688", "process_name": "powershell.exe", "CommandLine": "powershell.exe -Command \"Get-Service -Name Spooler\"", "label": "benign", "technique": null},
{"_time": "2026-04-03T19:32:19+00:00", "index": "botsv3", "sourcetype": "WinEventLog:Security", "host": "SRV-DB-02", "user": "svc_deploy", "EventCode": "4688", "process_name": "powershell.exe", "CommandLine": "powershell.exe -NoProfile -ExecutionPolicy Bypass -File C:\\Scripts\\inventory_export.ps1", "label": "benign", "technique": null},
{"_time": "2026-04-03T19:52:16+00:00", "index": "botsv3", "sourcetype": "WinEventLog:Security", "host": "WS-HR-117", "user": "adm_lopez", "EventCode": "4688", "process_name": "cmd.exe", "CommandLine": "cmd.exe /c \"ipconfig /all\"", "label": "benign", "technique": null},
{"_time": "2026-04-03T19:53:34+00:00", "index": "botsv3", "sourcetype": "WinEventLog:Security", "host": "SRV-DB-02", "user": "svc_deploy", "EventCode": "4688", "process_name": "powershell.exe", "CommandLine": "powershell.exe -NoProfile -ExecutionPolicy Bypass -File C:\\Scripts\\cert_renew.ps1", "label": "benign", "technique": null},
{"_time": "2026-04-03T20:43:54+00:00", "index": "botsv3", "sourcetype": "WinEventLog:Security", "host": "WS-HR-117", "user": "hd_chen", "EventCode": "4688", "process_name": "powershell.exe", "CommandLine": "powershell.exe -File C:\\Tools\\reset_profile.ps1", "label": "benign", "technique": null},
{"_time": "2026-04-03T21:05:25+00:00", "index": "botsv3", "sourcetype": "WinEventLog:Security", "host": "SRV-DB-02", "user": "svc_deploy", "EventCode": "4688", "process_name": "powershell.exe", "CommandLine": "powershell.exe -NoProfile -ExecutionPolicy Bypass -File C:\\Scripts\\deploy_sync.ps1", "label": "benign", "technique": null},
{"_time": "2026-04-03T21:10:49+00:00", "index": "botsv3", "sourcetype": "WinEventLog:Security", "host": "SRV-FILE-03", "user": "pwong", "EventCode": "4688", "process_name": "outlook.exe", "CommandLine": "\"outlook.exe\" /recycle", "label": "benign", "technique": null},
{"_time": "2026-04-03T21:14:37+00:00", "index": "botsv3", "sourcetype": "WinEventLog:Security", "host": "SRV-APP-02", "user": "svc_deploy", "EventCode": "4688", "process_name": "powershell.exe", "CommandLine": "powershell.exe -NoProfile -EncodedCommand klunVqKGxRjF8J8dpxJxsbXxKtSWSsSZUVmd2AorlTKhv", "label": "benign", "technique": null},
{"_time": "2026-04-03T21:22:52+00:00", "index": "botsv3", "sourcetype": "WinEventLog:Security", "host": "WS-IT-201", "user": "mfields", "EventCode": "4688", "process_name": "outlook.exe", "CommandLine": "\"outlook.exe\" /recycle", "label": "benign", "technique": null},
{"_time": "2026-04-03T21:30:48+00:00", "index": "botsv3", "sourcetype": "WinEventLog:Security", "host": "SRV-DB-02", "user": "svc_deploy", "EventCode": "4688", "process_name": "powershell.exe", "CommandLine": "powershell.exe -NoProfile -ExecutionPolicy Bypass -File C:\\Scripts\\deploy_sync.ps1", "label": "benign", "technique": null},
{"_time": "2026-04-03T21:49:44+00:00", "index": "botsv3", "sourcetype": "WinEventLog:Security", "host": "SRV-APP-01", "user": "svc_deploy", "EventCode": "4688", "process_name": "powershell.exe", "CommandLine": "powershell.exe -NoProfile -ExecutionPolicy Bypass -File C:\\Scripts\\inventory_export.ps1", "label": "benign", "technique": null},
{"_time": "2026-04-03T21:50:14+00:00", "index": "botsv3", "sourcetype": "WinEventLog:Security", "host": "WS-HR-117", "user": "mfields", "EventCode": "4688", "process_name": "chrome.exe", "CommandLine": "\"chrome.exe\" --type=renderer --lang=en-US", "label": "benign", "technique": null},
{"_time": "2026-04-03T21:57:12+00:00", "index": "botsv3", "sourcetype": "WinEventLog:Security", "host": "SRV-WEB-05", "user": "svc_deploy", "EventCode": "4688", "process_name": "powershell.exe", "CommandLine": "powershell.exe -NoProfile -ExecutionPolicy Bypass -File C:\\Scripts\\deploy_sync.ps1", "label": "benign", "technique": null},
{"_time": "2026-04-03T21:59:52+00:00", "index": "botsv3", "sourcetype": "WinEventLog:Security", "host": "WS-IT-201", "user": "hd_chen", "EventCode": "4688", "process_name": "powershell.exe", "CommandLine": "powershell.exe -File C:\\Tools\\reset_profile.ps1", "label": "benign", "technique": null},
{"_time": "2026-04-03T22:01:32+00:00", "index": "botsv3", "sourcetype": "WinEventLog:Security", "host": "SRV-APP-02", "user": "svc_deploy", "EventCode": "4688", "process_name": "powershell.exe", "CommandLine": "powershell.exe -NoProfile -EncodedCommand kjZwEsBvhSgiRtrgSgvGjGMN4tm4MnR1orC8XiR6KqHlI", "label": "benign", "technique": null},
{"_time": "2026-04-03T22:12:14+00:00", "index": "botsv3", "sourcetype": "WinEventLog:Security", "host": "SRV-WEB-05", "user": "svc_deploy", "EventCode": "4688", "process_name": "powershell.exe", "CommandLine": "powershell.exe -NoProfile -ExecutionPolicy Bypass -File C:\\Scripts\\log_rotate.ps1", "label": "benign", "technique": null},
{"_time": "2026-04-03T22:16:27+00:00", "index": "botsv3", "sourcetype": "WinEventLog:Security", "host": "WS-IT-202", "user": "adm_lopez", "EventCode": "4688", "process_name": "powershell.exe", "CommandLine": "powershell.exe -Command \"Test-NetConnection SRV-FILE-03 -Port 445\"", "label": "benign", "technique": null},
{"_time": "2026-04-03T22:51:50+00:00", "index": "botsv3", "sourcetype": "WinEventLog:Security", "host": "SRV-APP-01", "user": "svc_deploy", "EventCode": "4688", "process_name": "powershell.exe", "CommandLine": "powershell.exe -NoProfile -ExecutionPolicy Bypass -File C:\\Scripts\\deploy_sync.ps1", "label": "benign", "technique": null},
{"_time": "2026-04-03T23:09:25+00:00", "index": "botsv3", "sourcetype": "WinEventLog:Security", "host": "WS-IT-202", "user": "hd_chen", "EventCode": "4688", "process_name": "powershell.exe", "CommandLine": "powershell.exe -Command \"Test-NetConnection SRV-FILE-03 -Port 445\"", "label": "benign", "technique": null},
{"_time": "2026-04-03T23:14:19+00:00", "index": "botsv3", "sourcetype": "WinEventLog:Security", "host": "WS-IT-202", "user": "pwong", "EventCode": "4688", "process_name": "cmd.exe", "CommandLine": "cmd.exe /c \"ipconfig /all\"", "label": "benign", "technique": null},
{"_time": "2026-04-03T23:24:32+00:00", "index": "botsv3", "sourcetype": "WinEventLog:Security", "host": "SRV-WEB-05", "user": "svc_deploy", "EventCode": "4688", "process_name": "powershell.exe", "CommandLine": "powershell.exe -NoProfile -ExecutionPolicy Bypass -File C:\\Scripts\\patch_audit.ps1", "label": "benign", "technique": null},
{"_time": "2026-04-03T23:45:45+00:00", "index": "botsv3", "sourcetype": "WinEventLog:Security", "host": "WS-IT-202", "user": "akumar", "EventCode": "4688", "process_name": "cmd.exe", "CommandLine": "cmd.exe /c \"ipconfig /all\"", "label": "benign", "technique": null},
{"_time": "2026-04-03T23:53:45+00:00", "index": "botsv3", "sourcetype": "WinEventLog:Security", "host": "SRV-APP-01", "user": "svc_deploy", "EventCode": "4688", "process_name": "powershell.exe", "CommandLine": "powershell.exe -NoProfile -ExecutionPolicy Bypass -File C:\\Scripts\\inventory_export.ps1", "label": "benign", "technique": null},
{"_time": "2026-04-03T23:57:32+00:00", "index": "botsv3", "sourcetype": "WinEventLog:Security", "host": "SRV-APP-01", "user": "svc_deploy", "EventCode": "4688", "process_name": "powershell.exe", "CommandLine": "powershell.exe -NoProfile -EncodedCommand WL/unK6AdX1oUcpQ2mOCYbotIl4QW1p0W04fs/eADLSAAhl", "label": "benign", "technique": null},
{"_time": "2026-04-04T00:49:58+00:00", "index": "botsv3", "sourcetype": "WinEventLog:Security", "host": "SRV-WEB-05", "user": "svc_deploy", "EventCode": "4688", "process_name": "powershell.exe", "CommandLine": "powershell.exe -NoProfile -ExecutionPolicy Bypass -File C:\\Scripts\\inventory_export.ps1", "label": "benign", "technique": null},
{"_time": "2026-04-04T00:54:23+00:00", "index": "botsv3", "sourcetype": "WinEventLog:Security", "host": "WS-IT-201", "user": "hd_chen", "EventCode": "4688", "process_name": "powershell.exe", "CommandLine": "powershell.exe -Command \"Get-Service -Name Spooler\"", "label": "benign", "technique": null},
{"_time": "2026-04-04T01:06:20+00:00", "index": "botsv3", "sourcetype": "WinEventLog:Security", "host": "SRV-APP-01", "user": "svc_deploy", "EventCode": "4688", "process_name": "powershell.exe", "CommandLine": "powershell.exe -NoProfile -ExecutionPolicy Bypass -File C:\\Scripts\\inventory_export.ps1", "label": "benign", "technique": null},
{"_time": "2026-04-04T01:26:36+00:00", "index": "botsv3", "sourcetype": "WinEventLog:Security", "host": "SRV-APP-01", "user": "svc_deploy", "EventCode": "4688", "process_name": "powershell.exe", "CommandLine": "powershell.exe -NoProfile -ExecutionPolicy Bypass -File C:\\Scripts\\cert_renew.ps1", "label": "benign", "technique": null},
{"_time": "2026-04-04T01:51:08+00:00", "index": "botsv3", "sourcetype": "WinEventLog:Security", "host": "SRV-APP-01", "user": "svc_deploy", "EventCode": "4688", "process_name": "powershell.exe", "CommandLine": "powershell.exe -NoProfile -EncodedCommand RhPp6ssAVzVSEzisP8YL2UkoBxwJr7IuixFhaCGYK5Y7aD8HhvahX+Pv", "label": "benign", "technique": null},
{"_time": "2026-04-04T02:12:02+00:00", "index": "botsv3", "sourcetype": "WinEventLog:Security", "host": "SRV-WEB-05", "user": "svc_deploy", "EventCode": "4688", "process_name": "powershell.exe", "CommandLine": "powershell.exe -NoProfile -ExecutionPolicy Bypass -File C:\\Scripts\\cert_renew.ps1", "label": "benign", "technique": null},
{"_time": "2026-04-04T02:30:42+00:00", "index": "botsv3", "sourcetype": "WinEventLog:Security", "host": "SRV-WEB-05", "user": "svc_deploy", "EventCode": "4688", "process_name": "powershell.exe", "CommandLine": "powershell.exe -NoProfile -ExecutionPolicy Bypass -File C:\\Scripts\\inventory_export.ps1", "label": "benign", "technique": null},
{"_time": "2026-04-04T02:31:31+00:00", "index": "botsv3", "sourcetype": "WinEventLog:Security", "host": "SRV-APP-01", "user": "svc_deploy", "EventCode": "4688", "process_name": "powershell.exe", "CommandLine": "powershell.exe -NoProfile -EncodedCommand H9hQ048WSfySHwrpcCo9HHZ5nRe2wDNoizGkBEopDjkg0OdbUiC", "label": "benign", "technique": null},
{"_time": "2026-04-04T03:40:06+00:00", "index": "botsv3", "sourcetype": "WinEventLog:Security", "host": "SRV-APP-02", "user": "svc_deploy", "EventCode": "4688", "process_name": "powershell.exe", "CommandLine": "powershell.exe -NoProfile -EncodedCommand HJXoqlPn3pPyuoUAwyJCBAg1BnaJBwOTrL+5d4osFhshJ7IlpYq0lCYo5IB", "label": "benign", "technique": null},
{"_time": "2026-04-04T03:42:51+00:00", "index": "botsv3", "sourcetype": "WinEventLog:Security", "host": "SRV-APP-01", "user": "svc_deploy", "EventCode": "4688", "process_name": "powershell.exe", "CommandLine": "powershell.exe -NoProfile -ExecutionPolicy Bypass -File C:\\Scripts\\patch_audit.ps1", "label": "benign", "technique": null},
{"_time": "2026-04-04T04:14:17+00:00", "index": "botsv3", "sourcetype": "WinEventLog:Security", "host": "SRV-DB-02", "user": "svc_deploy", "EventCode": "4688", "process_name": "powershell.exe", "CommandLine": "powershell.exe -NoProfile -EncodedCommand IBkFC2HChxJiml4Id3Hvq3p6FFb9692QHY/XkZESkz0JVlFqPXDWlM", "label": "benign", "technique": null},
{"_time": "2026-04-04T04:24:25+00:00", "index": "botsv3", "sourcetype": "WinEventLog:Security", "host": "SRV-WEB-05", "user": "svc_deploy", "EventCode": "4688", "process_name": "powershell.exe", "CommandLine": "powershell.exe -NoProfile -ExecutionPolicy Bypass -File C:\\Scripts\\patch_audit.ps1", "label": "benign", "technique": null},
{"_time": "2026-04-04T04:51:02+00:00", "index": "botsv3", "sourcetype": "WinEventLog:Security", "host": "WS-IT-201", "user": "adm_lopez", "EventCode": "4688", "process_name": "powershell.exe", "CommandLine": "powershell.exe -File C:\\Tools\\map_drives.ps1", "label": "benign", "technique": null},
{"_time": "2026-04-04T04:54:36+00:00", "index": "botsv3", "sourcetype": "WinEventLog:Security", "host": "SRV-WEB-05", "user": "svc_deploy", "EventCode": "4688", "process_name": "powershell.exe", "CommandLine": "powershell.exe -NoProfile -EncodedCommand cRspRLSZGs5M5vAci526A/+Ucs3jchBGOFk80BdHNS5M5kw+nftvlA", "label": "benign", "technique": null},
{"_time": "2026-04-04T04:56:56+00:00", "index": "botsv3", "sourcetype": "WinEventLog:Security", "host": "SRV-WEB-05", "user": "svc_deploy", "EventCode": "4688", "process_name": "powershell.exe", "CommandLine": "powershell.exe -NoProfile -EncodedCommand ojr72nPccAni0AkHj0hmtHksNmZDexTV8ns+EWLm3/ScNA", "label": "benign", "technique": null},
{"_time": "2026-04-04T05:06:00+00:00", "index": "botsv3", "sourcetype": "WinEventLog:Security", "host": "SRV-WEB-05", "user": "svc_deploy", "EventCode": "4688", "process_name": "powershell.exe", "CommandLine": "powershell.exe -NoProfile -ExecutionPolicy Bypass -File C:\\Scripts\\inventory_export.ps1", "label": "benign", "technique": null},
{"_time": "2026-04-04T05:11:24+00:00", "index": "botsv3", "sourcetype": "WinEventLog:Security", "host": "WS-IT-202", "user": "hd_chen", "EventCode": "4688", "process_name": "chrome.exe", "CommandLine": "\"chrome.exe\" --type=utility --utility-sub-type=network", "label": "benign", "technique": null},
{"_time": "2026-04-04T05:13:51+00:00", "index": "botsv3", "sourcetype": "WinEventLog:Security", "host": "SRV-APP-02", "user": "svc_deploy", "EventCode": "4688", "process_name": "powershell.exe", "CommandLine": "powershell.exe -NoProfile -ExecutionPolicy Bypass -File C:\\Scripts\\patch_audit.ps1", "label": "benign", "technique": null},
{"_time": "2026-04-04T05:41:23+00:00", "index": "botsv3", "sourcetype": "WinEventLog:Security", "host": "SRV-APP-02", "user": "svc_deploy", "EventCode": "4688", "process_name": "powershell.exe", "CommandLine": "powershell.exe -NoProfile -ExecutionPolicy Bypass -File C:\\Scripts\\cert_renew.ps1", "label": "benign", "technique": null},
{"_time": "2026-04-04T05:43:42+00:00", "index": "botsv3", "sourcetype": "WinEventLog:Security", "host": "SRV-APP-02", "user": "svc_deploy", "EventCode": "4688", "process_name": "powershell.exe", "CommandLine": "powershell.exe -NoProfile -ExecutionPolicy Bypass -File C:\\Scripts\\inventory_export.ps1", "label": "benign", "technique": null},
{"_time": "2026-04-04T05:50:04+00:00", "index": "botsv3", "sourcetype": "WinEventLog:Security", "host": "SRV-WEB-05", "user": "svc_deploy", "EventCode": "4688", "process_name": "powershell.exe", "CommandLine": "powershell.exe -NoProfile -EncodedCommand lOdwfNFDSueKG3xJgZHNiUEw9xT8fealn64P6ZeI", "label": "benign", "technique": null},
{"_time": "2026-04-04T05:56:18+00:00", "index": "botsv3", "sourcetype": "WinEventLog:Security", "host": "WS-FIN-042", "user": "jsmith", "EventCode": "4688", "process_name": "powershell.exe", "CommandLine": "powershell.exe -File C:\\Tools\\map_drives.ps1", "label": "benign", "technique": null},
{"_time": "2026-04-04T06:31:36+00:00", "index": "botsv3", "sourcetype": "WinEventLog:Security", "host": "WS-IT-202", "user": "jsmith", "EventCode": "4688", "process_name": "powershell.exe", "CommandLine": "powershell.exe -File C:\\Tools\\map_drives.ps1", "label": "benign", "technique": null},
{"_time": "2026-04-04T07:37:42+00:00", "index": "botsv3", "sourcetype": "WinEventLog:Security", "host": "SRV-DB-02", "user": "svc_deploy", "EventCode": "4688", "process_name": "powershell.exe", "CommandLine": "powershell.exe -NoProfile -ExecutionPolicy Bypass -File C:\\Scripts\\log_rotate.ps1", "label": "benign", "technique": null},
{"_time": "2026-04-04T07:47:54+00:00", "index": "botsv3", "sourcetype": "WinEventLog:Security", "host": "SRV-APP-01", "user": "svc_deploy", "EventCode": "4688", "process_name": "powershell.exe", "CommandLine": "powershell.exe -NoProfile -ExecutionPolicy Bypass -File C:\\Scripts\\patch_audit.ps1", "label": "benign", "technique": null},
{"_time": "2026-04-04T07:50:31+00:00", "index": "botsv3", "sourcetype": "WinEventLog:Security", "host": "WS-HR-117", "user": "adm_lopez", "EventCode": "4688", "process_name": "powershell.exe", "CommandLine": "powershell.exe -ExecutionPolicy Bypass -EncodedCommand fkw3/3UwcuVoAFym6ZC/N7d8ATNJ6JqXdFig+xidPy1sHH", "label": "benign", "technique": null},
{"_time": "2026-04-04T08:23:38+00:00", "index": "botsv3", "sourcetype": "WinEventLog:Security", "host": "SRV-FILE-03", "user": "adm_lopez", "EventCode": "4688", "process_name": "outlook.exe", "CommandLine": "\"outlook.exe\" /recycle", "label": "benign", "technique": null},
{"_time": "2026-04-04T08:41:37+00:00", "index": "botsv3", "sourcetype": "WinEventLog:Security", "host": "WS-FIN-042", "user": "jsmith", "EventCode": "4688", "process_name": "cmd.exe", "CommandLine": "cmd.exe /c \"nltest /dsgetdc:corp.local\"", "label": "benign", "technique": null},
{"_time": "2026-04-04T08:42:13+00:00", "index": "botsv3", "sourcetype": "WinEventLog:Security", "host": "WS-IT-201", "user": "hd_chen", "EventCode": "4688", "process_name": "powershell.exe", "CommandLine": "powershell.exe Get-EventLog System -Newest 50", "label": "benign", "technique": null},
{"_time": "2026-04-04T10:18:33+00:00", "index": "botsv3", "sourcetype": "WinEventLog:Security", "host": "SRV-APP-01", "user": "svc_deploy", "EventCode": "4688", "process_name": "powershell.exe", "CommandLine": "powershell.exe -NoProfile -ExecutionPolicy Bypass -File C:\\Scripts\\deploy_sync.ps1", "label": "benign", "technique": null},
{"_time": "2026-04-04T10:26:00+00:00", "index": "botsv3", "sourcetype": "WinEventLog:Security", "host": "SRV-APP-01", "user": "svc_deploy", "EventCode": "4688", "process_name": "powershell.exe", "CommandLine": "powershell.exe -NoProfile -ExecutionPolicy Bypass -File C:\\Scripts\\deploy_sync.ps1", "label": "benign", "technique": null},
{"_time": "2026-04-04T10:48:12+00:00", "index": "botsv3", "sourcetype": "WinEventLog:Security", "host": "SRV-WEB-05", "user": "svc_deploy", "EventCode": "4688", "process_name": "powershell.exe", "CommandLine": "powershell.exe -NoProfile -EncodedCommand JC1LBtetn92vy5HT+TYiIQxwjgYAXjD/J6enNqj7KZzpGLE", "label": "benign", "technique": null},
{"_time": "2026-04-04T11:11:26+00:00", "index": "botsv3", "sourcetype": "WinEventLog:Security", "host": "SRV-WEB-05", "user": "svc_deploy", "EventCode": "4688", "process_name": "powershell.exe", "CommandLine": "powershell.exe -NoProfile -ExecutionPolicy Bypass -File C:\\Scripts\\cert_renew.ps1", "label": "benign", "technique": null},
{"_time": "2026-04-04T11:21:54+00:00", "index": "botsv3", "sourcetype": "WinEventLog:Security", "host": "SRV-APP-02", "user": "svc_deploy", "EventCode": "4688", "process_name": "powershell.exe", "CommandLine": "powershell.exe -NoProfile -EncodedCommand 3A1GuPnsBLMTMhcX1FOvzlKZXBhMebCcf8CC6hSP2KL5xIkBz", "label": "benign", "technique": null},
{"_time": "2026-04-04T11:58:17+00:00", "index": "botsv3", "sourcetype": "WinEventLog:Security", "host": "WS-IT-201", "user": "mfields", "EventCode": "4688", "process_name": "cmd.exe", "CommandLine": "cmd.exe /c \"ipconfig /all\"", "label": "benign", "technique": null},
{"_time": "2026-04-04T12:24:36+00:00", "index": "botsv3", "sourcetype": "WinEventLog:Security", "host": "SRV-WEB-05", "user": "svc_deploy", "EventCode": "4688", "process_name": "powershell.exe", "CommandLine": "powershell.exe -NoProfile -EncodedCommand eqHtT2t9zgf6M+MKErEahWFPNTTQUAQNrG26WgYXs", "label": "benign", "technique": null},
{"_time": "2026-04-04T12:29:44+00:00", "index": "botsv3", "sourcetype": "WinEventLog:Security", "host": "WS-IT-201", "user": "adm_lopez", "EventCode": "4688", "process_name": "powershell.exe", "CommandLine": "powershell.exe -Command \"Test-NetConnection SRV-FILE-03 -Port 445\"", "label": "benign", "technique": null},
{"_time": "2026-04-04T12:39:59+00:00", "index": "botsv3", "sourcetype": "WinEventLog:Security", "host": "SRV-WEB-05", "user": "svc_deploy", "EventCode": "4688", "process_name": "powershell.exe", "CommandLine": "powershell.exe -NoProfile -ExecutionPolicy Bypass -File C:\\Scripts\\patch_audit.ps1", "label": "benign", "technique": null},
{"_time": "2026-04-04T13:10:40+00:00", "index": "botsv3", "sourcetype": "WinEventLog:Security", "host": "SRV-APP-01", "user": "svc_deploy", "EventCode": "4688", "process_name": "powershell.exe", "CommandLine": "powershell.exe -NoProfile -ExecutionPolicy Bypass -File C:\\Scripts\\inventory_export.ps1", "label": "benign", "technique": null},
{"_time": "2026-04-04T13:14:22+00:00", "index": "botsv3", "sourcetype": "WinEventLog:Security", "host": "SRV-APP-01", "user": "svc_deploy", "EventCode": "4688", "process_name": "powershell.exe", "CommandLine": "powershell.exe -NoProfile -ExecutionPolicy Bypass -File C:\\Scripts\\cert_renew.ps1", "label": "benign", "technique": null},
{"_time": "2026-04-04T13:44:34+00:00", "index": "botsv3", "sourcetype": "WinEventLog:Security", "host": "SRV-APP-01", "user": "svc_deploy", "EventCode": "4688", "process_name": "powershell.exe", "CommandLine": "powershell.exe -NoProfile -EncodedCommand 5dIhdj+rINLBl+euO30p8jDTevV2lzG0nS07vGJ4JnJvj7L", "label": "benign", "technique": null},
{"_time": "2026-04-04T14:08:40+00:00", "index": "botsv3", "sourcetype": "WinEventLog:Security", "host": "SRV-DB-02", "user": "svc_deploy", "EventCode": "4688", "process_name": "powershell.exe", "CommandLine": "powershell.exe -NoProfile -ExecutionPolicy Bypass -File C:\\Scripts\\patch_audit.ps1", "label": "benign", "technique": null},
{"_time": "2026-04-04T14:16:38+00:00", "index": "botsv3", "sourcetype": "WinEventLog:Security", "host": "SRV-DB-02", "user": "svc_deploy", "EventCode": "4688", "process_name": "powershell.exe", "CommandLine": "powershell.exe -NoProfile -ExecutionPolicy Bypass -File C:\\Scripts\\patch_audit.ps1", "label": "benign", "technique": null},
{"_time": "2026-04-04T14:30:43+00:00", "index": "botsv3", "sourcetype": "WinEventLog:Security", "host": "WS-IT-202", "user": "mfields", "EventCode": "4688", "process_name": "cmd.exe", "CommandLine": "cmd.exe /c \"ipconfig /all\"", "label": "benign", "technique": null},
{"_time": "2026-04-04T14:39:30+00:00", "index": "botsv3", "sourcetype": "WinEventLog:Security", "host": "WS-IT-202", "user": "jsmith", "EventCode": "4688", "process_name": "powershell.exe", "CommandLine": "powershell.exe -Command \"Get-Service -Name Spooler\"", "label": "benign", "technique": null},
{"_time": "2026-04-04T14:54:47+00:00", "index": "botsv3", "sourcetype": "WinEventLog:Security", "host": "SRV-WEB-05", "user": "svc_deploy", "EventCode": "4688", "process_name": "powershell.exe", "CommandLine": "powershell.exe -NoProfile -EncodedCommand PHZ7dAUGDc7wJVdPAbjxxoksxLB2Mfwpa8jN3NN+q5x2ePqs6i", "label": "benign", "technique": null},
{"_time": "2026-04-04T15:25:05+00:00", "index": "botsv3", "sourcetype": "WinEventLog:Security", "host": "SRV-DB-02", "user": "svc_deploy", "EventCode": "4688", "process_name": "powershell.exe", "CommandLine": "powershell.exe -NoProfile -EncodedCommand qnmNwZrpP9IphsUEEuexsIMtHkSanIJF8fQmobhl55Th+XhF6Y", "label": "benign", "technique": null},
{"_time": "2026-04-04T15:52:19+00:00", "index": "botsv3", "sourcetype": "WinEventLog:Security", "host": "WS-IT-202", "user": "hd_chen", "EventCode": "4688", "process_name": "powershell.exe", "CommandLine": "powershell.exe Get-EventLog System -Newest 50", "label": "benign", "technique": null},
{"_time": "2026-04-04T16:37:40+00:00", "index": "botsv3", "sourcetype": "WinEventLog:Security", "host": "SRV-WEB-05", "user": "svc_deploy", "EventCode": "4688", "process_name": "powershell.exe", "CommandLine": "powershell.exe -NoProfile -EncodedCommand 2bclxLG9g3a2j9AG3/gu8hJUYi9WMury4iXuhidHJfb/i+XGgpu7c", "label": "benign", "technique": null},
{"_time": "2026-04-04T16:38:50+00:00", "index": "botsv3", "sourcetype": "WinEventLog:Security", "host": "SRV-APP-02", "user": "svc_deploy", "EventCode": "4688", "process_name": "powershell.exe", "CommandLine": "powershell.exe -NoProfile -ExecutionPolicy Bypass -File C:\\Scripts\\inventory_export.ps1", "label": "benign", "technique": null},
{"_time": "2026-04-04T17:09:46+00:00", "index": "botsv3", "sourcetype": "WinEventLog:Security", "host": "SRV-DB-02", "user": "svc_deploy", "EventCode": "4688", "process_name": "powershell.exe", "CommandLine": "powershell.exe -NoProfile -ExecutionPolicy Bypass -File C:\\Scripts\\deploy_sync.ps1", "label": "benign", "technique": null},
{"_time": "2026-04-04T17:40:25+00:00", "index": "botsv3", "sourcetype": "WinEventLog:Security", "host": "WS-FIN-042", "user": "pwong", "EventCode": "4688", "process_name": "chrome.exe", "CommandLine": "\"chrome.exe\" --type=utility --utility-sub-type=network", "label": "benign", "technique": null},
{"_time": "2026-04-04T18:05:05+00:00", "index": "botsv3", "sourcetype": "WinEventLog:Security", "host": "SRV-APP-01", "user": "svc_deploy", "EventCode": "4688", "process_name": "powershell.exe", "CommandLine": "powershell.exe -NoProfile -ExecutionPolicy Bypass -File C:\\Scripts\\patch_audit.ps1", "label": "benign", "technique": null},
{"_time": "2026-04-04T18:05:42+00:00", "index": "botsv3", "sourcetype": "WinEventLog:Security", "host": "SRV-FILE-03", "user": "hd_chen", "EventCode": "4688", "process_name": "chrome.exe", "CommandLine": "\"chrome.exe\" --type=utility --utility-sub-type=network", "label": "benign", "technique": null},
{"_time": "2026-04-04T18:10:38+00:00", "index": "botsv3", "sourcetype": "WinEventLog:Security", "host": "WS-HR-117", "user": "jsmith", "EventCode": "4688", "process_name": "chrome.exe", "CommandLine": "\"chrome.exe\" --type=utility --utility-sub-type=network", "label": "benign", "technique": null},
{"_time": "2026-04-04T18:12:55+00:00", "index": "botsv3", "sourcetype": "WinEventLog:Security", "host": "SRV-APP-02", "user": "svc_deploy", "EventCode": "4688", "process_name": "powershell.exe", "CommandLine": "powershell.exe -NoProfile -ExecutionPolicy Bypass -File C:\\Scripts\\deploy_sync.ps1", "label": "benign", "technique": null},
{"_time": "2026-04-04T18:18:53+00:00", "index": "botsv3", "sourcetype": "WinEventLog:Security", "host": "WS-IT-201", "user": "jsmith", "EventCode": "4688", "process_name": "powershell.exe", "CommandLine": "powershell.exe -File C:\\Tools\\reset_profile.ps1", "label": "benign", "technique": null},
{"_time": "2026-04-04T18:34:38+00:00", "index": "botsv3", "sourcetype": "WinEventLog:Security", "host": "SRV-APP-01", "user": "svc_deploy", "EventCode": "4688", "process_name": "powershell.exe", "CommandLine": "powershell.exe -NoProfile -ExecutionPolicy Bypass -File C:\\Scripts\\patch_audit.ps1", "label": "benign", "technique": null},
{"_time": "2026-04-04T18:38:05+00:00", "index": "botsv3", "sourcetype": "WinEventLog:Security", "host": "WS-HR-117", "user": "mfields", "EventCode": "4688", "process_name": "outlook.exe", "CommandLine": "\"outlook.exe\" /recycle", "label": "benign", "technique": null},
{"_time": "2026-04-04T18:50:53+00:00", "index": "botsv3", "sourcetype": "WinEventLog:Security", "host": "SRV-WEB-05", "user": "svc_deploy", "EventCode": "4688", "process_name": "powershell.exe", "CommandLine": "powershell.exe -NoProfile -ExecutionPolicy Bypass -File C:\\Scripts\\log_rotate.ps1", "label": "benign", "technique": null},
{"_time": "2026-04-04T19:00:51+00:00", "index": "botsv3", "sourcetype": "WinEventLog:Security", "host": "SRV-WEB-05", "user": "svc_deploy", "EventCode": "4688", "process_name": "powershell.exe", "CommandLine": "powershell.exe -NoProfile -ExecutionPolicy Bypass -File C:\\Scripts\\inventory_export.ps1", "label": "benign", "technique": null},
{"_time": "2026-04-04T19:02:32+00:00", "index": "botsv3", "sourcetype": "WinEventLog:Security", "host": "WS-IT-202", "user": "adm_lopez", "EventCode": "4688", "process_name": "powershell.exe", "CommandLine": "powershell.exe -File C:\\Tools\\map_drives.ps1", "label": "benign", "technique": null},
{"_time": "2026-04-04T19:22:13+00:00", "index": "botsv3", "sourcetype": "WinEventLog:Security", "host": "SRV-APP-01", "user": "svc_deploy", "EventCode": "4688", "process_name": "powershell.exe", "CommandLine": "powershell.exe -NoProfile -ExecutionPolicy Bypass -File C:\\Scripts\\cert_renew.ps1", "label": "benign", "technique": null},
{"_time": "2026-04-04T19:28:52+00:00", "index": "botsv3", "sourcetype": "WinEventLog:Security", "host": "SRV-APP-02", "user": "svc_deploy", "EventCode": "4688", "process_name": "powershell.exe", "CommandLine": "powershell.exe -NoProfile -ExecutionPolicy Bypass -File C:\\Scripts\\deploy_sync.ps1", "label": "benign", "technique": null},
{"_time": "2026-04-04T21:00:52+00:00", "index": "botsv3", "sourcetype": "WinEventLog:Security", "host": "SRV-DB-02", "user": "svc_deploy", "EventCode": "4688", "process_name": "powershell.exe", "CommandLine": "powershell.exe -NoProfile -ExecutionPolicy Bypass -File C:\\Scripts\\patch_audit.ps1", "label": "benign", "technique": null},
{"_time": "2026-04-04T21:08:35+00:00", "index": "botsv3", "sourcetype": "WinEventLog:Security", "host": "WS-HR-117", "user": "adm_lopez", "EventCode": "4688", "process_name": "powershell.exe", "CommandLine": "powershell.exe -Command \"Test-NetConnection SRV-FILE-03 -Port 445\"", "label": "benign", "technique": null},
{"_time": "2026-04-04T21:10:11+00:00", "index": "botsv3", "sourcetype": "WinEventLog:Security", "host": "WS-IT-201", "user": "jsmith", "EventCode": "4688", "process_name": "powershell.exe", "CommandLine": "powershell.exe -File C:\\Tools\\map_drives.ps1", "label": "benign", "technique": null},
{"_time": "2026-04-04T21:10:33+00:00", "index": "botsv3", "sourcetype": "WinEventLog:Security", "host": "SRV-APP-02", "user": "svc_deploy", "EventCode": "4688", "process_name": "powershell.exe", "CommandLine": "powershell.exe -NoProfile -ExecutionPolicy Bypass -File C:\\Scripts\\log_rotate.ps1", "label": "benign", "technique": null},
{"_time": "2026-04-04T22:12:04+00:00", "index": "botsv3", "sourcetype": "WinEventLog:Security", "host": "SRV-APP-01", "user": "svc_deploy", "EventCode": "4688", "process_name": "powershell.exe", "CommandLine": "powershell.exe -NoProfile -ExecutionPolicy Bypass -File C:\\Scripts\\cert_renew.ps1", "label": "benign", "technique": null},
{"_time": "2026-04-04T23:00:03+00:00", "index": "botsv3", "sourcetype": "WinEventLog:Security", "host": "WS-HR-117", "user": "hd_chen", "EventCode": "4688", "process_name": "powershell.exe", "CommandLine": "powershell.exe -Command \"Get-Service -Name Spooler\"", "label": "benign", "technique": null},
{"_time": "2026-04-04T23:08:58+00:00", "index": "botsv3", "sourcetype": "WinEventLog:Security", "host": "SRV-APP-02", "user": "svc_deploy", "EventCode": "4688", "process_name": "powershell.exe", "CommandLine": "powershell.exe -NoProfile -ExecutionPolicy Bypass -File C:\\Scripts\\log_rotate.ps1", "label": "benign", "technique": null},
{"_time": "2026-04-04T23:18:10+00:00", "index": "botsv3", "sourcetype": "WinEventLog:Security", "host": "SRV-WEB-05", "user": "svc_deploy", "EventCode": "4688", "process_name": "powershell.exe", "CommandLine": "powershell.exe -NoProfile -EncodedCommand L5YS9wilL1LWwCCVV8NemK4OAKxiaMuDaq57K7ASwH2cz3ZrtULHHYe", "label": "benign", "technique": null},
{"_time": "2026-04-04T23:41:53+00:00", "index": "botsv3", "sourcetype": "WinEventLog:Security", "host": "SRV-DB-02", "user": "svc_deploy", "EventCode": "4688", "process_name": "powershell.exe", "CommandLine": "powershell.exe -NoProfile -ExecutionPolicy Bypass -File C:\\Scripts\\patch_audit.ps1", "label": "benign", "technique": null},
{"_time": "2026-04-04T23:43:36+00:00", "index": "botsv3", "sourcetype": "WinEventLog:Security", "host": "SRV-WEB-05", "user": "svc_deploy", "EventCode": "4688", "process_name": "powershell.exe", "CommandLine": "powershell.exe -NoProfile -EncodedCommand oJLwVfrWQS1esw7WjF5Rf8h9/dEtwYEGuFnXuNOZWBvV4Mi", "label": "benign", "technique": null},
{"_time": "2026-04-04T23:46:28+00:00", "index": "botsv3", "sourcetype": "WinEventLog:Security", "host": "WS-IT-201", "user": "hd_chen", "EventCode": "4688", "process_name": "powershell.exe", "CommandLine": "powershell.exe -File C:\\Tools\\reset_profile.ps1", "label": "benign", "technique": null},
{"_time": "2026-04-05T00:20:36+00:00", "index": "botsv3", "sourcetype": "WinEventLog:Security", "host": "WS-IT-202", "user": "adm_lopez", "EventCode": "4688", "process_name": "powershell.exe", "CommandLine": "powershell.exe Get-EventLog System -Newest 50", "label": "benign", "technique": null},
{"_time": "2026-04-05T00:29:03+00:00", "index": "botsv3", "sourcetype": "WinEventLog:Security", "host": "WS-FIN-042", "user": "adm_lopez", "EventCode": "4688", "process_name": "powershell.exe", "CommandLine": "powershell.exe -Command \"Test-NetConnection SRV-FILE-03 -Port 445\"", "label": "benign", "technique": null},
{"_time": "2026-04-05T00:42:41+00:00", "index": "botsv3", "sourcetype": "WinEventLog:Security", "host": "SRV-DB-02", "user": "svc_deploy", "EventCode": "4688", "process_name": "powershell.exe", "CommandLine": "powershell.exe -NoProfile -EncodedCommand 5ziiTEtpSN5mWfK4m2VC+3chStdjrVAtHDfey3a8AoAwOY66BxaJhqf", "label": "benign", "technique": null},
{"_time": "2026-04-05T00:43:19+00:00", "index": "botsv3", "sourcetype": "WinEventLog:Security", "host": "SRV-APP-02", "user": "svc_deploy", "EventCode": "4688", "process_name": "powershell.exe", "CommandLine": "powershell.exe -NoProfile -ExecutionPolicy Bypass -File C:\\Scripts\\log_rotate.ps1", "label": "benign", "technique": null},
{"_time": "2026-04-05T01:15:40+00:00", "index": "botsv3", "sourcetype": "WinEventLog:Security", "host": "WS-FIN-042", "user": "jsmith", "EventCode": "4688", "process_name": "powershell.exe", "CommandLine": "powershell.exe -File C:\\Tools\\map_drives.ps1", "label": "benign", "technique": null},
{"_time": "2026-04-05T01:22:23+00:00", "index": "botsv3", "sourcetype": "WinEventLog:Security", "host": "WS-HR-117", "user": "jsmith", "EventCode": "4688", "process_name": "powershell.exe", "CommandLine": "powershell.exe -File C:\\Tools\\reset_profile.ps1", "label": "benign", "technique": null},
{"_time": "2026-04-05T02:01:42+00:00", "index": "botsv3", "sourcetype": "WinEventLog:Security", "host": "SRV-DB-02", "user": "svc_deploy", "EventCode": "4688", "process_name": "powershell.exe", "CommandLine": "powershell.exe -NoProfile -ExecutionPolicy Bypass -File C:\\Scripts\\deploy_sync.ps1", "label": "benign", "technique": null},
{"_time": "2026-04-05T02:24:07+00:00", "index": "botsv3", "sourcetype": "WinEventLog:Security", "host": "SRV-APP-02", "user": "svc_deploy", "EventCode": "4688", "process_name": "powershell.exe", "CommandLine": "powershell.exe -NoProfile -ExecutionPolicy Bypass -File C:\\Scripts\\deploy_sync.ps1", "label": "benign", "technique": null},
{"_time": "2026-04-05T02:51:27+00:00", "index": "botsv3", "sourcetype": "WinEventLog:Security", "host": "SRV-WEB-05", "user": "svc_deploy", "EventCode": "4688", "process_name": "powershell.exe", "CommandLine": "powershell.exe -NoProfile -ExecutionPolicy Bypass -File C:\\Scripts\\log_rotate.ps1", "label": "benign", "technique": null},
{"_time": "2026-04-05T02:52:35+00:00", "index": "botsv3", "sourcetype": "WinEventLog:Security", "host": "SRV-APP-01", "user": "svc_deploy", "EventCode": "4688", "process_name": "powershell.exe", "CommandLine": "powershell.exe -NoProfile -ExecutionPolicy Bypass -File C:\\Scripts\\inventory_export.ps1", "label": "benign", "technique": null},
{"_time": "2026-04-05T02:53:57+00:00", "index": "botsv3", "sourcetype": "WinEventLog:Security", "host": "SRV-APP-01", "user": "svc_deploy", "EventCode": "4688", "process_name": "powershell.exe", "CommandLine": "powershell.exe -NoProfile -ExecutionPolicy Bypass -File C:\\Scripts\\log_rotate.ps1", "label": "benign", "technique": null},
{"_time": "2026-04-05T03:25:24+00:00", "index": "botsv3", "sourcetype": "WinEventLog:Security", "host": "WS-FIN-042", "user": "adm_lopez", "EventCode": "4688", "process_name": "powershell.exe", "CommandLine": "powershell.exe -Command \"Get-Process | Sort-Object CPU -Descending\"", "label": "benign", "technique": null},
{"_time": "2026-04-05T04:07:20+00:00", "index": "botsv3", "sourcetype": "WinEventLog:Security", "host": "SRV-APP-02", "user": "svc_deploy", "EventCode": "4688", "process_name": "powershell.exe", "CommandLine": "powershell.exe -NoProfile -EncodedCommand COS6KRzpNjnQkVcciTqpENO7ppPplW9B9ZvZVsL4BDwH", "label": "benign", "technique": null},
{"_time": "2026-04-05T04:09:03+00:00", "index": "botsv3", "sourcetype": "WinEventLog:Security", "host": "SRV-DB-02", "user": "svc_deploy", "EventCode": "4688", "process_name": "powershell.exe", "CommandLine": "powershell.exe -NoProfile -EncodedCommand 0gAA2dgSRtveSCt2b//70WowcNXCUxO7tyUYN7FSQavONPfr", "label": "benign", "technique": null},
{"_time": "2026-04-05T04:58:48+00:00", "index": "botsv3", "sourcetype": "WinEventLog:Security", "host": "SRV-DB-02", "user": "svc_deploy", "EventCode": "4688", "process_name": "powershell.exe", "CommandLine": "powershell.exe -NoProfile -ExecutionPolicy Bypass -File C:\\Scripts\\patch_audit.ps1", "label": "benign", "technique": null},
{"_time": "2026-04-05T05:03:52+00:00", "index": "botsv3", "sourcetype": "WinEventLog:Security", "host": "SRV-WEB-05", "user": "svc_deploy", "EventCode": "4688", "process_name": "powershell.exe", "CommandLine": "powershell.exe -NoProfile -ExecutionPolicy Bypass -File C:\\Scripts\\patch_audit.ps1", "label": "benign", "technique": null},
{"_time": "2026-04-05T05:16:22+00:00", "index": "botsv3", "sourcetype": "WinEventLog:Security", "host": "SRV-DB-02", "user": "svc_deploy", "EventCode": "4688", "process_name": "powershell.exe", "CommandLine": "powershell.exe -NoProfile -EncodedCommand ECW4vdbBT2fYUnCouCsAnMkBo8PDePp9Bd9I4mXmMJ/TZVv9U5qWWoSz", "label": "benign", "technique": null},
{"_time": "2026-04-05T05:41:46+00:00", "index": "botsv3", "sourcetype": "WinEventLog:Security", "host": "WS-HR-117", "user": "jsmith", "EventCode": "4688", "process_name": "powershell.exe", "CommandLine": "powershell.exe -File C:\\Tools\\reset_profile.ps1", "label": "benign", "technique": null},
{"_time": "2026-04-05T06:08:10+00:00", "index": "botsv3", "sourcetype": "WinEventLog:Security", "host": "WS-IT-201", "user": "jsmith", "EventCode": "4688", "process_name": "outlook.exe", "CommandLine": "\"outlook.exe\" /recycle", "label": "benign", "technique": null},
{"_time": "2026-04-05T06:30:52+00:00", "index": "botsv3", "sourcetype": "WinEventLog:Security", "host": "SRV-WEB-05", "user": "svc_deploy", "EventCode": "4688", "process_name": "powershell.exe", "CommandLine": "powershell.exe -NoProfile -ExecutionPolicy Bypass -File C:\\Scripts\\log_rotate.ps1", "label": "benign", "technique": null},
{"_time": "2026-04-05T06:57:57+00:00", "index": "botsv3", "sourcetype": "WinEventLog:Security", "host": "SRV-APP-01", "user": "svc_deploy", "EventCode": "4688", "process_name": "powershell.exe", "CommandLine": "powershell.exe -NoProfile -EncodedCommand 3RTp/6DzD8wuf3B7staemUNHQ/oB+SI8NxJgc597SILRRND80fOYdv+Et", "label": "benign", "technique": null},
{"_time": "2026-04-05T07:19:18+00:00", "index": "botsv3", "sourcetype": "WinEventLog:Security", "host": "SRV-DB-02", "user": "svc_deploy", "EventCode": "4688", "process_name": "powershell.exe", "CommandLine": "powershell.exe -NoProfile -ExecutionPolicy Bypass -File C:\\Scripts\\inventory_export.ps1", "label": "benign", "technique": null},
{"_time": "2026-04-05T07:39:52+00:00", "index": "botsv3", "sourcetype": "WinEventLog:Security", "host": "WS-IT-201", "user": "jsmith", "EventCode": "4688", "process_name": "cmd.exe", "CommandLine": "cmd.exe /c \"nltest /dsgetdc:corp.local\"", "label": "benign", "technique": null},
{"_time": "2026-04-05T07:43:55+00:00", "index": "botsv3", "sourcetype": "WinEventLog:Security", "host": "SRV-DB-02", "user": "svc_deploy", "EventCode": "4688", "process_name": "powershell.exe", "CommandLine": "powershell.exe -NoProfile -ExecutionPolicy Bypass -File C:\\Scripts\\deploy_sync.ps1", "label": "benign", "technique": null},
{"_time": "2026-04-05T08:04:25+00:00", "index": "botsv3", "sourcetype": "WinEventLog:Security", "host": "SRV-DB-02", "user": "svc_deploy", "EventCode": "4688", "process_name": "powershell.exe", "CommandLine": "powershell.exe -NoProfile -EncodedCommand istolhGquJu9Yvdn1jgWCZoHnp4ti8G5zye3DstsSdecn8t", "label": "benign", "technique": null},
{"_time": "2026-04-05T08:29:28+00:00", "index": "botsv3", "sourcetype": "WinEventLog:Security", "host": "WS-IT-202", "user": "hd_chen", "EventCode": "4688", "process_name": "chrome.exe", "CommandLine": "\"chrome.exe\" --type=renderer --lang=en-US", "label": "benign", "technique": null},
{"_time": "2026-04-05T08:41:44+00:00", "index": "botsv3", "sourcetype": "WinEventLog:Security", "host": "WS-HR-117", "user": "hd_chen", "EventCode": "4688", "process_name": "cmd.exe", "CommandLine": "cmd.exe /c \"ipconfig /all\"", "label": "benign", "technique": null},
{"_time": "2026-04-05T08:45:24+00:00", "index": "botsv3", "sourcetype": "WinEventLog:Security", "host": "SRV-APP-01", "user": "svc_deploy", "EventCode": "4688", "process_name": "powershell.exe", "CommandLine": "powershell.exe -NoProfile -EncodedCommand w5N1oCNB43h/8uuPkpZMII4ebtEut0q8ogRYw0HMO3WN5Lv3qYz4d2h", "label": "benign", "technique": null},
{"_time": "2026-04-05T08:48:45+00:00", "index": "botsv3", "sourcetype": "WinEventLog:Security", "host": "SRV-APP-01", "user": "svc_deploy", "EventCode": "4688", "process_name": "powershell.exe", "CommandLine": "powershell.exe -NoProfile -ExecutionPolicy Bypass -File C:\\Scripts\\inventory_export.ps1", "label": "benign", "technique": null},
{"_time": "2026-04-05T08:55:43+00:00", "index": "botsv3", "sourcetype": "WinEventLog:Security", "host": "WS-HR-117", "user": "hd_chen", "EventCode": "4688", "process_name": "outlook.exe", "CommandLine": "\"outlook.exe\" /recycle", "label": "benign", "technique": null},
{"_time": "2026-04-05T09:40:01+00:00", "index": "botsv3", "sourcetype": "WinEventLog:Security", "host": "SRV-DB-02", "user": "svc_deploy", "EventCode": "4688", "process_name": "powershell.exe", "CommandLine": "powershell.exe -NoProfile -ExecutionPolicy Bypass -File C:\\Scripts\\inventory_export.ps1", "label": "benign", "technique": null},
{"_time": "2026-04-05T09:44:20+00:00", "index": "botsv3", "sourcetype": "WinEventLog:Security", "host": "WS-HR-117", "user": "hd_chen", "EventCode": "4688", "process_name": "chrome.exe", "CommandLine": "\"chrome.exe\" --type=renderer --lang=en-US", "label": "benign", "technique": null},
{"_time": "2026-04-05T09:47:10+00:00", "index": "botsv3", "sourcetype": "WinEventLog:Security", "host": "WS-IT-201", "user": "hd_chen", "EventCode": "4688", "process_name": "powershell.exe", "CommandLine": "powershell.exe Get-EventLog System -Newest 50", "label": "benign", "technique": null},
{"_time": "2026-04-05T10:03:06+00:00", "index": "botsv3", "sourcetype": "WinEventLog:Security", "host": "SRV-DB-02", "user": "svc_deploy", "EventCode": "4688", "process_name": "powershell.exe", "CommandLine": "powershell.exe -NoProfile -ExecutionPolicy Bypass -File C:\\Scripts\\deploy_sync.ps1", "label": "benign", "technique": null},
{"_time": "2026-04-05T11:27:54+00:00", "index": "botsv3", "sourcetype": "WinEventLog:Security", "host": "SRV-WEB-05", "user": "svc_deploy", "EventCode": "4688", "process_name": "powershell.exe", "CommandLine": "powershell.exe -NoProfile -ExecutionPolicy Bypass -File C:\\Scripts\\deploy_sync.ps1", "label": "benign", "technique": null},
{"_time": "2026-04-05T11:51:12+00:00", "index": "botsv3", "sourcetype": "WinEventLog:Security", "host": "SRV-DB-02", "user": "svc_deploy", "EventCode": "4688", "process_name": "powershell.exe", "CommandLine": "powershell.exe -NoProfile -EncodedCommand dHXJvyrIxVTFU/1LBF/ID1b3yk2mCVL3Nk41DT2tw", "label": "benign", "technique": null},
{"_time": "2026-04-05T12:13:57+00:00", "index": "botsv3", "sourcetype": "WinEventLog:Security", "host": "SRV-APP-02", "user": "svc_deploy", "EventCode": "4688", "process_name": "powershell.exe", "CommandLine": "powershell.exe -NoProfile -EncodedCommand +B/3gGze0+oOdoZD6w7twR7AuHyVnCtY2sG5nRS+O8QEmOKqw0lv/", "label": "benign", "technique": null},
{"_time": "2026-04-05T12:27:05+00:00", "index": "botsv3", "sourcetype": "WinEventLog:Security", "host": "SRV-APP-01", "user": "svc_deploy", "EventCode": "4688", "process_name": "powershell.exe", "CommandLine": "powershell.exe -NoProfile -EncodedCommand 98OhlMrk9OXCNE8pTiwjXDX5iJo/yPH+D+u9iq+U01rz", "label": "benign", "technique": null},
{"_time": "2026-04-05T12:27:40+00:00", "index": "botsv3", "sourcetype": "WinEventLog:Security", "host": "SRV-APP-02", "user": "svc_deploy", "EventCode": "4688", "process_name": "powershell.exe", "CommandLine": "powershell.exe -NoProfile -EncodedCommand P2hyzwLrLgPQa6LyezQr5RAmIy6YuF06U3A3u0xfhEtCFQ18YmHfuDP", "label": "benign", "technique": null},
{"_time": "2026-04-05T12:50:38+00:00", "index": "botsv3", "sourcetype": "WinEventLog:Security", "host": "WS-IT-201", "user": "jsmith", "EventCode": "4688", "process_name": "powershell.exe", "CommandLine": "powershell.exe -File C:\\Tools\\map_drives.ps1", "label": "benign", "technique": null},
{"_time": "2026-04-05T13:05:56+00:00", "index": "botsv3", "sourcetype": "WinEventLog:Security", "host": "WS-FIN-042", "user": "jsmith", "EventCode": "4688", "process_name": "powershell.exe", "CommandLine": "powershell.exe -Command \"Test-NetConnection SRV-FILE-03 -Port 445\"", "label": "benign", "technique": null},
{"_time": "2026-04-05T13:10:28+00:00", "index": "botsv3", "sourcetype": "WinEventLog:Security", "host": "SRV-APP-02", "user": "svc_deploy", "EventCode": "4688", "process_name": "powershell.exe", "CommandLine": "powershell.exe -NoProfile -EncodedCommand 138iMBWSlL4TiYcmzX8lkHi+QTxZ5gNFDZdtn8jpJkb3", "label": "benign", "technique": null},
{"_time": "2026-04-05T13:20:08+00:00", "index": "botsv3", "sourcetype": "WinEventLog:Security", "host": "SRV-WEB-05", "user": "svc_deploy", "EventCode": "4688", "process_name": "powershell.exe", "CommandLine": "powershell.exe -NoProfile -ExecutionPolicy Bypass -File C:\\Scripts\\log_rotate.ps1", "label": "benign", "technique": null},
