{"_time": "2026-04-25T03:28:16+00:00", "index": "botsv3", "sourcetype": "WinEventLog:Security", "host": "WS-IT-201", "user": "jsmith", "EventCode": "4688", "process_name": "powershell.exe", "CommandLine": "powershell.exe -Command \"Get-Service -Name Spooler\"", "label": "benign", "technique": null},
{"_time": "2026-04-25T03:57:13+00:00", "index": "botsv3", "sourcetype": "WinEventLog:Security", "host": "SRV-DB-02", "user": "svc_deploy", "EventCode": "4688", "process_name": "powershell.exe", "CommandLine": "powershell.exe -NoProfile -ExecutionPolicy Bypass -File C:\\Scripts\\deploy_sync.ps1", "label": "benign", "technique": null},
{"_time": "2026-04-25T04:06:31+00:00", "index": "botsv3", "sourcetype": "WinEventLog:Security", "host": "SRV-FILE-03", "user": "jsmith", "EventCode": "4688", "process_name": "outlook.exe", "CommandLine": "\"outlook.exe\" /recycle", "label": "benign", "technique": null},
{"_time": "2026-04-25T04:12:32+00:00", "index": "botsv3", "sourcetype": "WinEventLog:Security", "host": "SRV-DB-02", "user": "svc_deploy", "EventCode": "4688", "process_name": "powershell.exe", "CommandLine": "powershell.exe -NoProfile -ExecutionPolicy Bypass -File C:\\Scripts\\patch_audit.ps1", "label": "benign", "technique": null},
{"_time": "2026-04-25T04:12:54+00:00", "index": "botsv3", "sourcetype": "WinEventLog:Security", "host": "SRV-APP-01", "user": "svc_deploy", "EventCode": "4688", "process_name": "powershell.exe", "CommandLine": "powershell.exe -NoProfile -ExecutionPolicy Bypass -File C:\\Scripts\\deploy_sync.ps1", "label": "benign", "technique": null},
{"_time": "2026-04-25T04:25:38+00:00", "index": "botsv3", "sourcetype": "WinEventLog:Security", "host": "SRV-WEB-05", "user": "svc_deploy", "EventCode": "4688", "process_name": "powershell.exe", "CommandLine": "powershell.exe -NoProfile -ExecutionPolicy Bypass -File C:\\Scripts\\patch_audit.ps1", "label": "benign", "technique": null},
{"_time": "2026-04-25T04:31:03+00:00", "index": "botsv3", "sourcetype": "WinEventLog:Security", "host": "WS-FIN-042", "user": "adm_lopez", "EventCode": "4688", "process_name": "powershell.exe", "CommandLine": "powershell.exe -File C:\\Tools\\map_drives.ps1", "label": "benign", "technique": null},
{"_time": "2026-04-25T05:02:44+00:00", "index": "botsv3", "sourcetype": "WinEventLog:Security", "host": "SRV-APP-02", "user": "svc_deploy", "EventCode": "4688", "process_name": "powershell.exe", "CommandLine": "powershell.exe -NoProfile -ExecutionPolicy Bypass -File C:\\Scripts\\log_rotate.ps1", "label": "benign", "technique": null},
{"_time": "2026-04-25T05:53:41+00:00", "index": "botsv3", "sourcetype": "WinEventLog:Security", "host": "WS-IT-202", "user": "akumar", "EventCode": "4688", "process_name": "outlook.exe", "CommandLine": "\"outlook.exe\" /recycle", "label": "benign", "technique": null},
{"_time": "2026-04-25T05:53:49+00:00", "index": "botsv3", "sourcetype": "WinEventLog:Security", "host": "SRV-DB-02", "user": "svc_deploy", "EventCode": "4688", "process_name": "powershell.exe", "CommandLine": "powershell.exe -NoProfile -EncodedCommand eqHQHisUZ6VykCEQfE/7Dtv0sttAGyi1muPOv7A4dt1dUA/MOMkInhySIOi", "label": "benign", "technique": null},
{"_time": "2026-04-25T05:55:54+00:00", "index": "botsv3", "sourcetype": "WinEventLog:Security", "host": "SRV-FILE-03", "user": "pwong", "EventCode": "4688", "process_name": "cmd.exe", "CommandLine": "cmd.exe /c \"nltest /dsgetdc:corp.local\"", "label": "benign", "technique": null},
{"_time": "2026-04-25T06:11:01+00:00", "index": "botsv3", "sourcetype": "WinEventLog:Security", "host": "SRV-DB-02", "user": "svc_deploy", "EventCode": "4688", "process_name": "powershell.exe", "CommandLine": "powershell.exe -NoProfile -ExecutionPolicy Bypass -File C:\\Scripts\\log_rotate.ps1", "label": "benign", "technique": null},
{"_time": "2026-04-25T06:17:16+00:00", "index": "botsv3", "sourcetype": "WinEventLog:Security", "host": "SRV-DB-02", "user": "svc_deploy", "EventCode": "4688", "process_name": "powershell.exe", "CommandLine": "powershell.exe -NoProfile -EncodedCommand qW6mDRdVT0ygaT9tSBgC7glA8scSpsrPR7hUmRO45XrP5hOgybK6jEq", "label": "benign", "technique": null},
{"_time": "2026-04-25T06:19:57+00:00", "index": "botsv3", "sourcetype": "WinEventLog:Security", "host": "WS-HR-117", "user": "hd_chen", "EventCode": "4688", "process_name": "powershell.exe", "CommandLine": "powershell.exe -Command \"Get-Process | Sort-Object CPU -Descending\"", "label": "benign", "technique": null},
{"_time": "2026-04-25T06:56:17+00:00", "index": "botsv3", "sourcetype": "WinEventLog:Security", "host": "SRV-DB-02", "user": "svc_deploy", "EventCode": "4688", "process_name": "powershell.exe", "CommandLine": "powershell.exe -NoProfile -ExecutionPolicy Bypass -File C:\\Scripts\\log_rotate.ps1", "label": "benign", "technique": null},
{"_time": "2026-04-25T07:04:29+00:00", "index": "botsv3", "sourcetype": "WinEventLog:Security", "host": "WS-IT-201", "user": "adm_lopez", "EventCode": "4688", "process_name": "powershell.exe", "CommandLine": "powershell.exe -ExecutionPolicy Bypass -EncodedCommand y2emDbkMWztS0LzTGffKlN/+eJYiO20apDG8rLFBT7WXX9u10soC", "label": "benign", "technique": null},
{"_time": "2026-04-25T07:09:23+00:00", "index": "botsv3", "sourcetype": "WinEventLog:Security", "host": "SRV-WEB-05", "user": "svc_deploy", "EventCode": "4688", "process_name": "powershell.exe", "CommandLine": "powershell.exe -NoProfile -ExecutionPolicy Bypass -File C:\\Scripts\\patch_audit.ps1", "label": "benign", "technique": null},
{"_time": "2026-04-25T07:55:28+00:00", "index": "botsv3", "sourcetype": "WinEventLog:Security", "host": "SRV-DB-02", "user": "svc_deploy", "EventCode": "4688", "process_name": "powershell.exe", "CommandLine": "powershell.exe -NoProfile -EncodedCommand ux+MVtw+lviohnX9/tgzdP2Jw9eP8J083g+dDRZX6y0", "label": "benign", "technique": null},
{"_time": "2026-04-25T08:16:36+00:00", "index": "botsv3", "sourcetype": "WinEventLog:Security", "host": "SRV-DB-02", "user": "svc_deploy", "EventCode": "4688", "process_name": "powershell.exe", "CommandLine": "powershell.exe -NoProfile -ExecutionPolicy Bypass -File C:\\Scripts\\log_rotate.ps1", "label": "benign", "technique": null},
{"_time": "2026-04-25T08:38:53+00:00", "index": "botsv3", "sourcetype": "WinEventLog:Security", "host": "WS-HR-117", "user": "adm_lopez", "EventCode": "4688", "process_name": "powershell.exe", "CommandLine": "powershell.exe -Command \"Get-Process | Sort-Object CPU -Descending\"", "label": "benign", "technique": null},
{"_time": "2026-04-25T09:05:35+00:00", "index": "botsv3", "sourcetype": "WinEventLog:Security", "host": "SRV-APP-02", "user": "svc_deploy", "EventCode": "4688", "process_name": "powershell.exe", "CommandLine": "powershell.exe -NoProfile -ExecutionPolicy Bypass -File C:\\Scripts\\cert_renew.ps1", "label": "benign", "technique": null},
{"_time": "2026-04-25T09:26:04+00:00", "index": "botsv3", "sourcetype": "WinEventLog:Security", "host": "WS-HR-117", "user": "adm_lopez", "EventCode": "4688", "process_name": "powershell.exe", "CommandLine": "powershell.exe -Command \"Test-NetConnection SRV-FILE-03 -Port 445\"", "label": "benign", "technique": null},
{"_time": "2026-04-25T09:26:51+00:00", "index": "botsv3", "sourcetype": "WinEventLog:Security", "host": "SRV-APP-01", "user": "svc_deploy", "EventCode": "4688", "process_name": "powershell.exe", "CommandLine": "powershell.exe -NoProfile -ExecutionPolicy Bypass -File C:\\Scripts\\log_rotate.ps1", "label": "benign", "technique": null},
{"_time": "2026-04-25T09:31:31+00:00", "index": "botsv3", "sourcetype": "WinEventLog:Security", "host": "SRV-FILE-03", "user": "pwong", "EventCode": "4688", "process_name": "chrome.exe", "CommandLine": "\"chrome.exe\" --type=utility --utility-sub-type=network", "label": "benign", "technique": null},
{"_time": "2026-04-25T10:11:22+00:00", "index": "botsv3", "sourcetype": "WinEventLog:Security", "host": "SRV-APP-01", "user": "svc_deploy", "EventCode": "4688", "process_name": "powershell.exe", "CommandLine": "powershell.exe -NoProfile -EncodedCommand CBt62sQ7ZfjN/ZHODo9Ktrz9mXJ0pcd7aaAZFnoUZY4jn486pakXgR", "label": "benign", "technique": null},
{"_time": "2026-04-25T10:12:37+00:00", "index": "botsv3", "sourcetype": "WinEventLog:Security", "host": "SRV-DB-02", "user": "svc_deploy", "EventCode": "4688", "process_name": "powershell.exe", "CommandLine": "powershell.exe -NoProfile -ExecutionPolicy Bypass -File C:\\Scripts\\log_rotate.ps1", "label": "benign", "technique": null},
{"_time": "2026-04-25T11:13:34+00:00", "index": "botsv3", "sourcetype": "WinEventLog:Security", "host": "SRV-APP-01", "user": "svc_deploy", "EventCode": "4688", "process_name": "powershell.exe", "CommandLine": "powershell.exe -NoProfile -ExecutionPolicy Bypass -File C:\\Scripts\\inventory_export.ps1", "label": "benign", "technique": null},
{"_time": "2026-04-25T11:30:40+00:00", "index": "botsv3", "sourcetype": "WinEventLog:Security", "host": "SRV-APP-02", "user": "svc_deploy", "EventCode": "4688", "process_name": "powershell.exe", "CommandLine": "powershell.exe -NoProfile -ExecutionPolicy Bypass -File C:\\Scripts\\deploy_sync.ps1", "label": "benign", "technique": null},
{"_time": "2026-04-25T11:45:41+00:00", "index": "botsv3", "sourcetype": "WinEventLog:Security", "host": "SRV-APP-02", "user": "svc_deploy", "EventCode": "4688", "process_name": "powershell.exe", "CommandLine": "powershell.exe -NoProfile -ExecutionPolicy Bypass -File C:\\Scripts\\log_rotate.ps1", "label": "benign", "technique": null},
{"_time": "2026-04-25T12:09:39+00:00", "index": "botsv3", "sourcetype": "WinEventLog:Security", "host": "SRV-APP-01", "user": "svc_deploy", "EventCode": "4688", "process_name": "powershell.exe", "CommandLine": "powershell.exe -NoProfile -ExecutionPolicy Bypass -File C:\\Scripts\\inventory_export.ps1", "label": "benign", "technique": null},
{"_time": "2026-04-25T12:27:59+00:00", "index": "botsv3", "sourcetype": "WinEventLog:Security", "host": "SRV-APP-02", "user": "svc_deploy", "EventCode": "4688", "process_name": "powershell.exe", "CommandLine": "powershell.exe -NoProfile -EncodedCommand UPS2uTNeXosYQggDeA1KD79FmIol+esmugJxEO8RYduedUv0uFnDEOB", "label": "benign", "technique": null},
{"_time": "2026-04-25T12:42:48+00:00", "index": "botsv3", "sourcetype": "WinEventLog:Security", "host": "WS-IT-201", "user": "hd_chen", "EventCode": "4688", "process_name": "powershell.exe", "CommandLine": "powershell.exe -File C:\\Tools\\reset_profile.ps1", "label": "benign", "technique": null},
{"_time": "2026-04-25T13:00:24+00:00", "index": "botsv3", "sourcetype": "WinEventLog:Security", "host": "SRV-APP-02", "user": "svc_deploy", "EventCode": "4688", "process_name": "powershell.exe", "CommandLine": "powershell.exe -NoProfile -EncodedCommand o4jBxjR9X64ogsfLz2UPxoyRHgiq/iOzYA76RC2V2unix/eM", "label": "benign", "technique": null},
{"_time": "2026-04-25T13:57:13+00:00", "index": "botsv3", "sourcetype": "WinEventLog:Security", "host": "SRV-DB-02", "user": "svc_deploy", "EventCode": "4688", "process_name": "powershell.exe", "CommandLine": "powershell.exe -NoProfile -ExecutionPolicy Bypass -File C:\\Scripts\\log_rotate.ps1", "label": "benign", "technique": null},
{"_time": "2026-04-25T14:38:54+00:00", "index": "botsv3", "sourcetype": "WinEventLog:Security", "host": "SRV-APP-01", "user": "svc_deploy", "EventCode": "4688", "process_name": "powershell.exe", "CommandLine": "powershell.exe -NoProfile -ExecutionPolicy Bypass -File C:\\Scripts\\inventory_export.ps1", "label": "benign", "technique": null},
{"_time": "2026-04-25T14:42:56+00:00", "index": "botsv3", "sourcetype": "WinEventLog:Security", "host": "SRV-FILE-03", "user": "mfields", "EventCode": "4688", "process_name": "chrome.exe", "CommandLine": "\"chrome.exe\" --type=utility --utility-sub-type=network", "label": "benign", "technique": null},
{"_time": "2026-04-25T15:27:00+00:00", "index": "botsv3", "sourcetype": "WinEventLog:Security", "host": "SRV-FILE-03", "user": "pwong", "EventCode": "4688", "process_name": "outlook.exe", "CommandLine": "\"outlook.exe\" /recycle", "label": "benign", "technique": null},
{"_time": "2026-04-25T15:35:54+00:00", "index": "botsv3", "sourcetype": "WinEventLog:Security", "host": "SRV-WEB-05", "user": "svc_deploy", "EventCode": "4688", "process_name": "powershell.exe", "CommandLine": "powershell.exe -NoProfile -ExecutionPolicy Bypass -File C:\\Scripts\\cert_renew.ps1", "label": "benign", "technique": null},
{"_time": "2026-04-25T15:38:37+00:00", "index": "botsv3", "sourcetype": "WinEventLog:Security", "host": "WS-HR-117", "user": "hd_chen", "EventCode": "4688", "process_name": "chrome.exe", "CommandLine": "\"chrome.exe\" --type=utility --utility-sub-type=network", "label": "benign", "technique": null},
{"_time": "2026-04-25T16:00:04+00:00", "index": "botsv3", "sourcetype": "WinEventLog:Security", "host": "SRV-DB-02", "user": "svc_deploy", "EventCode": "4688", "process_name": "powershell.exe", "CommandLine": "powershell.exe -NoProfile -EncodedCommand Ryd5TacfNDZOUY6GhPm2/24AuCn00nIp4+cAO4HWAR1VJWRGZz7Y", "label": "benign", "technique": null},
{"_time": "2026-04-25T16:10:18+00:00", "index": "botsv3", "sourcetype": "WinEventLog:Security", "host": "SRV-APP-02", "user": "svc_deploy", "EventCode": "4688", "process_name": "powershell.exe", "CommandLine": "powershell.exe -NoProfile -ExecutionPolicy Bypass -File C:\\Scripts\\patch_audit.ps1", "label": "benign", "technique": null},
{"_time": "2026-04-25T16:14:28+00:00", "index": "botsv3", "sourcetype": "WinEventLog:Security", "host": "WS-IT-201", "user": "adm_lopez", "EventCode": "4688", "process_name": "powershell.exe", "CommandLine": "powershell.exe -Command \"Test-NetConnection SRV-FILE-03 -Port 445\"", "label": "benign", "technique": null},
{"_time": "2026-04-25T16:21:25+00:00", "index": "botsv3", "sourcetype": "WinEventLog:Security", "host": "SRV-WEB-05", "user": "svc_deploy", "EventCode": "4688", "process_name": "powershell.exe", "CommandLine": "powershell.exe -NoProfile -EncodedCommand cEsGFj6SNG9IvntQg1ihNG1z10YXG92SSRXZEpTLjj", "label": "benign", "technique": null},
{"_time": "2026-04-25T16:25:12+00:00", "index": "botsv3", "sourcetype": "WinEventLog:Security", "host": "SRV-DB-02", "user": "svc_deploy", "EventCode": "4688", "process_name": "powershell.exe", "CommandLine": "powershell.exe -NoProfile -EncodedCommand l3zVhKSqRqZlfjIG7jWSofljMxfgOmBwgBb2N+DI9pAKpcaNgpjNJuf1k", "label": "benign", "technique": null},
{"_time": "2026-04-25T16:38:52+00:00", "index": "botsv3", "sourcetype": "WinEventLog:Security", "host": "WS-FIN-042", "user": "jsmith", "EventCode": "4688", "process_name": "powershell.exe", "CommandLine": "powershell.exe -Command \"Get-Process | Sort-Object CPU -Descending\"", "label": "benign", "technique": null},
{"_time": "2026-04-25T16:41:39+00:00", "index": "botsv3", "sourcetype": "WinEventLog:Security", "host": "SRV-DB-02", "user": "svc_deploy", "EventCode": "4688", "process_name": "powershell.exe", "CommandLine": "powershell.exe -NoProfile -ExecutionPolicy Bypass -File C:\\Scripts\\inventory_export.ps1", "label": "benign", "technique": null},
{"_time": "2026-04-25T16:43:02+00:00", "index": "botsv3", "sourcetype": "WinEventLog:Security", "host": "SRV-APP-01", "user": "svc_deploy", "EventCode": "4688", "process_name": "powershell.exe", "CommandLine": "powershell.exe -NoProfile -ExecutionPolicy Bypass -File C:\\Scripts\\patch_audit.ps1", "label": "benign", "technique": null},
{"_time": "2026-04-25T16:48:01+00:00", "index": "botsv3", "sourcetype": "WinEventLog:Security", "host": "WS-FIN-042", "user": "adm_lopez", "EventCode": "4688", "process_name": "powershell.exe", "CommandLine": "powershell.exe -File C:\\Tools\\reset_profile.ps1", "label": "benign", "technique": null},
{"_time": "2026-04-25T17:10:06+00:00", "index": "botsv3", "sourcetype": "WinEventLog:Security", "host": "SRV-APP-02", "user": "svc_deploy", "EventCode": "4688", "process_name": "powershell.exe", "CommandLine": "powershell.exe -NoProfile -ExecutionPolicy Bypass -File C:\\Scripts\\cert_renew.ps1", "label": "benign", "technique": null},
{"_time": "2026-04-25T17:15:01+00:00", "index": "botsv3", "sourcetype": "WinEventLog:Security", "host": "SRV-WEB-05", "user": "svc_deploy", "EventCode": "4688", "process_name": "powershell.exe", "CommandLine": "powershell.exe -NoProfile -EncodedCommand v0I8Zl95xOAKjKm03h8dHRcyf1alsaJ6tGHkxIIXugxnESgmfP6", "label": "benign", "technique": null},
{"_time": "2026-04-25T17:19:58+00:00", "index": "botsv3", "sourcetype": "WinEventLog:Security", "host": "SRV-APP-01", "user": "svc_deploy", "EventCode": "4688", "process_name": "powershell.exe", "CommandLine": "powershell.exe -NoProfile -EncodedCommand MA88x3ftcsYXeGs/kTUxWy97B5nsq1zltfT1C/W+4hhtsPE", "label": "benign", "technique": null},
{"_time": "2026-04-25T17:34:37+00:00", "index": "botsv3", "sourcetype": "WinEventLog:Security", "host": "SRV-APP-01", "user": "svc_deploy", "EventCode": "4688", "process_name": "powershell.exe", "CommandLine": "powershell.exe -NoProfile -ExecutionPolicy Bypass -File C:\\Scripts\\log_rotate.ps1", "label": "benign", "technique": null},
{"_time": "2026-04-25T17:41:41+00:00", "index": "botsv3", "sourcetype": "WinEventLog:Security", "host": "SRV-APP-01", "user": "svc_deploy", "EventCode": "4688", "process_name": "powershell.exe", "CommandLine": "powershell.exe -NoProfile -ExecutionPolicy Bypass -File C:\\Scripts\\log_rotate.ps1", "label": "benign", "technique": null},
{"_time": "2026-04-25T18:18:46+00:00", "index": "botsv3", "sourcetype": "WinEventLog:Security", "host": "SRV-WEB-05", "user": "svc_deploy", "EventCode": "4688", "process_name": "powershell.exe", "CommandLine": "powershell.exe -NoProfile -ExecutionPolicy Bypass -File C:\\Scripts\\log_rotate.ps1", "label": "benign", "technique": null},
{"_time": "2026-04-25T18:49:20+00:00", "index": "botsv3", "sourcetype": "WinEventLog:Security", "host": "SRV-DB-02", "user": "svc_deploy", "EventCode": "4688", "process_name": "powershell.exe", "CommandLine": "powershell.exe -NoProfile -ExecutionPolicy Bypass -File C:\\Scripts\\deploy_sync.ps1", "label": "benign", "technique": null},
{"_time": "2026-04-25T19:04:49+00:00", "index": "botsv3", "sourcetype": "WinEventLog:Security", "host": "WS-IT-201", "user": "adm_lopez", "EventCode": "4688", "process_name": "powershell.exe", "CommandLine": "powershell.exe -File C:\\Tools\\reset_profile.ps1", "label": "benign", "technique": null},
{"_time": "2026-04-25T19:11:45+00:00", "index": "botsv3", "sourcetype": "WinEventLog:Security", "host": "SRV-DB-02", "user": "svc_deploy", "EventCode": "4688", "process_name": "powershell.exe", "CommandLine": "powershell.exe -NoProfile -EncodedCommand bzkbQZ+oD+B4bpoxlmVV9NdEoUYFyFEEsNcBQ0fWcvuqRWmMd8UMp/a", "label": "benign", "technique": null},
{"_time": "2026-04-25T19:17:13+00:00", "index": "botsv3", "sourcetype": "WinEventLog:Security", "host": "WS-IT-201", "user": "pwong", "EventCode": "4688", "process_name": "cmd.exe", "CommandLine": "cmd.exe /c \"nltest /dsgetdc:corp.local\"", "label": "benign", "technique": null},
{"_time": "2026-04-25T20:11:55+00:00", "index": "botsv3", "sourcetype": "WinEventLog:Security", "host": "SRV-APP-01", "user": "svc_deploy", "EventCode": "4688", "process_name": "powershell.exe", "CommandLine": "powershell.exe -NoProfile -ExecutionPolicy Bypass -File C:\\Scripts\\deploy_sync.ps1", "label": "benign", "technique": null},
{"_time": "2026-04-25T20:30:42+00:00", "index": "botsv3", "sourcetype": "WinEventLog:Security", "host": "SRV-APP-01", "user": "svc_deploy", "EventCode": "4688", "process_name": "powershell.exe", "CommandLine": "powershell.exe -NoProfile -ExecutionPolicy Bypass -File C:\\Scripts\\patch_audit.ps1", "label": "benign", "technique": null},
{"_time": "2026-04-25T20:40:28+00:00", "index": "botsv3", "sourcetype": "WinEventLog:Security", "host": "SRV-APP-01", "user": "svc_deploy", "EventCode": "4688", "process_name": "powershell.exe", "CommandLine": "powershell.exe -NoProfile -ExecutionPolicy Bypass -File C:\\Scripts\\cert_renew.ps1", "label": "benign", "technique": null},
{"_time": "2026-04-25T20:54:53+00:00", "index": "botsv3", "sourcetype": "WinEventLog:Security", "host": "SRV-APP-02", "user": "svc_deploy", "EventCode": "4688", "process_name": "powershell.exe", "CommandLine": "powershell.exe -NoProfile -ExecutionPolicy Bypass -File C:\\Scripts\\deploy_sync.ps1", "label": "benign", "technique": null},
{"_time": "2026-04-25T21:11:58+00:00", "index": "botsv3", "sourcetype": "WinEventLog:Security", "host": "WS-IT-202", "user": "akumar", "EventCode": "4688", "process_name": "chrome.exe", "CommandLine": "\"chrome.exe\" --type=utility --utility-sub-type=network", "label": "benign", "technique": null},
{"_time": "2026-04-25T21:18:59+00:00", "index": "botsv3", "sourcetype": "WinEventLog:Security", "host": "WS-HR-117", "user": "hd_chen", "EventCode": "4688", "process_name": "powershell.exe", "CommandLine": "powershell.exe -Command \"Get-Service -Name Spooler\"", "label": "benign", "technique": null},
{"_time": "2026-04-25T21:25:12+00:00", "index": "botsv3", "sourcetype": "WinEventLog:Security", "host": "SRV-APP-01", "user": "svc_deploy", "EventCode": "4688", "process_name": "powershell.exe", "CommandLine": "powershell.exe -NoProfile -ExecutionPolicy Bypass -File C:\\Scripts\\patch_audit.ps1", "label": "benign", "technique": null},
{"_time": "2026-04-25T21:37:43+00:00", "index": "botsv3", "sourcetype": "WinEventLog:Security", "host": "SRV-WEB-05", "user": "svc_deploy", "EventCode": "4688", "process_name": "powershell.exe", "CommandLine": "powershell.exe -NoProfile -ExecutionPolicy Bypass -File C:\\Scripts\\log_rotate.ps1", "label": "benign", "technique": null},
{"_time": "2026-04-25T21:45:55+00:00", "index": "botsv3", "sourcetype": "WinEventLog:Security", "host": "WS-HR-117", "user": "hd_chen", "EventCode": "4688", "process_name": "powershell.exe", "CommandLine": "powershell.exe -Command \"Get-Process | Sort-Object CPU -Descending\"", "label": "benign", "technique": null},
{"_time": "2026-04-25T22:50:27+00:00", "index": "botsv3", "sourcetype": "WinEventLog:Security", "host": "SRV-APP-02", "user": "svc_deploy", "EventCode": "4688", "process_name": "powershell.exe", "CommandLine": "powershell.exe -NoProfile -ExecutionPolicy Bypass -File C:\\Scripts\\inventory_export.ps1", "label": "benign", "technique": null},
{"_time": "2026-04-25T22:59:52+00:00", "index": "botsv3", "sourcetype": "WinEventLog:Security", "host": "WS-FIN-042", "user": "hd_chen", "EventCode": "4688", "process_name": "powershell.exe", "CommandLine": "powershell.exe -Command \"Test-NetConnection SRV-FILE-03 -Port 445\"", "label": "benign", "technique": null},
{"_time": "2026-04-25T23:05:25+00:00", "index": "botsv3", "sourcetype": "WinEventLog:Security", "host": "WS-IT-201", "user": "pwong", "EventCode": "4688", "process_name": "outlook.exe", "CommandLine": "\"outlook.exe\" /recycle", "label": "benign", "technique": null},
{"_time": "2026-04-25T23:06:58+00:00", "index": "botsv3", "sourcetype": "WinEventLog:Security", "host": "SRV-APP-02", "user": "svc_deploy", "EventCode": "4688", "process_name": "powershell.exe", "CommandLine": "powershell.exe -NoProfile -ExecutionPolicy Bypass -File C:\\Scripts\\patch_audit.ps1", "label": "benign", "technique": null},
{"_time": "2026-04-25T23:19:01+00:00", "index": "botsv3", "sourcetype": "WinEventLog:Security", "host": "WS-IT-201", "user": "akumar", "EventCode": "4688", "process_name": "cmd.exe", "CommandLine": "cmd.exe /c \"ipconfig /all\"", "label": "benign", "technique": null},
{"_time": "2026-04-25T23:22:48+00:00", "index": "botsv3", "sourcetype": "WinEventLog:Security", "host": "SRV-APP-02", "user": "svc_deploy", "EventCode": "4688", "process_name": "powershell.exe", "CommandLine": "powershell.exe -NoProfile -ExecutionPolicy Bypass -File C:\\Scripts\\cert_renew.ps1", "label": "benign", "technique": null},
{"_time": "2026-04-25T23:26:03+00:00", "index": "botsv3", "sourcetype": "WinEventLog:Security", "host": "SRV-WEB-05", "user": "svc_deploy", "EventCode": "4688", "process_name": "powershell.exe", "CommandLine": "powershell.exe -NoProfile -EncodedCommand aIsgyciPBaCeMY4p8ok1g22LFMaiivdC81DozW4+X1q", "label": "benign", "technique": null},
{"_time": "2026-04-25T23:28:24+00:00", "index": "botsv3", "sourcetype": "WinEventLog:Security", "host": "SRV-APP-01", "user": "svc_deploy", "EventCode": "4688", "process_name": "powershell.exe", "CommandLine": "powershell.exe -NoProfile -ExecutionPolicy Bypass -File C:\\Scripts\\log_rotate.ps1", "label": "benign", "technique": null},
{"_time": "2026-04-25T23:29:24+00:00", "index": "botsv3", "sourcetype": "WinEventLog:Security", "host": "WS-FIN-042", "user": "hd_chen", "EventCode": "4688", "process_name": "powershell.exe", "CommandLine": "powershell.exe -File C:\\Tools\\map_drives.ps1", "label": "benign", "technique": null},
{"_time": "2026-04-25T23:49:14+00:00", "index": "botsv3", "sourcetype": "WinEventLog:Security", "host": "WS-IT-201", "user": "jsmith", "EventCode": "4688", "process_name": "cmd.exe", "CommandLine": "cmd.exe /c \"nltest /dsgetdc:corp.local\"", "label": "benign", "technique": null},
{"_time": "2026-04-25T23:51:14+00:00", "index": "botsv3", "sourcetype": "WinEventLog:Security", "host": "SRV-WEB-05", "user": "svc_deploy", "EventCode": "4688", "process_name": "powershell.exe", "CommandLine": "powershell.exe -NoProfile -ExecutionPolicy Bypass -File C:\\Scripts\\patch_audit.ps1", "label": "benign", "technique": null},
{"_time": "2026-04-25T23:53:57+00:00", "index": "botsv3", "sourcetype": "WinEventLog:Security", "host": "WS-FIN-042", "user": "jsmith", "EventCode": "4688", "process_name": "outlook.exe", "CommandLine": "\"outlook.exe\" /recycle", "label": "benign", "technique": null},
{"_time": "2026-04-26T00:50:01+00:00", "index": "botsv3", "sourcetype": "WinEventLog:Security", "host": "SRV-APP-01", "user": "svc_deploy", "EventCode": "4688", "process_name": "powershell.exe", "CommandLine": "powershell.exe -NoProfile -EncodedCommand +rQl1CDFZsjPgGnLlEXC4ub2DVZhyKnmRoqiHdyKnhq4", "label": "benign", "technique": null},
{"_time": "2026-04-26T00:58:21+00:00", "index": "botsv3", "sourcetype": "WinEventLog:Security", "host": "WS-FIN-042", "user": "jsmith", "EventCode": "4688", "process_name": "powershell.exe", "CommandLine": "powershell.exe Get-EventLog System -Newest 50", "label": "benign", "technique": null},
{"_time": "2026-04-26T02:08:47+00:00", "index": "botsv3", "sourcetype": "WinEventLog:Security", "host": "SRV-WEB-05", "user": "svc_deploy", "EventCode": "4688", "process_name": "powershell.exe", "CommandLine": "powershell.exe -NoProfile -EncodedCommand vfBR+JMpKImV9X841gAV0JvuvqBP0NKHdTgysdDzTFe5", "label": "benign", "technique": null},
{"_time": "2026-04-26T03:00:10+00:00", "index": "botsv3", "sourcetype": "WinEventLog:Security", "host": "SRV-APP-02", "user": "svc_deploy", "EventCode": "4688", "process_name": "powershell.exe", "CommandLine": "powershell.exe -NoProfile -EncodedCommand APdQfqkRgpoRpEskbdM0f7YrLXkgdbFdk8Cu1afrt36Ee/KlTuP9", "label": "benign", "technique": null},
{"_time": "2026-04-26T03:30:16+00:00", "index": "botsv3", "sourcetype": "WinEventLog:Security", "host": "SRV-APP-01", "user": "svc_deploy", "EventCode": "4688", "process_name": "powershell.exe", "CommandLine": "powershell.exe -NoProfile -ExecutionPolicy Bypass -File C:\\Scripts\\patch_audit.ps1", "label": "benign", "technique": null},
{"_time": "2026-04-26T03:35:26+00:00", "index": "botsv3", "sourcetype": "WinEventLog:Security", "host": "WS-IT-202", "user": "adm_lopez", "EventCode": "4688", "process_name": "powershell.exe", "CommandLine": "powershell.exe -File C:\\Tools\\reset_profile.ps1", "label": "benign", "technique": null},
{"_time": "2026-04-26T03:39:20+00:00", "index": "botsv3", "sourcetype": "WinEventLog:Security", "host": "WS-IT-201", "user": "adm_lopez", "EventCode": "4688", "process_name": "cmd.exe", "CommandLine": "cmd.exe /c \"ipconfig /all\"", "label": "benign", "technique": null},
{"_time": "2026-04-26T03:51:29+00:00", "index": "botsv3", "sourcetype": "WinEventLog:Security", "host": "SRV-WEB-05", "user": "svc_deploy", "EventCode": "4688", "process_name": "powershell.exe", "CommandLine": "powershell.exe -NoProfile -ExecutionPolicy Bypass -File C:\\Scripts\\inventory_export.ps1", "label": "benign", "technique": null},
{"_time": "2026-04-26T04:44:35+00:00", "index": "botsv3", "sourcetype": "WinEventLog:Security", "host": "SRV-WEB-05", "user": "svc_deploy", "EventCode": "4688", "process_name": "powershell.exe", "CommandLine": "powershell.exe -NoProfile -EncodedCommand 1zSbSrZqu63pRFeicZT3vLyXlqeyAyCq5G1KQCVIVeRGDSXUyW02i", "label": "benign", "technique": null},
{"_time": "2026-04-26T05:05:59+00:00", "index": "botsv3", "sourcetype": "WinEventLog:Security", "host": "SRV-WEB-05", "user": "svc_deploy", "EventCode": "4688", "process_name": "powershell.exe", "CommandLine": "powershell.exe -NoProfile -ExecutionPolicy Bypass -File C:\\Scripts\\patch_audit.ps1", "label": "benign", "technique": null},
{"_time": "2026-04-26T05:45:01+00:00", "index": "botsv3", "sourcetype": "WinEventLog:Security", "host": "WS-IT-202", "user": "adm_lopez", "EventCode": "4688", "process_name": "powershell.exe", "CommandLine": "powershell.exe -Command \"Test-NetConnection SRV-FILE-03 -Port 445\"", "label": "benign", "technique": null},
{"_time": "2026-04-26T06:22:12+00:00", "index": "botsv3", "sourcetype": "WinEventLog:Security", "host": "SRV-APP-01", "user": "svc_deploy", "EventCode": "4688", "process_name": "powershell.exe", "CommandLine": "powershell.exe -NoProfile -ExecutionPolicy Bypass -File C:\\Scripts\\cert_renew.ps1", "label": "benign", "technique": null},
{"_time": "2026-04-26T06:26:39+00:00", "index": "botsv3", "sourcetype": "WinEventLog:Security", "host": "SRV-APP-02", "user": "svc_deploy", "EventCode": "4688", "process_name": "powershell.exe", "CommandLine": "powershell.exe -NoProfile -ExecutionPolicy Bypass -File C:\\Scripts\\cert_renew.ps1", "label": "benign", "technique": null},
{"_time": "2026-04-26T06:38:43+00:00", "index": "botsv3", "sourcetype": "WinEventLog:Security", "host": "SRV-DB-02", "user": "svc_deploy", "EventCode": "4688", "process_name": "powershell.exe", "CommandLine": "powershell.exe -NoProfile -EncodedCommand Y2sxal0oypXsCvarZD9KrXxTUs7aPKbkFqcmqIzLAJS6YtVTyt2XITQxd2Aa", "label": "benign", "technique": null},
{"_time": "2026-04-26T06:48:27+00:00", "index": "botsv3", "sourcetype": "WinEventLog:Security", "host": "SRV-APP-02", "user": "svc_deploy", "EventCode": "4688", "process_name": "powershell.exe", "CommandLine": "powershell.exe -NoProfile -EncodedCommand hPALAU07lbDeHIn/NTfZKJ1QEAsQAk3bEK395caXBpkaWHptJxioS", "label": "benign", "technique": null},
{"_time": "2026-04-26T07:03:20+00:00", "index": "botsv3", "sourcetype": "WinEventLog:Security", "host": "SRV-WEB-05", "user": "svc_deploy", "EventCode": "4688", "process_name": "powershell.exe", "CommandLine": "powershell.exe -NoProfile -EncodedCommand ZvhNVl4L4InODFNXyTVCf6wmj004bZEdueB0kEJLwIbeKJ+tP", "label": "benign", "technique": null},
{"_time": "2026-04-26T07:14:17+00:00", "index": "botsv3", "sourcetype": "WinEventLog:Security", "host": "SRV-APP-01", "user": "svc_deploy", "EventCode": "4688", "process_name": "powershell.exe", "CommandLine": "powershell.exe -NoProfile -ExecutionPolicy Bypass -File C:\\Scripts\\log_rotate.ps1", "label": "benign", "technique": null},
{"_time": "2026-04-26T07:23:01+00:00", "index": "botsv3", "sourcetype": "WinEventLog:Security", "host": "WS-IT-202", "user": "adm_lopez", "EventCode": "4688", "process_name": "chrome.exe", "CommandLine": "\"chrome.exe\" --type=utility --utility-sub-type=network", "label": "benign", "technique": null},
{"_time": "2026-04-26T08:25:16+00:00", "index": "botsv3", "sourcetype": "WinEventLog:Security", "host": "SRV-APP-02", "user": "svc_deploy", "EventCode": "4688", "process_name": "powershell.exe", "CommandLine": "powershell.exe -NoProfile -EncodedCommand mxZgHqpGQsZX7ihuAYFY0xpQC3UAJibCzIBPs3S4GsN8jdRNLNG7QtRfdjQ5", "label": "benign", "technique": null},
{"_time": "2026-04-26T08:28:24+00:00", "index": "botsv3", "sourcetype": "WinEventLog:Security", "host": "WS-HR-117", "user": "jsmith", "EventCode": "4688", "process_name": "powershell.exe", "CommandLine": "powershell.exe -File C:\\Tools\\map_drives.ps1", "label": "benign", "technique": null},
{"_time": "2026-04-26T09:13:46+00:00", "index": "botsv3", "sourcetype": "WinEventLog:Security", "host": "SRV-DB-02", "user": "svc_deploy", "EventCode": "4688", "process_name": "powershell.exe", "CommandLine": "powershell.exe -NoProfile -ExecutionPolicy Bypass -File C:\\Scripts\\cert_renew.ps1", "label": "benign", "technique": null},
{"_time": "2026-04-26T09:31:26+00:00", "index": "botsv3", "sourcetype": "WinEventLog:Security", "host": "SRV-APP-02", "user": "svc_deploy", "EventCode": "4688", "process_name": "powershell.exe", "CommandLine": "powershell.exe -NoProfile -ExecutionPolicy Bypass -File C:\\Scripts\\patch_audit.ps1", "label": "benign", "technique": null},
{"_time": "2026-04-26T09:34:24+00:00", "index": "botsv3", "sourcetype": "WinEventLog:Security", "host": "WS-IT-202", "user": "hd_chen", "EventCode": "4688", "process_name": "powershell.exe", "CommandLine": "powershell.exe -File C:\\Tools\\map_drives.ps1", "label": "benign", "technique": null},
{"_time": "2026-04-26T10:01:38+00:00", "index": "botsv3", "sourcetype": "WinEventLog:Security", "host": "SRV-APP-01", "user": "svc_deploy", "EventCode": "4688", "process_name": "powershell.exe", "CommandLine": "powershell.exe -NoProfile -EncodedCommand +Tm/S4bN6dXISUZWBUZMyhiTnlmt3wg1g4c3qeMIbP3w", "label": "benign", "technique": null},
{"_time": "2026-04-26T11:02:26+00:00", "index": "botsv3", "sourcetype": "WinEventLog:Security", "host": "SRV-FILE-03", "user": "jsmith", "EventCode": "4688", "process_name": "outlook.exe", "CommandLine": "\"outlook.exe\" /recycle", "label": "benign", "technique": null},
{"_time": "2026-04-26T11:40:14+00:00", "index": "botsv3", "sourcetype": "WinEventLog:Security", "host": "WS-FIN-042", "user": "hd_chen", "EventCode": "4688", "process_name": "powershell.exe", "CommandLine": "powershell.exe -Command \"Get-Service -Name Spooler\"", "label": "benign", "technique": null},
{"_time": "2026-04-26T11:40:54+00:00", "index": "botsv3", "sourcetype": "WinEventLog:Security", "host": "SRV-APP-02", "user": "svc_deploy", "EventCode": "4688", "process_name": "powershell.exe", "CommandLine": "powershell.exe -NoProfile -ExecutionPolicy Bypass -File C:\\Scripts\\log_rotate.ps1", "label": "benign", "technique": null},
{"_time": "2026-04-26T12:00:50+00:00", "index": "botsv3", "sourcetype": "WinEventLog:Security", "host": "WS-HR-117", "user": "hd_chen", "EventCode": "4688", "process_name": "powershell.exe", "CommandLine": "powershell.exe -Command \"Get-Process | Sort-Object CPU -Descending\"", "label": "benign", "technique": null},
{"_time": "2026-04-26T12:05:11+00:00", "index": "botsv3", "sourcetype": "WinEventLog:Security", "host": "WS-FIN-042", "user": "jsmith", "EventCode": "4688", "process_name": "chrome.exe", "CommandLine": "\"chrome.exe\" --type=utility --utility-sub-type=network", "label": "benign", "technique": null},
{"_time": "2026-04-26T12:21:44+00:00", "index": "botsv3", "sourcetype": "WinEventLog:Security", "host": "SRV-WEB-05", "user": "svc_deploy", "EventCode": "4688", "process_name": "powershell.exe", "CommandLine": "powershell.exe -NoProfile -ExecutionPolicy Bypass -File C:\\Scripts\\cert_renew.ps1", "label": "benign", "technique": null},
{"_time": "2026-04-26T12:38:38+00:00", "index": "botsv3", "sourcetype": "WinEventLog:Security", "host": "SRV-WEB-05", "user": "svc_deploy", "EventCode": "4688", "process_name": "powershell.exe", "CommandLine": "powershell.exe -NoProfile -EncodedCommand p2avEa/rSUQUVzBlSj/HRwBzI28thprcmHOHz7bj", "label": "benign", "technique": null},
{"_time": "2026-04-26T12:44:23+00:00", "index": "botsv3", "sourcetype": "WinEventLog:Security", "host": "WS-FIN-042", "user": "jsmith", "EventCode": "4688", "process_name": "chrome.exe", "CommandLine": "\"chrome.exe\" --type=utility --utility-sub-type=network", "label": "benign", "technique": null},
{"_time": "2026-04-26T12:49:00+00:00", "index": "botsv3", "sourcetype": "WinEventLog:Security", "host": "SRV-WEB-05", "user": "svc_deploy", "EventCode": "4688", "process_name": "powershell.exe", "CommandLine": "powershell.exe -NoProfile -ExecutionPolicy Bypass -File C:\\Scripts\\patch_audit.ps1", "label": "benign", "technique": null},
{"_time": "2026-04-26T13:22:10+00:00", "index": "botsv3", "sourcetype": "WinEventLog:Security", "host": "SRV-WEB-05", "user": "svc_deploy", "EventCode": "4688", "process_name": "powershell.exe", "CommandLine": "powershell.exe -NoProfile -EncodedCommand gDO+4SL7LGdwOzHF/EZm9fRUeAdOckRPB9jV+6TbCglRzMwZD8", "label": "benign", "technique": null},
{"_time": "2026-04-26T13:22:25+00:00", "index": "botsv3", "sourcetype": "WinEventLog:Security", "host": "WS-IT-202", "user": "hd_chen", "EventCode": "4688", "process_name": "powershell.exe", "CommandLine": "powershell.exe Get-EventLog System -Newest 50", "label": "benign", "technique": null},
{"_time": "2026-04-26T13:26:30+00:00", "index": "botsv3", "sourcetype": "WinEventLog:Security", "host": "SRV-DB-02", "user": "svc_deploy", "EventCode": "4688", "process_name": "powershell.exe", "CommandLine": "powershell.exe -NoProfile -ExecutionPolicy Bypass -File C:\\Scripts\\cert_renew.ps1", "label": "benign", "technique": null},
{"_time": "2026-04-26T13:30:59+00:00", "index": "botsv3", "sourcetype": "WinEventLog:Security", "host": "WS-IT-201", "user": "jsmith", "EventCode": "4688", "process_name": "cmd.exe", "CommandLine": "cmd.exe /c \"ipconfig /all\"", "label": "benign", "technique": null},
{"_time": "2026-04-26T13:53:16+00:00", "index": "botsv3", "sourcetype": "WinEventLog:Security", "host": "WS-HR-117", "user": "adm_lopez", "EventCode": "4688", "process_name": "powershell.exe", "CommandLine": "powershell.exe Get-EventLog System -Newest 50", "label": "benign", "technique": null},
{"_time": "2026-04-26T14:03:20+00:00", "index": "botsv3", "sourcetype": "WinEventLog:Security", "host": "SRV-FILE-03", "user": "adm_lopez", "EventCode": "4688", "process_name": "outlook.exe", "CommandLine": "\"outlook.exe\" /recycle", "label": "benign", "technique": null},
{"_time": "2026-04-26T14:20:51+00:00", "index": "botsv3", "sourcetype": "WinEventLog:Security", "host": "SRV-DB-02", "user": "svc_deploy", "EventCode": "4688", "process_name": "powershell.exe", "CommandLine": "powershell.exe -NoProfile -EncodedCommand P40263STGeiAowjmmI2cKMCFziVeba247Vr5CE+YgtXrsyuNfiJXy", "label": "benign", "technique": null},
{"_time": "2026-04-26T15:11:17+00:00", "index": "botsv3", "sourcetype": "WinEventLog:Security", "host": "SRV-FILE-03", "user": "pwong", "EventCode": "4688", "process_name": "chrome.exe", "CommandLine": "\"chrome.exe\" --type=utility --utility-sub-type=network", "label": "benign", "technique": null},
{"_time": "2026-04-26T15:31:13+00:00", "index": "botsv3", "sourcetype": "WinEventLog:Security", "host": "WS-HR-117", "user": "pwong", "EventCode": "4688", "process_name": "outlook.exe", "CommandLine": "\"outlook.exe\" /recycle", "label": "benign", "technique": null},
{"_time": "2026-04-26T16:42:13+00:00", "index": "botsv3", "sourcetype": "WinEventLog:Security", "host": "WS-IT-202", "user": "adm_lopez", "EventCode": "4688", "process_name": "powershell.exe", "CommandLine": "powershell.exe -Command \"Get-Service -Name Spooler\"", "label": "benign", "technique": null},
{"_time": "2026-04-26T16:43:34+00:00", "index": "botsv3", "sourcetype": "WinEventLog:Security", "host": "SRV-APP-02", "user": "svc_deploy", "EventCode": "4688", "process_name": "powershell.exe", "CommandLine": "powershell.exe -NoProfile -ExecutionPolicy Bypass -File C:\\Scripts\\cert_renew.ps1", "label": "benign", "technique": null},
{"_time": "2026-04-26T17:13:33+00:00", "index": "botsv3", "sourcetype": "WinEventLog:Security", "host": "SRV-APP-01", "user": "svc_deploy", "EventCode": "4688", "process_name": "powershell.exe", "CommandLine": "powershell.exe -NoProfile -ExecutionPolicy Bypass -File C:\\Scripts\\log_rotate.ps1", "label": "benign", "technique": null},
{"_time": "2026-04-26T17:23:00+00:00", "index": "botsv3", "sourcetype": "WinEventLog:Security", "host": "WS-HR-117", "user": "hd_chen", "EventCode": "4688", "process_name": "powershell.exe", "CommandLine": "powershell.exe -File C:\\Tools\\map_drives.ps1", "label": "benign", "technique": null},
{"_time": "2026-04-26T17:39:12+00:00", "index": "botsv3", "sourcetype": "WinEventLog:Security", "host": "SRV-WEB-05", "user": "svc_deploy", "EventCode": "4688", "process_name": "powershell.exe", "CommandLine": "powershell.exe -NoProfile -ExecutionPolicy Bypass -File C:\\Scripts\\patch_audit.ps1", "label": "benign", "technique": null},
{"_time": "2026-04-26T17:51:39+00:00", "index": "botsv3", "sourcetype": "WinEventLog:Security", "host": "WS-IT-201", "user": "hd_chen", "EventCode": "4688", "process_name": "powershell.exe", "CommandLine": "powershell.exe -Command \"Get-Service -Name Spooler\"", "label": "benign", "technique": null},
{"_time": "2026-04-26T18:00:07+00:00", "index": "botsv3", "sourcetype": "WinEventLog:Security", "host": "SRV-APP-01", "user": "svc_deploy", "EventCode": "4688", "process_name": "powershell.exe", "CommandLine": "powershell.exe -NoProfile -ExecutionPolicy Bypass -File C:\\Scripts\\inventory_export.ps1", "label": "benign", "technique": null},
{"_time": "2026-04-26T18:56:41+00:00", "index": "botsv3", "sourcetype": "WinEventLog:Security", "host": "SRV-WEB-05", "user": "svc_deploy", "EventCode": "4688", "process_name": "powershell.exe", "CommandLine": "powershell.exe -NoProfile -ExecutionPolicy Bypass -File C:\\Scripts\\log_rotate.ps1", "label": "benign", "technique": null},
{"_time": "2026-04-26T19:09:10+00:00", "index": "botsv3", "sourcetype": "WinEventLog:Security", "host": "SRV-APP-01", "user": "svc_deploy", "EventCode": "4688", "process_name": "powershell.exe", "CommandLine": "powershell.exe -NoProfile -ExecutionPolicy Bypass -File C:\\Scripts\\deploy_sync.ps1", "label": "benign", "technique": null},
{"_time": "2026-04-26T19:14:10+00:00", "index": "botsv3", "sourcetype": "WinEventLog:Security", "host": "SRV-DB-02", "user": "svc_deploy", "EventCode": "4688", "process_name": "powershell.exe", "CommandLine": "powershell.exe -NoProfile -ExecutionPolicy Bypass -File C:\\Scripts\\inventory_export.ps1", "label": "benign", "technique": null},
{"_time": "2026-04-26T19:20:04+00:00", "index": "botsv3", "sourcetype": "WinEventLog:Security", "host": "SRV-WEB-05", "user": "svc_deploy", "EventCode": "4688", "process_name": "powershell.exe", "CommandLine": "powershell.exe -NoProfile -EncodedCommand CcEH0ui4iq0m9QPGQuZWHDo9wKpDHgbYBYlXpLw34DKEi4S+8Rn", "label": "benign", "technique": null},
{"_time": "2026-04-26T20:42:23+00:00", "index": "botsv3", "sourcetype": "WinEventLog:Security", "host": "SRV-APP-01", "user": "svc_deploy", "EventCode": "4688", "process_name": "powershell.exe", "CommandLine": "powershell.exe -NoProfile -EncodedCommand l0nZ08KnFd0ENOezK1hk9ZaLDspDNTvGGnZG/nG22/2G6k", "label": "benign", "technique": null},
{"_time": "2026-04-26T21:06:27+00:00", "index": "botsv3", "sourcetype": "WinEventLog:Security", "host": "SRV-APP-02", "user": "svc_deploy", "EventCode": "4688", "process_name": "powershell.exe", "CommandLine": "powershell.exe -NoProfile -ExecutionPolicy Bypass -File C:\\Scripts\\inventory_export.ps1", "label": "benign", "technique": null},
{"_time": "2026-04-26T21:46:41+00:00", "index": "botsv3", "sourcetype": "WinEventLog:Security", "host": "WS-HR-117", "user": "adm_lopez", "EventCode": "4688", "process_name": "cmd.exe", "CommandLine": "cmd.exe /c \"ipconfig /all\"", "label": "benign", "technique": null},
{"_time": "2026-04-26T21:52:09+00:00", "index": "botsv3", "sourcetype": "WinEventLog:Security", "host": "SRV-DB-02", "user": "svc_deploy", "EventCode": "4688", "process_name": "powershell.exe", "CommandLine": "powershell.exe -NoProfile -ExecutionPolicy Bypass -File C:\\Scripts\\patch_audit.ps1", "label": "benign", "technique": null},
{"_time": "2026-04-26T22:36:52+00:00", "index": "botsv3", "sourcetype": "WinEventLog:Security", "host": "SRV-APP-02", "user": "svc_deploy", "EventCode": "4688", "process_name": "powershell.exe", "CommandLine": "powershell.exe -NoProfile -ExecutionPolicy Bypass -File C:\\Scripts\\inventory_export.ps1", "label": "benign", "technique": null},
{"_time": "2026-04-26T22:51:04+00:00", "index": "botsv3", "sourcetype": "WinEventLog:Security", "host": "SRV-APP-01", "user": "svc_deploy", "EventCode": "4688", "process_name": "powershell.exe", "CommandLine": "powershell.exe -NoProfile -EncodedCommand KUyDlXH9Zb0GJ3kTO+fowyNog1bBHLrs6S34ao9sik2Ko77AzFUSF+2RybdU", "label": "benign", "technique": null},
{"_time": "2026-04-26T22:55:03+00:00", "index": "botsv3", "sourcetype": "WinEventLog:Security", "host": "SRV-WEB-05", "user": "svc_deploy", "EventCode": "4688", "process_name": "powershell.exe", "CommandLine": "powershell.exe -NoProfile -EncodedCommand z2kvg/Rx/TUNnR4LbDuKguUG7qk1lAwK+KGw1UBkejsqVj0G8IMME", "label": "benign", "technique": null},
{"_time": "2026-04-26T22:56:25+00:00", "index": "botsv3", "sourcetype": "WinEventLog:Security", "host": "WS-FIN-042", "user": "pwong", "EventCode": "4688", "process_name": "chrome.exe", "CommandLine": "\"chrome.exe\" --type=renderer --lang=en-US", "label": "benign", "technique": null},
{"_time": "2026-04-26T23:01:32+00:00", "index": "botsv3", "sourcetype": "WinEventLog:Security", "host": "SRV-APP-02", "user": "svc_deploy", "EventCode": "4688", "process_name": "powershell.exe", "CommandLine": "powershell.exe -NoProfile -ExecutionPolicy Bypass -File C:\\Scripts\\deploy_sync.ps1", "label": "benign", "technique": null},
{"_time": "2026-04-26T23:22:28+00:00", "index": "botsv3", "sourcetype": "WinEventLog:Security", "host": "SRV-APP-01", "user": "svc_deploy", "EventCode": "4688", "process_name": "powershell.exe", "CommandLine": "powershell.exe -NoProfile -ExecutionPolicy Bypass -File C:\\Scripts\\deploy_sync.ps1", "label": "benign", "technique": null},
{"_time": "2026-04-26T23:31:40+00:00", "index": "botsv3", "sourcetype": "WinEventLog:Security", "host": "SRV-WEB-05", "user": "svc_deploy", "EventCode": "4688", "process_name": "powershell.exe", "CommandLine": "powershell.exe -NoProfile -ExecutionPolicy Bypass -File C:\\Scripts\\cert_renew.ps1", "label": "benign", "technique": null},
{"_time": "2026-04-26T23:34:42+00:00", "index": "botsv3", "sourcetype": "WinEventLog:Security", "host": "WS-IT-201", "user": "jsmith", "EventCode": "4688", "process_name": "powershell.exe", "CommandLine": "powershell.exe Get-EventLog System -Newest 50", "label": "benign", "technique": null},
{"_time": "2026-04-26T23:46:33+00:00", "index": "botsv3", "sourcetype": "WinEventLog:Security", "host": "WS-FIN-042", "user": "pwong", "EventCode": "4688", "process_name": "chrome.exe", "CommandLine": "\"chrome.exe\" --type=utility --utility-sub-type=network", "label": "benign", "technique": null},
{"_time": "2026-04-26T23:55:05+00:00", "index": "botsv3", "sourcetype": "WinEventLog:Security", "host": "SRV-DB-02", "user": "svc_deploy", "EventCode": "4688", "process_name": "powershell.exe", "CommandLine": "powershell.exe -NoProfile -ExecutionPolicy Bypass -File C:\\Scripts\\cert_renew.ps1", "label": "benign", "technique": null},
{"_time": "2026-04-27T00:28:17+00:00", "index": "botsv3", "sourcetype": "WinEventLog:Security", "host": "SRV-WEB-05", "user": "svc_deploy", "EventCode": "4688", "process_name": "powershell.exe", "CommandLine": "powershell.exe -NoProfile -ExecutionPolicy Bypass -File C:\\Scripts\\cert_renew.ps1", "label": "benign", "technique": null},
{"_time": "2026-04-27T00:31:23+00:00", "index": "botsv3", "sourcetype": "WinEventLog:Security", "host": "SRV-WEB-05", "user": "svc_deploy", "EventCode": "4688", "process_name": "powershell.exe", "CommandLine": "powershell.exe -NoProfile -ExecutionPolicy Bypass -File C:\\Scripts\\inventory_export.ps1", "label": "benign", "technique": null},
{"_time": "2026-04-27T00:53:42+00:00", "index": "botsv3", "sourcetype": "WinEventLog:Security", "host": "SRV-APP-01", "user": "svc_deploy", "EventCode": "4688", "process_name": "powershell.exe", "CommandLine": "powershell.exe -NoProfile -ExecutionPolicy Bypass -File C:\\Scripts\\deploy_sync.ps1", "label": "benign", "technique": null},
{"_time": "2026-04-27T01:10:09+00:00", "index": "botsv3", "sourcetype": "WinEventLog:Security", "host": "SRV-FILE-03", "user": "akumar", "EventCode": "4688", "process_name": "chrome.exe", "CommandLine": "\"chrome.exe\" --type=renderer --lang=en-US", "label": "benign", "technique": null},
{"_time": "2026-04-27T01:45:55+00:00", "index": "botsv3", "sourcetype": "WinEventLog:Security", "host": "WS-HR-117", "user": "hd_chen", "EventCode": "4688", "process_name": "powershell.exe", "CommandLine": "powershell.exe Get-EventLog System -Newest 50", "label": "benign", "technique": null},
{"_time": "2026-04-27T02:22:31+00:00", "index": "botsv3", "sourcetype": "WinEventLog:Security", "host": "WS-IT-201", "user": "jsmith", "EventCode": "4688", "process_name": "powershell.exe", "CommandLine": "powershell.exe -Command \"Test-NetConnection SRV-FILE-03 -Port 445\"", "label": "benign", "technique": null},
{"_time": "2026-04-27T02:35:04+00:00", "index": "botsv3", "sourcetype": "WinEventLog:Security", "host": "SRV-APP-02", "user": "svc_deploy", "EventCode": "4688", "process_name": "powershell.exe", "CommandLine": "powershell.exe -NoProfile -ExecutionPolicy Bypass -File C:\\Scripts\\inventory_export.ps1", "label": "benign", "technique": null},
{"_time": "2026-04-27T02:44:53+00:00", "index": "botsv3", "sourcetype": "WinEventLog:Security", "host": "SRV-DB-02", "user": "svc_deploy", "EventCode": "4688", "process_name": "powershell.exe", "CommandLine": "powershell.exe -NoProfile -ExecutionPolicy Bypass -File C:\\Scripts\\patch_audit.ps1", "label": "benign", "technique": null},
