{"_time": "2026-05-23T03:57:02+00:00", "index": "botsv3", "sourcetype": "WinEventLog:Security", "host": "SRV-APP-02", "user": "svc_deploy", "EventCode": "4688", "process_name": "powershell.exe", "CommandLine": "powershell.exe -NoProfile -ExecutionPolicy Bypass -File C:\\Scripts\\patch_audit.ps1", "label": "benign", "technique": null},
{"_time": "2026-05-23T03:58:34+00:00", "index": "botsv3", "sourcetype": "WinEventLog:Security", "host": "SRV-DB-02", "user": "svc_deploy", "EventCode": "4688", "process_name": "powershell.exe", "CommandLine": "powershell.exe -NoProfile -ExecutionPolicy Bypass -File C:\\Scripts\\log_rotate.ps1", "label": "benign", "technique": null},
{"_time": "2026-05-23T04:13:23+00:00", "index": "botsv3", "sourcetype": "WinEventLog:Security", "host": "SRV-APP-01", "user": "svc_deploy", "EventCode": "4688", "process_name": "powershell.exe", "CommandLine": "powershell.exe -NoProfile -ExecutionPolicy Bypass -File C:\\Scripts\\deploy_sync.ps1", "label": "benign", "technique": null},
{"_time": "2026-05-23T04:42:31+00:00", "index": "botsv3", "sourcetype": "WinEventLog:Security", "host": "WS-IT-201", "user": "adm_lopez", "EventCode": "4688", "process_name": "powershell.exe", "CommandLine": "powershell.exe -File C:\\Tools\\map_drives.ps1", "label": "benign", "technique": null},
{"_time": "2026-05-23T05:07:59+00:00", "index": "botsv3", "sourcetype": "WinEventLog:Security", "host": "SRV-APP-01", "user": "svc_deploy", "EventCode": "4688", "process_name": "powershell.exe", "CommandLine": "powershell.exe -NoProfile -ExecutionPolicy Bypass -File C:\\Scripts\\patch_audit.ps1", "label": "benign", "technique": null},
{"_time": "2026-05-23T05:24:26+00:00", "index": "botsv3", "sourcetype": "WinEventLog:Security", "host": "SRV-APP-02", "user": "svc_deploy", "EventCode": "4688", "process_name": "powershell.exe", "CommandLine": "powershell.exe -NoProfile -ExecutionPolicy Bypass -File C:\\Scripts\\deploy_sync.ps1", "label": "benign", "technique": null},
{"_time": "2026-05-23T05:24:44+00:00", "index": "botsv3", "sourcetype": "WinEventLog:Security", "host": "SRV-APP-02", "user": "svc_deploy", "EventCode": "4688", "process_name": "powershell.exe", "CommandLine": "powershell.exe -NoProfile -ExecutionPolicy Bypass -File C:\\Scripts\\log_rotate.ps1", "label": "benign", "technique": null},
{"_time": "2026-05-23T06:06:23+00:00", "index": "botsv3", "sourcetype": "WinEventLog:Security", "host": "SRV-DB-02", "user": "svc_deploy", "EventCode": "4688", "process_name": "powershell.exe", "CommandLine": "powershell.exe -NoProfile -ExecutionPolicy Bypass -File C:\\Scripts\\patch_audit.ps1", "label": "benign", "technique": null},
{"_time": "2026-05-23T06:19:54+00:00", "index": "botsv3", "sourcetype": "WinEventLog:Security", "host": "SRV-APP-01", "user": "svc_deploy", "EventCode": "4688", "process_name": "powershell.exe", "CommandLine": "powershell.exe -NoProfile -ExecutionPolicy Bypass -File C:\\Scripts\\cert_renew.ps1", "label": "benign", "technique": null},
{"_time": "2026-05-23T06:31:43+00:00", "index": "botsv3", "sourcetype": "WinEventLog:Security", "host": "SRV-WEB-05", "user": "svc_deploy", "EventCode": "4688", "process_name": "powershell.exe", "CommandLine": "powershell.exe -NoProfile -ExecutionPolicy Bypass -File C:\\Scripts\\deploy_sync.ps1", "label": "benign", "technique": null},
{"_time": "2026-05-23T06:43:29+00:00", "index": "botsv3", "sourcetype": "WinEventLog:Security", "host": "WS-IT-201", "user": "adm_lopez", "EventCode": "4688", "process_name": "powershell.exe", "CommandLine": "powershell.exe -Command \"Get-Process | Sort-Object CPU -Descending\"", "label": "benign", "technique": null},
{"_time": "2026-05-23T07:34:25+00:00", "index": "botsv3", "sourcetype": "WinEventLog:Security", "host": "SRV-APP-02", "user": "svc_deploy", "EventCode": "4688", "process_name": "powershell.exe", "CommandLine": "powershell.exe -NoProfile -ExecutionPolicy Bypass -File C:\\Scripts\\log_rotate.ps1", "label": "benign", "technique": null},
{"_time": "2026-05-23T08:16:46+00:00", "index": "botsv3", "sourcetype": "WinEventLog:Security", "host": "SRV-APP-02", "user": "svc_deploy", "EventCode": "4688", "process_name": "powershell.exe", "CommandLine": "powershell.exe -NoProfile -EncodedCommand AoFPdt9YZkndt+FkzpCgWU2hHfhWUCcwlvAo4rq41NR", "label": "benign", "technique": null},
{"_time": "2026-05-23T08:46:56+00:00", "index": "botsv3", "sourcetype": "WinEventLog:Security", "host": "SRV-APP-02", "user": "svc_deploy", "EventCode": "4688", "process_name": "powershell.exe", "CommandLine": "powershell.exe -NoProfile -EncodedCommand IQ2F+WIr651fUxjYHs6zbUJAzn+pzRSBKuPn15Sqn78gmOvcIRL31xD/vjn", "label": "benign", "technique": null},
{"_time": "2026-05-23T09:15:54+00:00", "index": "botsv3", "sourcetype": "WinEventLog:Security", "host": "WS-IT-202", "user": "jsmith", "EventCode": "4688", "process_name": "powershell.exe", "CommandLine": "powershell.exe -Command \"Get-Process | Sort-Object CPU -Descending\"", "label": "benign", "technique": null},
{"_time": "2026-05-23T09:25:13+00:00", "index": "botsv3", "sourcetype": "WinEventLog:Security", "host": "SRV-APP-02", "user": "svc_deploy", "EventCode": "4688", "process_name": "powershell.exe", "CommandLine": "powershell.exe -NoProfile -ExecutionPolicy Bypass -File C:\\Scripts\\patch_audit.ps1", "label": "benign", "technique": null},
{"_time": "2026-05-23T09:25:43+00:00", "index": "botsv3", "sourcetype": "WinEventLog:Security", "host": "WS-HR-117", "user": "hd_chen", "EventCode": "4688", "process_name": "powershell.exe", "CommandLine": "powershell.exe -Command \"Test-NetConnection SRV-FILE-03 -Port 445\"", "label": "benign", "technique": null},
{"_time": "2026-05-23T09:53:14+00:00", "index": "botsv3", "sourcetype": "WinEventLog:Security", "host": "SRV-APP-01", "user": "svc_deploy", "EventCode": "4688", "process_name": "powershell.exe", "CommandLine": "powershell.exe -NoProfile -EncodedCommand C3tU5nbZkpAXBNM5QpchneqKNK//HGMKkYpC4DtQ/dh", "label": "benign", "technique": null},
{"_time": "2026-05-23T09:56:40+00:00", "index": "botsv3", "sourcetype": "WinEventLog:Security", "host": "WS-FIN-042", "user": "hd_chen", "EventCode": "4688", "process_name": "powershell.exe", "CommandLine": "powershell.exe -File C:\\Tools\\reset_profile.ps1", "label": "benign", "technique": null},
{"_time": "2026-05-23T10:26:54+00:00", "index": "botsv3", "sourcetype": "WinEventLog:Security", "host": "SRV-DB-02", "user": "svc_deploy", "EventCode": "4688", "process_name": "powershell.exe", "CommandLine": "powershell.exe -NoProfile -ExecutionPolicy Bypass -File C:\\Scripts\\cert_renew.ps1", "label": "benign", "technique": null},
{"_time": "2026-05-23T10:30:36+00:00", "index": "botsv3", "sourcetype": "WinEventLog:Security", "host": "SRV-FILE-03", "user": "mfields", "EventCode": "4688", "process_name": "outlook.exe", "CommandLine": "\"outlook.exe\" /recycle", "label": "benign", "technique": null},
{"_time": "2026-05-23T10:55:56+00:00", "index": "botsv3", "sourcetype": "WinEventLog:Security", "host": "SRV-APP-02", "user": "svc_deploy", "EventCode": "4688", "process_name": "powershell.exe", "CommandLine": "powershell.exe -NoProfile -EncodedCommand SrWulQSpaHsC4fapSp/94oxUurK8rsSQuRqujwphKo7QYUoa", "label": "benign", "technique": null},
{"_time": "2026-05-23T10:57:01+00:00", "index": "botsv3", "sourcetype": "WinEventLog:Security", "host": "WS-FIN-042", "user": "jsmith", "EventCode": "4688", "process_name": "powershell.exe", "CommandLine": "powershell.exe Get-EventLog System -Newest 50", "label": "benign", "technique": null},
{"_time": "2026-05-23T11:07:57+00:00", "index": "botsv3", "sourcetype": "WinEventLog:Security", "host": "SRV-WEB-05", "user": "svc_deploy", "EventCode": "4688", "process_name": "powershell.exe", "CommandLine": "powershell.exe -NoProfile -EncodedCommand 1P7shFCVNm3W7spaIbj2pXniQtDKAPI8fE5i3X2YgXih6ABEDQh+8I", "label": "benign", "technique": null},
{"_time": "2026-05-23T11:24:54+00:00", "index": "botsv3", "sourcetype": "WinEventLog:Security", "host": "SRV-APP-01", "user": "svc_deploy", "EventCode": "4688", "process_name": "powershell.exe", "CommandLine": "powershell.exe -NoProfile -EncodedCommand zHwSHZTUskejP5BOT9qWA6lEwWdXtp3bNya5XxeN5yX3", "label": "benign", "technique": null},
{"_time": "2026-05-23T11:27:06+00:00", "index": "botsv3", "sourcetype": "WinEventLog:Security", "host": "SRV-FILE-03", "user": "akumar", "EventCode": "4688", "process_name": "chrome.exe", "CommandLine": "\"chrome.exe\" --type=utility --utility-sub-type=network", "label": "benign", "technique": null},
{"_time": "2026-05-23T11:47:07+00:00", "index": "botsv3", "sourcetype": "WinEventLog:Security", "host": "SRV-WEB-05", "user": "svc_deploy", "EventCode": "4688", "process_name": "powershell.exe", "CommandLine": "powershell.exe -NoProfile -EncodedCommand XKRErBNSBT7tNbU5ED2jLcPQ8WyHwZbsEuXDptD/Hq979oAN66keuHiKdhr", "label": "benign", "technique": null},
{"_time": "2026-05-23T11:54:27+00:00", "index": "botsv3", "sourcetype": "WinEventLog:Security", "host": "WS-IT-202", "user": "adm_lopez", "EventCode": "4688", "process_name": "cmd.exe", "CommandLine": "cmd.exe /c \"ipconfig /all\"", "label": "benign", "technique": null},
{"_time": "2026-05-23T12:15:28+00:00", "index": "botsv3", "sourcetype": "WinEventLog:Security", "host": "SRV-APP-01", "user": "svc_deploy", "EventCode": "4688", "process_name": "powershell.exe", "CommandLine": "powershell.exe -NoProfile -ExecutionPolicy Bypass -File C:\\Scripts\\patch_audit.ps1", "label": "benign", "technique": null},
{"_time": "2026-05-23T13:04:42+00:00", "index": "botsv3", "sourcetype": "WinEventLog:Security", "host": "SRV-FILE-03", "user": "akumar", "EventCode": "4688", "process_name": "cmd.exe", "CommandLine": "cmd.exe /c \"nltest /dsgetdc:corp.local\"", "label": "benign", "technique": null},
{"_time": "2026-05-23T13:06:15+00:00", "index": "botsv3", "sourcetype": "WinEventLog:Security", "host": "WS-HR-117", "user": "hd_chen", "EventCode": "4688", "process_name": "powershell.exe", "CommandLine": "powershell.exe -Command \"Get-Process | Sort-Object CPU -Descending\"", "label": "benign", "technique": null},
{"_time": "2026-05-23T13:30:45+00:00", "index": "botsv3", "sourcetype": "WinEventLog:Security", "host": "WS-IT-201", "user": "jsmith", "EventCode": "4688", "process_name": "cmd.exe", "CommandLine": "cmd.exe /c \"ipconfig /all\"", "label": "benign", "technique": null},
{"_time": "2026-05-23T13:46:12+00:00", "index": "botsv3", "sourcetype": "WinEventLog:Security", "host": "SRV-WEB-05", "user": "svc_deploy", "EventCode": "4688", "process_name": "powershell.exe", "CommandLine": "powershell.exe -NoProfile -ExecutionPolicy Bypass -File C:\\Scripts\\patch_audit.ps1", "label": "benign", "technique": null},
{"_time": "2026-05-23T14:02:10+00:00", "index": "botsv3", "sourcetype": "WinEventLog:Security", "host": "SRV-DB-02", "user": "svc_deploy", "EventCode": "4688", "process_name": "powershell.exe", "CommandLine": "powershell.exe -NoProfile -ExecutionPolicy Bypass -File C:\\Scripts\\inventory_export.ps1", "label": "benign", "technique": null},
{"_time": "2026-05-23T14:02:15+00:00", "index": "botsv3", "sourcetype": "WinEventLog:Security", "host": "SRV-DB-02", "user": "svc_deploy", "EventCode": "4688", "process_name": "powershell.exe", "CommandLine": "powershell.exe -NoProfile -ExecutionPolicy Bypass -File C:\\Scripts\\deploy_sync.ps1", "label": "benign", "technique": null},
{"_time": "2026-05-23T14:32:52+00:00", "index": "botsv3", "sourcetype": "WinEventLog:Security", "host": "SRV-FILE-03", "user": "akumar", "EventCode": "4688", "process_name": "cmd.exe", "CommandLine": "cmd.exe /c \"nltest /dsgetdc:corp.local\"", "label": "benign", "technique": null},
{"_time": "2026-05-23T14:33:56+00:00", "index": "botsv3", "sourcetype": "WinEventLog:Security", "host": "SRV-WEB-05", "user": "svc_deploy", "EventCode": "4688", "process_name": "powershell.exe", "CommandLine": "powershell.exe -NoProfile -EncodedCommand 41gFYHteXtxsf4+D8AsiUQCzF/H+gEH7DFxa3NUWIVjnOg5fkTPFnjH3cdoo", "label": "benign", "technique": null},
{"_time": "2026-05-23T14:36:15+00:00", "index": "botsv3", "sourcetype": "WinEventLog:Security", "host": "SRV-APP-02", "user": "svc_deploy", "EventCode": "4688", "process_name": "powershell.exe", "CommandLine": "powershell.exe -NoProfile -ExecutionPolicy Bypass -File C:\\Scripts\\cert_renew.ps1", "label": "benign", "technique": null},
{"_time": "2026-05-23T15:00:36+00:00", "index": "botsv3", "sourcetype": "WinEventLog:Security", "host": "WS-HR-117", "user": "jsmith", "EventCode": "4688", "process_name": "chrome.exe", "CommandLine": "\"chrome.exe\" --type=renderer --lang=en-US", "label": "benign", "technique": null},
{"_time": "2026-05-23T16:22:32+00:00", "index": "botsv3", "sourcetype": "WinEventLog:Security", "host": "SRV-WEB-05", "user": "svc_deploy", "EventCode": "4688", "process_name": "powershell.exe", "CommandLine": "powershell.exe -NoProfile -ExecutionPolicy Bypass -File C:\\Scripts\\inventory_export.ps1", "label": "benign", "technique": null},
{"_time": "2026-05-23T16:35:19+00:00", "index": "botsv3", "sourcetype": "WinEventLog:Security", "host": "WS-IT-202", "user": "pwong", "EventCode": "4688", "process_name": "cmd.exe", "CommandLine": "cmd.exe /c \"ipconfig /all\"", "label": "benign", "technique": null},
{"_time": "2026-05-23T16:49:44+00:00", "index": "botsv3", "sourcetype": "WinEventLog:Security", "host": "SRV-APP-01", "user": "svc_deploy", "EventCode": "4688", "process_name": "powershell.exe", "CommandLine": "powershell.exe -NoProfile -ExecutionPolicy Bypass -File C:\\Scripts\\cert_renew.ps1", "label": "benign", "technique": null},
{"_time": "2026-05-23T17:03:49+00:00", "index": "botsv3", "sourcetype": "WinEventLog:Security", "host": "SRV-APP-02", "user": "svc_deploy", "EventCode": "4688", "process_name": "powershell.exe", "CommandLine": "powershell.exe -NoProfile -ExecutionPolicy Bypass -File C:\\Scripts\\patch_audit.ps1", "label": "benign", "technique": null},
{"_time": "2026-05-23T17:23:35+00:00", "index": "botsv3", "sourcetype": "WinEventLog:Security", "host": "SRV-DB-02", "user": "svc_deploy", "EventCode": "4688", "process_name": "powershell.exe", "CommandLine": "powershell.exe -NoProfile -EncodedCommand 2gC7cVB0Ktf7LpgLVgGASv+FFymWcdGxRFZC75ilZRGF4ePwgI", "label": "benign", "technique": null},
{"_time": "2026-05-23T17:48:13+00:00", "index": "botsv3", "sourcetype": "WinEventLog:Security", "host": "SRV-WEB-05", "user": "svc_deploy", "EventCode": "4688", "process_name": "powershell.exe", "CommandLine": "powershell.exe -NoProfile -ExecutionPolicy Bypass -File C:\\Scripts\\deploy_sync.ps1", "label": "benign", "technique": null},
{"_time": "2026-05-23T17:56:45+00:00", "index": "botsv3", "sourcetype": "WinEventLog:Security", "host": "SRV-DB-02", "user": "svc_deploy", "EventCode": "4688", "process_name": "powershell.exe", "CommandLine": "powershell.exe -NoProfile -EncodedCommand kCzLBRDCHxPYW66c42epnEXvtdWNYpta7W1Do3P9A4onmEJ", "label": "benign", "technique": null},
{"_time": "2026-05-23T18:05:22+00:00", "index": "botsv3", "sourcetype": "WinEventLog:Security", "host": "SRV-WEB-05", "user": "svc_deploy", "EventCode": "4688", "process_name": "powershell.exe", "CommandLine": "powershell.exe -NoProfile -ExecutionPolicy Bypass -File C:\\Scripts\\log_rotate.ps1", "label": "benign", "technique": null},
{"_time": "2026-05-23T18:52:26+00:00", "index": "botsv3", "sourcetype": "WinEventLog:Security", "host": "SRV-WEB-05", "user": "svc_deploy", "EventCode": "4688", "process_name": "powershell.exe", "CommandLine": "powershell.exe -NoProfile -EncodedCommand IMNXp8C1W2K9J6U3cIjo+FL2UABY3CKsDgf4a8dGfAxif87mnxn7KLA", "label": "benign", "technique": null},
{"_time": "2026-05-23T21:10:33+00:00", "index": "botsv3", "sourcetype": "WinEventLog:Security", "host": "SRV-WEB-05", "user": "svc_deploy", "EventCode": "4688", "process_name": "powershell.exe", "CommandLine": "powershell.exe -NoProfile -ExecutionPolicy Bypass -File C:\\Scripts\\log_rotate.ps1", "label": "benign", "technique": null},
{"_time": "2026-05-23T21:18:25+00:00", "index": "botsv3", "sourcetype": "WinEventLog:Security", "host": "WS-IT-202", "user": "adm_lopez", "EventCode": "4688", "process_name": "powershell.exe", "CommandLine": "powershell.exe -Command \"Get-Process | Sort-Object CPU -Descending\"", "label": "benign", "technique": null},
{"_time": "2026-05-23T21:46:21+00:00", "index": "botsv3", "sourcetype": "WinEventLog:Security", "host": "WS-IT-201", "user": "jsmith", "EventCode": "4688", "process_name": "powershell.exe", "CommandLine": "powershell.exe -Command \"Get-Process | Sort-Object CPU -Descending\"", "label": "benign", "technique": null},
{"_time": "2026-05-23T21:51:28+00:00", "index": "botsv3", "sourcetype": "WinEventLog:Security", "host": "SRV-WEB-05", "user": "svc_deploy", "EventCode": "4688", "process_name": "powershell.exe", "CommandLine": "powershell.exe -NoProfile -ExecutionPolicy Bypass -File C:\\Scripts\\inventory_export.ps1", "label": "benign", "technique": null},
{"_time": "2026-05-23T21:54:06+00:00", "index": "botsv3", "sourcetype": "WinEventLog:Security", "host": "SRV-WEB-05", "user": "svc_deploy", "EventCode": "4688", "process_name": "powershell.exe", "CommandLine": "powershell.exe -NoProfile -ExecutionPolicy Bypass -File C:\\Scripts\\patch_audit.ps1", "label": "benign", "technique": null},
{"_time": "2026-05-23T22:24:32+00:00", "index": "botsv3", "sourcetype": "WinEventLog:Security", "host": "WS-IT-201", "user": "hd_chen", "EventCode": "4688", "process_name": "powershell.exe", "CommandLine": "powershell.exe -Command \"Get-Process | Sort-Object CPU -Descending\"", "label": "benign", "technique": null},
{"_time": "2026-05-23T22:35:36+00:00", "index": "botsv3", "sourcetype": "WinEventLog:Security", "host": "WS-HR-117", "user": "adm_lopez", "EventCode": "4688", "process_name": "chrome.exe", "CommandLine": "\"chrome.exe\" --type=renderer --lang=en-US", "label": "benign", "technique": null},
{"_time": "2026-05-23T22:44:01+00:00", "index": "botsv3", "sourcetype": "WinEventLog:Security", "host": "SRV-APP-01", "user": "svc_deploy", "EventCode": "4688", "process_name": "powershell.exe", "CommandLine": "powershell.exe -NoProfile -EncodedCommand as/jbUegTfYl8mjQLly/9anOX5vF+euxHDNed5F1fAXv", "label": "benign", "technique": null},
{"_time": "2026-05-23T23:20:17+00:00", "index": "botsv3", "sourcetype": "WinEventLog:Security", "host": "SRV-APP-01", "user": "svc_deploy", "EventCode": "4688", "process_name": "powershell.exe", "CommandLine": "powershell.exe -NoProfile -ExecutionPolicy Bypass -File C:\\Scripts\\deploy_sync.ps1", "label": "benign", "technique": null},
{"_time": "2026-05-23T23:20:39+00:00", "index": "botsv3", "sourcetype": "WinEventLog:Security", "host": "WS-FIN-042", "user": "adm_lopez", "EventCode": "4688", "process_name": "powershell.exe", "CommandLine": "powershell.exe Get-EventLog System -Newest 50", "label": "benign", "technique": null},
{"_time": "2026-05-23T23:29:01+00:00", "index": "botsv3", "sourcetype": "WinEventLog:Security", "host": "WS-FIN-042", "user": "akumar", "EventCode": "4688", "process_name": "outlook.exe", "CommandLine": "\"outlook.exe\" /recycle", "label": "benign", "technique": null},
{"_time": "2026-05-23T23:29:28+00:00", "index": "botsv3", "sourcetype": "WinEventLog:Security", "host": "WS-IT-202", "user": "pwong", "EventCode": "4688", "process_name": "outlook.exe", "CommandLine": "\"outlook.exe\" /recycle", "label": "benign", "technique": null},
{"_time": "2026-05-23T23:37:43+00:00", "index": "botsv3", "sourcetype": "WinEventLog:Security", "host": "WS-FIN-042", "user": "jsmith", "EventCode": "4688", "process_name": "powershell.exe", "CommandLine": "powershell.exe -Command \"Get-Service -Name Spooler\"", "label": "benign", "technique": null},
{"_time": "2026-05-23T23:54:27+00:00", "index": "botsv3", "sourcetype": "WinEventLog:Security", "host": "WS-IT-202", "user": "adm_lopez", "EventCode": "4688", "process_name": "powershell.exe", "CommandLine": "powershell.exe Get-EventLog System -Newest 50", "label": "benign", "technique": null},
{"_time": "2026-05-23T23:58:14+00:00", "index": "botsv3", "sourcetype": "WinEventLog:Security", "host": "WS-IT-202", "user": "hd_chen", "EventCode": "4688", "process_name": "cmd.exe", "CommandLine": "cmd.exe /c \"nltest /dsgetdc:corp.local\"", "label": "benign", "technique": null},
{"_time": "2026-05-24T00:07:49+00:00", "index": "botsv3", "sourcetype": "WinEventLog:Security", "host": "WS-HR-117", "user": "hd_chen", "EventCode": "4688", "process_name": "powershell.exe", "CommandLine": "powershell.exe Get-EventLog System -Newest 50", "label": "benign", "technique": null},
{"_time": "2026-05-24T00:19:42+00:00", "index": "botsv3", "sourcetype": "WinEventLog:Security", "host": "SRV-APP-01", "user": "svc_deploy", "EventCode": "4688", "process_name": "powershell.exe", "CommandLine": "powershell.exe -NoProfile -EncodedCommand O7DdVgRKcdlk1VnczPkPCfskuWoTLRhryuHcZZB2YGraGVpLCi", "label": "benign", "technique": null},
{"_time": "2026-05-24T00:56:33+00:00", "index": "botsv3", "sourcetype": "WinEventLog:Security", "host": "SRV-APP-02", "user": "svc_deploy", "EventCode": "4688", "process_name": "powershell.exe", "CommandLine": "powershell.exe -NoProfile -EncodedCommand uWyA1Dub9yp0Gx0JFp0w6Sp8BsJLYdlBC3anm9sTlNHs+oFEz", "label": "benign", "technique": null},
{"_time": "2026-05-24T01:26:23+00:00", "index": "botsv3", "sourcetype": "WinEventLog:Security", "host": "SRV-APP-02", "user": "svc_deploy", "EventCode": "4688", "process_name": "powershell.exe", "CommandLine": "powershell.exe -NoProfile -ExecutionPolicy Bypass -File C:\\Scripts\\inventory_export.ps1", "label": "benign", "technique": null},
{"_time": "2026-05-24T01:45:27+00:00", "index": "botsv3", "sourcetype": "WinEventLog:Security", "host": "SRV-DB-02", "user": "svc_deploy", "EventCode": "4688", "process_name": "powershell.exe", "CommandLine": "powershell.exe -NoProfile -EncodedCommand rsm7shjmXIoWiUj5O8KYNP3LwiYSh45tidvH6oULr4Ytfa4t", "label": "benign", "technique": null},
{"_time": "2026-05-24T02:16:54+00:00", "index": "botsv3", "sourcetype": "WinEventLog:Security", "host": "SRV-WEB-05", "user": "svc_deploy", "EventCode": "4688", "process_name": "powershell.exe", "CommandLine": "powershell.exe -NoProfile -ExecutionPolicy Bypass -File C:\\Scripts\\inventory_export.ps1", "label": "benign", "technique": null},
{"_time": "2026-05-24T02:53:51+00:00", "index": "botsv3", "sourcetype": "WinEventLog:Security", "host": "SRV-DB-02", "user": "svc_deploy", "EventCode": "4688", "process_name": "powershell.exe", "CommandLine": "powershell.exe -NoProfile -ExecutionPolicy Bypass -File C:\\Scripts\\deploy_sync.ps1", "label": "benign", "technique": null},
{"_time": "2026-05-24T03:44:18+00:00", "index": "botsv3", "sourcetype": "WinEventLog:Security", "host": "SRV-APP-01", "user": "svc_deploy", "EventCode": "4688", "process_name": "powershell.exe", "CommandLine": "powershell.exe -NoProfile -EncodedCommand 0VlILRy+ETmy52URWcI25gvcGKd3q9frSqGs8SUdTr", "label": "benign", "technique": null},
{"_time": "2026-05-24T03:57:24+00:00", "index": "botsv3", "sourcetype": "WinEventLog:Security", "host": "SRV-APP-02", "user": "svc_deploy", "EventCode": "4688", "process_name": "powershell.exe", "CommandLine": "powershell.exe -NoProfile -ExecutionPolicy Bypass -File C:\\Scripts\\patch_audit.ps1", "label": "benign", "technique": null},
{"_time": "2026-05-24T03:58:15+00:00", "index": "botsv3", "sourcetype": "WinEventLog:Security", "host": "SRV-APP-02", "user": "svc_deploy", "EventCode": "4688", "process_name": "powershell.exe", "CommandLine": "powershell.exe -NoProfile -EncodedCommand Ev9xkH4BIdxboXZjkI1z/a0fGyb1q/X8VVHVZmsljnd/ZQ", "label": "benign", "technique": null},
{"_time": "2026-05-24T04:15:49+00:00", "index": "botsv3", "sourcetype": "WinEventLog:Security", "host": "WS-HR-117", "user": "jsmith", "EventCode": "4688", "process_name": "powershell.exe", "CommandLine": "powershell.exe Get-EventLog System -Newest 50", "label": "benign", "technique": null},
{"_time": "2026-05-24T04:23:11+00:00", "index": "botsv3", "sourcetype": "WinEventLog:Security", "host": "SRV-APP-02", "user": "svc_deploy", "EventCode": "4688", "process_name": "powershell.exe", "CommandLine": "powershell.exe -NoProfile -EncodedCommand sNf2jTeQxh/jMS9zL4vTrDAH6TJMgkunIsxaQptkFBdto+pwxlyzGYJK", "label": "benign", "technique": null},
{"_time": "2026-05-24T04:33:57+00:00", "index": "botsv3", "sourcetype": "WinEventLog:Security", "host": "WS-IT-201", "user": "jsmith", "EventCode": "4688", "process_name": "chrome.exe", "CommandLine": "\"chrome.exe\" --type=renderer --lang=en-US", "label": "benign", "technique": null},
{"_time": "2026-05-24T05:26:26+00:00", "index": "botsv3", "sourcetype": "WinEventLog:Security", "host": "SRV-WEB-05", "user": "svc_deploy", "EventCode": "4688", "process_name": "powershell.exe", "CommandLine": "powershell.exe -NoProfile -ExecutionPolicy Bypass -File C:\\Scripts\\inventory_export.ps1", "label": "benign", "technique": null},
{"_time": "2026-05-24T06:11:56+00:00", "index": "botsv3", "sourcetype": "WinEventLog:Security", "host": "WS-FIN-042", "user": "hd_chen", "EventCode": "4688", "process_name": "cmd.exe", "CommandLine": "cmd.exe /c \"nltest /dsgetdc:corp.local\"", "label": "benign", "technique": null},
{"_time": "2026-05-24T07:03:49+00:00", "index": "botsv3", "sourcetype": "WinEventLog:Security", "host": "SRV-DB-02", "user": "svc_deploy", "EventCode": "4688", "process_name": "powershell.exe", "CommandLine": "powershell.exe -NoProfile -EncodedCommand 7c32qQqwLrymw0tOn6V4wFwL7a2NF0Wx50ulS8Eod6u6X3g6MAVLTZm4", "label": "benign", "technique": null},
{"_time": "2026-05-24T07:21:41+00:00", "index": "botsv3", "sourcetype": "WinEventLog:Security", "host": "SRV-FILE-03", "user": "akumar", "EventCode": "4688", "process_name": "chrome.exe", "CommandLine": "\"chrome.exe\" --type=renderer --lang=en-US", "label": "benign", "technique": null},
{"_time": "2026-05-24T07:34:21+00:00", "index": "botsv3", "sourcetype": "WinEventLog:Security", "host": "WS-HR-117", "user": "hd_chen", "EventCode": "4688", "process_name": "cmd.exe", "CommandLine": "cmd.exe /c \"nltest /dsgetdc:corp.local\"", "label": "benign", "technique": null},
{"_time": "2026-05-24T07:35:08+00:00", "index": "botsv3", "sourcetype": "WinEventLog:Security", "host": "SRV-DB-02", "user": "svc_deploy", "EventCode": "4688", "process_name": "powershell.exe", "CommandLine": "powershell.exe -NoProfile -EncodedCommand R+W2Rtqsru0KUZh3uR8wJawLOgFTQGFIHEyS+OBm4pdoV9L1pOX8h81NezS", "label": "benign", "technique": null},
{"_time": "2026-05-24T07:38:37+00:00", "index": "botsv3", "sourcetype": "WinEventLog:Security", "host": "SRV-APP-02", "user": "svc_deploy", "EventCode": "4688", "process_name": "powershell.exe", "CommandLine": "powershell.exe -NoProfile -ExecutionPolicy Bypass -File C:\\Scripts\\cert_renew.ps1", "label": "benign", "technique": null},
{"_time": "2026-05-24T07:40:54+00:00", "index": "botsv3", "sourcetype": "WinEventLog:Security", "host": "SRV-DB-02", "user": "svc_deploy", "EventCode": "4688", "process_name": "powershell.exe", "CommandLine": "powershell.exe -NoProfile -EncodedCommand vWoiNHGaO9ijmUBRx5XfwN/SJhBiwfmf4afl7TmH9DccWFc0+e6PXDXHwE2j", "label": "benign", "technique": null},
{"_time": "2026-05-24T08:10:31+00:00", "index": "botsv3", "sourcetype": "WinEventLog:Security", "host": "SRV-DB-02", "user": "svc_deploy", "EventCode": "4688", "process_name": "powershell.exe", "CommandLine": "powershell.exe -NoProfile -ExecutionPolicy Bypass -File C:\\Scripts\\cert_renew.ps1", "label": "benign", "technique": null},
{"_time": "2026-05-24T08:26:06+00:00", "index": "botsv3", "sourcetype": "WinEventLog:Security", "host": "SRV-DB-02", "user": "svc_deploy", "EventCode": "4688", "process_name": "powershell.exe", "CommandLine": "powershell.exe -NoProfile -ExecutionPolicy Bypass -File C:\\Scripts\\log_rotate.ps1", "label": "benign", "technique": null},
{"_time": "2026-05-24T08:30:24+00:00", "index": "botsv3", "sourcetype": "WinEventLog:Security", "host": "WS-IT-202", "user": "adm_lopez", "EventCode": "4688", "process_name": "powershell.exe", "CommandLine": "powershell.exe -Command \"Get-Service -Name Spooler\"", "label": "benign", "technique": null},
{"_time": "2026-05-24T08:37:27+00:00", "index": "botsv3", "sourcetype": "WinEventLog:Security", "host": "SRV-FILE-03", "user": "mfields", "EventCode": "4688", "process_name": "chrome.exe", "CommandLine": "\"chrome.exe\" --type=renderer --lang=en-US", "label": "benign", "technique": null},
{"_time": "2026-05-24T08:46:19+00:00", "index": "botsv3", "sourcetype": "WinEventLog:Security", "host": "SRV-WEB-05", "user": "svc_deploy", "EventCode": "4688", "process_name": "powershell.exe", "CommandLine": "powershell.exe -NoProfile -EncodedCommand KWRhWIpxG/+mPIAn61wX68e6gNb8bOBl8PvT1kS8t7wyUID96lL/mj232Cg", "label": "benign", "technique": null},
{"_time": "2026-05-24T09:00:22+00:00", "index": "botsv3", "sourcetype": "WinEventLog:Security", "host": "SRV-DB-02", "user": "svc_deploy", "EventCode": "4688", "process_name": "powershell.exe", "CommandLine": "powershell.exe -NoProfile -ExecutionPolicy Bypass -File C:\\Scripts\\log_rotate.ps1", "label": "benign", "technique": null},
{"_time": "2026-05-24T09:07:36+00:00", "index": "botsv3", "sourcetype": "WinEventLog:Security", "host": "SRV-APP-02", "user": "svc_deploy", "EventCode": "4688", "process_name": "powershell.exe", "CommandLine": "powershell.exe -NoProfile -ExecutionPolicy Bypass -File C:\\Scripts\\inventory_export.ps1", "label": "benign", "technique": null},
{"_time": "2026-05-24T09:07:52+00:00", "index": "botsv3", "sourcetype": "WinEventLog:Security", "host": "WS-FIN-042", "user": "jsmith", "EventCode": "4688", "process_name": "powershell.exe", "CommandLine": "powershell.exe -File C:\\Tools\\map_drives.ps1", "label": "benign", "technique": null},
{"_time": "2026-05-24T09:17:05+00:00", "index": "botsv3", "sourcetype": "WinEventLog:Security", "host": "SRV-FILE-03", "user": "akumar", "EventCode": "4688", "process_name": "chrome.exe", "CommandLine": "\"chrome.exe\" --type=utility --utility-sub-type=network", "label": "benign", "technique": null},
{"_time": "2026-05-24T09:48:37+00:00", "index": "botsv3", "sourcetype": "WinEventLog:Security", "host": "SRV-WEB-05", "user": "svc_deploy", "EventCode": "4688", "process_name": "powershell.exe", "CommandLine": "powershell.exe -NoProfile -EncodedCommand tggqpTQ8YrdwjeuCqPHAPeEQXW1SD2/waVW64GC2XwhRyxkUH", "label": "benign", "technique": null},
{"_time": "2026-05-24T10:11:27+00:00", "index": "botsv3", "sourcetype": "WinEventLog:Security", "host": "SRV-DB-02", "user": "svc_deploy", "EventCode": "4688", "process_name": "powershell.exe", "CommandLine": "powershell.exe -NoProfile -ExecutionPolicy Bypass -File C:\\Scripts\\inventory_export.ps1", "label": "benign", "technique": null},
{"_time": "2026-05-24T10:35:14+00:00", "index": "botsv3", "sourcetype": "WinEventLog:Security", "host": "SRV-APP-02", "user": "svc_deploy", "EventCode": "4688", "process_name": "powershell.exe", "CommandLine": "powershell.exe -NoProfile -ExecutionPolicy Bypass -File C:\\Scripts\\inventory_export.ps1", "label": "benign", "technique": null},
{"_time": "2026-05-24T11:14:09+00:00", "index": "botsv3", "sourcetype": "WinEventLog:Security", "host": "SRV-APP-01", "user": "svc_deploy", "EventCode": "4688", "process_name": "powershell.exe", "CommandLine": "powershell.exe -NoProfile -EncodedCommand wC2kPKs9pV8oIiU3NghEsjon8jXYA/hDPOik58fUp5Ci7U+D1t4C", "label": "benign", "technique": null},
{"_time": "2026-05-24T11:15:08+00:00", "index": "botsv3", "sourcetype": "WinEventLog:Security", "host": "SRV-APP-02", "user": "svc_deploy", "EventCode": "4688", "process_name": "powershell.exe", "CommandLine": "powershell.exe -NoProfile -ExecutionPolicy Bypass -File C:\\Scripts\\cert_renew.ps1", "label": "benign", "technique": null},
{"_time": "2026-05-24T11:18:04+00:00", "index": "botsv3", "sourcetype": "WinEventLog:Security", "host": "WS-IT-201", "user": "jsmith", "EventCode": "4688", "process_name": "powershell.exe", "CommandLine": "powershell.exe -File C:\\Tools\\map_drives.ps1", "label": "benign", "technique": null},
{"_time": "2026-05-24T11:34:00+00:00", "index": "botsv3", "sourcetype": "WinEventLog:Security", "host": "SRV-WEB-05", "user": "svc_deploy", "EventCode": "4688", "process_name": "powershell.exe", "CommandLine": "powershell.exe -NoProfile -ExecutionPolicy Bypass -File C:\\Scripts\\deploy_sync.ps1", "label": "benign", "technique": null},
{"_time": "2026-05-24T11:48:42+00:00", "index": "botsv3", "sourcetype": "WinEventLog:Security", "host": "SRV-APP-01", "user": "svc_deploy", "EventCode": "4688", "process_name": "powershell.exe", "CommandLine": "powershell.exe -NoProfile -ExecutionPolicy Bypass -File C:\\Scripts\\inventory_export.ps1", "label": "benign", "technique": null},
{"_time": "2026-05-24T11:53:35+00:00", "index": "botsv3", "sourcetype": "WinEventLog:Security", "host": "WS-HR-117", "user": "hd_chen", "EventCode": "4688", "process_name": "powershell.exe", "CommandLine": "powershell.exe -Command \"Get-Service -Name Spooler\"", "label": "benign", "technique": null},
{"_time": "2026-05-24T11:54:09+00:00", "index": "botsv3", "sourcetype": "WinEventLog:Security", "host": "SRV-DB-02", "user": "svc_deploy", "EventCode": "4688", "process_name": "powershell.exe", "CommandLine": "powershell.exe -NoProfile -ExecutionPolicy Bypass -File C:\\Scripts\\inventory_export.ps1", "label": "benign", "technique": null},
{"_time": "2026-05-24T11:59:10+00:00", "index": "botsv3", "sourcetype": "WinEventLog:Security", "host": "SRV-WEB-05", "user": "svc_deploy", "EventCode": "4688", "process_name": "powershell.exe", "CommandLine": "powershell.exe -NoProfile -EncodedCommand G3F04kEzvuP3yP2XUsGlGlb15b4uFmP5qd5RFGvFGf+yWgu+Q2Iox97+YP", "label": "benign", "technique": null},
{"_time": "2026-05-24T12:08:52+00:00", "index": "botsv3", "sourcetype": "WinEventLog:Security", "host": "SRV-APP-02", "user": "svc_deploy", "EventCode": "4688", "process_name": "powershell.exe", "CommandLine": "powershell.exe -NoProfile -ExecutionPolicy Bypass -File C:\\Scripts\\inventory_export.ps1", "label": "benign", "technique": null},
{"_time": "2026-05-24T12:20:25+00:00", "index": "botsv3", "sourcetype": "WinEventLog:Security", "host": "SRV-APP-01", "user": "svc_deploy", "EventCode": "4688", "process_name": "powershell.exe", "CommandLine": "powershell.exe -NoProfile -EncodedCommand CpTqivQd+WR0V1gyrmuGip3B1JhMww6kY7XLvsw57o2oTu+waa", "label": "benign", "technique": null},
{"_time": "2026-05-24T12:22:32+00:00", "index": "botsv3", "sourcetype": "WinEventLog:Security", "host": "SRV-DB-02", "user": "svc_deploy", "EventCode": "4688", "process_name": "powershell.exe", "CommandLine": "powershell.exe -NoProfile -EncodedCommand vjdneztUItjZ0kf6i54Ym+fjYPdySluf2ZFdgDNgeedaR2s3q/Jm4IsRn6j", "label": "benign", "technique": null},
{"_time": "2026-05-24T12:23:02+00:00", "index": "botsv3", "sourcetype": "WinEventLog:Security", "host": "SRV-APP-01", "user": "svc_deploy", "EventCode": "4688", "process_name": "powershell.exe", "CommandLine": "powershell.exe -NoProfile -ExecutionPolicy Bypass -File C:\\Scripts\\deploy_sync.ps1", "label": "benign", "technique": null},
{"_time": "2026-05-24T13:36:52+00:00", "index": "botsv3", "sourcetype": "WinEventLog:Security", "host": "SRV-DB-02", "user": "svc_deploy", "EventCode": "4688", "process_name": "powershell.exe", "CommandLine": "powershell.exe -NoProfile -ExecutionPolicy Bypass -File C:\\Scripts\\log_rotate.ps1", "label": "benign", "technique": null},
{"_time": "2026-05-24T14:04:24+00:00", "index": "botsv3", "sourcetype": "WinEventLog:Security", "host": "SRV-APP-02", "user": "svc_deploy", "EventCode": "4688", "process_name": "powershell.exe", "CommandLine": "powershell.exe -NoProfile -EncodedCommand klK5PLpayfQVfG3w1+9+TIYW++2/AeqnCz1sbauvebjlm69q", "label": "benign", "technique": null},
{"_time": "2026-05-24T14:05:07+00:00", "index": "botsv3", "sourcetype": "WinEventLog:Security", "host": "WS-IT-202", "user": "pwong", "EventCode": "4688", "process_name": "cmd.exe", "CommandLine": "cmd.exe /c \"nltest /dsgetdc:corp.local\"", "label": "benign", "technique": null},
{"_time": "2026-05-24T14:40:23+00:00", "index": "botsv3", "sourcetype": "WinEventLog:Security", "host": "SRV-APP-02", "user": "svc_deploy", "EventCode": "4688", "process_name": "powershell.exe", "CommandLine": "powershell.exe -NoProfile -EncodedCommand 4Ld1NmTBoRnm3IkF7fJAZPGAAlDx4HR1Hj+YcXgV1o3SJZxs5T3HqfW", "label": "benign", "technique": null},
{"_time": "2026-05-24T15:14:54+00:00", "index": "botsv3", "sourcetype": "WinEventLog:Security", "host": "SRV-DB-02", "user": "svc_deploy", "EventCode": "4688", "process_name": "powershell.exe", "CommandLine": "powershell.exe -NoProfile -EncodedCommand 9u1bteRIZNY5ahu7KIK3CYYHX3IfauwC/GV1TFoqoAeVR", "label": "benign", "technique": null},
{"_time": "2026-05-24T15:19:19+00:00", "index": "botsv3", "sourcetype": "WinEventLog:Security", "host": "WS-HR-117", "user": "adm_lopez", "EventCode": "4688", "process_name": "powershell.exe", "CommandLine": "powershell.exe Get-EventLog System -Newest 50", "label": "benign", "technique": null},
{"_time": "2026-05-24T15:48:36+00:00", "index": "botsv3", "sourcetype": "WinEventLog:Security", "host": "SRV-DB-02", "user": "svc_deploy", "EventCode": "4688", "process_name": "powershell.exe", "CommandLine": "powershell.exe -NoProfile -ExecutionPolicy Bypass -File C:\\Scripts\\cert_renew.ps1", "label": "benign", "technique": null},
{"_time": "2026-05-24T15:53:01+00:00", "index": "botsv3", "sourcetype": "WinEventLog:Security", "host": "WS-IT-202", "user": "adm_lopez", "EventCode": "4688", "process_name": "cmd.exe", "CommandLine": "cmd.exe /c \"nltest /dsgetdc:corp.local\"", "label": "benign", "technique": null},
{"_time": "2026-05-24T16:00:24+00:00", "index": "botsv3", "sourcetype": "WinEventLog:Security", "host": "WS-IT-202", "user": "jsmith", "EventCode": "4688", "process_name": "powershell.exe", "CommandLine": "powershell.exe -Command \"Get-Process | Sort-Object CPU -Descending\"", "label": "benign", "technique": null},
{"_time": "2026-05-24T16:22:06+00:00", "index": "botsv3", "sourcetype": "WinEventLog:Security", "host": "SRV-APP-01", "user": "svc_deploy", "EventCode": "4688", "process_name": "powershell.exe", "CommandLine": "powershell.exe -NoProfile -ExecutionPolicy Bypass -File C:\\Scripts\\inventory_export.ps1", "label": "benign", "technique": null},
{"_time": "2026-05-24T16:26:25+00:00", "index": "botsv3", "sourcetype": "WinEventLog:Security", "host": "SRV-DB-02", "user": "svc_deploy", "EventCode": "4688", "process_name": "powershell.exe", "CommandLine": "powershell.exe -NoProfile -ExecutionPolicy Bypass -File C:\\Scripts\\inventory_export.ps1", "label": "benign", "technique": null},
{"_time": "2026-05-24T16:30:28+00:00", "index": "botsv3", "sourcetype": "WinEventLog:Security", "host": "WS-HR-117", "user": "hd_chen", "EventCode": "4688", "process_name": "powershell.exe", "CommandLine": "powershell.exe -Command \"Get-Service -Name Spooler\"", "label": "benign", "technique": null},
{"_time": "2026-05-24T16:37:37+00:00", "index": "botsv3", "sourcetype": "WinEventLog:Security", "host": "WS-IT-201", "user": "jsmith", "EventCode": "4688", "process_name": "powershell.exe", "CommandLine": "powershell.exe -File C:\\Tools\\map_drives.ps1", "label": "benign", "technique": null},
{"_time": "2026-05-24T16:58:36+00:00", "index": "botsv3", "sourcetype": "WinEventLog:Security", "host": "SRV-APP-02", "user": "svc_deploy", "EventCode": "4688", "process_name": "powershell.exe", "CommandLine": "powershell.exe -NoProfile -EncodedCommand NTu1cWRKHZ9BQzUYeYb32WRAhiETgY0lF7jxlRKiOrK", "label": "benign", "technique": null},
{"_time": "2026-05-24T17:04:26+00:00", "index": "botsv3", "sourcetype": "WinEventLog:Security", "host": "SRV-DB-02", "user": "svc_deploy", "EventCode": "4688", "process_name": "powershell.exe", "CommandLine": "powershell.exe -NoProfile -ExecutionPolicy Bypass -File C:\\Scripts\\inventory_export.ps1", "label": "benign", "technique": null},
{"_time": "2026-05-24T17:10:01+00:00", "index": "botsv3", "sourcetype": "WinEventLog:Security", "host": "SRV-WEB-05", "user": "svc_deploy", "EventCode": "4688", "process_name": "powershell.exe", "CommandLine": "powershell.exe -NoProfile -ExecutionPolicy Bypass -File C:\\Scripts\\log_rotate.ps1", "label": "benign", "technique": null},
{"_time": "2026-05-24T18:08:13+00:00", "index": "botsv3", "sourcetype": "WinEventLog:Security", "host": "WS-IT-202", "user": "akumar", "EventCode": "4688", "process_name": "chrome.exe", "CommandLine": "\"chrome.exe\" --type=utility --utility-sub-type=network", "label": "benign", "technique": null},
{"_time": "2026-05-24T18:09:59+00:00", "index": "botsv3", "sourcetype": "WinEventLog:Security", "host": "SRV-DB-02", "user": "svc_deploy", "EventCode": "4688", "process_name": "powershell.exe", "CommandLine": "powershell.exe -NoProfile -ExecutionPolicy Bypass -File C:\\Scripts\\patch_audit.ps1", "label": "benign", "technique": null},
{"_time": "2026-05-24T18:44:04+00:00", "index": "botsv3", "sourcetype": "WinEventLog:Security", "host": "SRV-DB-02", "user": "svc_deploy", "EventCode": "4688", "process_name": "powershell.exe", "CommandLine": "powershell.exe -NoProfile -ExecutionPolicy Bypass -File C:\\Scripts\\inventory_export.ps1", "label": "benign", "technique": null},
{"_time": "2026-05-24T18:50:50+00:00", "index": "botsv3", "sourcetype": "WinEventLog:Security", "host": "WS-IT-202", "user": "mfields", "EventCode": "4688", "process_name": "cmd.exe", "CommandLine": "cmd.exe /c \"nltest /dsgetdc:corp.local\"", "label": "benign", "technique": null},
{"_time": "2026-05-24T19:39:21+00:00", "index": "botsv3", "sourcetype": "WinEventLog:Security", "host": "SRV-WEB-05", "user": "svc_deploy", "EventCode": "4688", "process_name": "powershell.exe", "CommandLine": "powershell.exe -NoProfile -ExecutionPolicy Bypass -File C:\\Scripts\\patch_audit.ps1", "label": "benign", "technique": null},
{"_time": "2026-05-24T20:09:53+00:00", "index": "botsv3", "sourcetype": "WinEventLog:Security", "host": "SRV-APP-02", "user": "svc_deploy", "EventCode": "4688", "process_name": "powershell.exe", "CommandLine": "powershell.exe -NoProfile -ExecutionPolicy Bypass -File C:\\Scripts\\deploy_sync.ps1", "label": "benign", "technique": null},
{"_time": "2026-05-24T20:21:28+00:00", "index": "botsv3", "sourcetype": "WinEventLog:Security", "host": "SRV-DB-02", "user": "svc_deploy", "EventCode": "4688", "process_name": "powershell.exe", "CommandLine": "powershell.exe -NoProfile -EncodedCommand pxiMxgoqEw/lvr5Yuq6g5G0htLw6icUwbPD4toups/4W", "label": "benign", "technique": null},
{"_time": "2026-05-24T21:14:57+00:00", "index": "botsv3", "sourcetype": "WinEventLog:Security", "host": "WS-HR-117", "user": "adm_lopez", "EventCode": "4688", "process_name": "cmd.exe", "CommandLine": "cmd.exe /c \"ipconfig /all\"", "label": "benign", "technique": null},
{"_time": "2026-05-24T21:17:37+00:00", "index": "botsv3", "sourcetype": "WinEventLog:Security", "host": "SRV-WEB-05", "user": "svc_deploy", "EventCode": "4688", "process_name": "powershell.exe", "CommandLine": "powershell.exe -NoProfile -EncodedCommand lYSRk4BRz46Zb9j77iwBWKk1w+KfF9HPhGdNgCHUsWoq", "label": "benign", "technique": null},
{"_time": "2026-05-24T21:21:54+00:00", "index": "botsv3", "sourcetype": "WinEventLog:Security", "host": "SRV-WEB-05", "user": "svc_deploy", "EventCode": "4688", "process_name": "powershell.exe", "CommandLine": "powershell.exe -NoProfile -ExecutionPolicy Bypass -File C:\\Scripts\\cert_renew.ps1", "label": "benign", "technique": null},
{"_time": "2026-05-24T21:40:15+00:00", "index": "botsv3", "sourcetype": "WinEventLog:Security", "host": "WS-IT-202", "user": "hd_chen", "EventCode": "4688", "process_name": "powershell.exe", "CommandLine": "powershell.exe -File C:\\Tools\\reset_profile.ps1", "label": "benign", "technique": null},
{"_time": "2026-05-24T21:44:35+00:00", "index": "botsv3", "sourcetype": "WinEventLog:Security", "host": "WS-FIN-042", "user": "hd_chen", "EventCode": "4688", "process_name": "powershell.exe", "CommandLine": "powershell.exe -File C:\\Tools\\map_drives.ps1", "label": "benign", "technique": null},
{"_time": "2026-05-24T21:55:49+00:00", "index": "botsv3", "sourcetype": "WinEventLog:Security", "host": "WS-HR-117", "user": "hd_chen", "EventCode": "4688", "process_name": "powershell.exe", "CommandLine": "powershell.exe Get-EventLog System -Newest 50", "label": "benign", "technique": null},
{"_time": "2026-05-24T22:04:27+00:00", "index": "botsv3", "sourcetype": "WinEventLog:Security", "host": "SRV-WEB-05", "user": "svc_deploy", "EventCode": "4688", "process_name": "powershell.exe", "CommandLine": "powershell.exe -NoProfile -ExecutionPolicy Bypass -File C:\\Scripts\\deploy_sync.ps1", "label": "benign", "technique": null},
{"_time": "2026-05-24T22:05:04+00:00", "index": "botsv3", "sourcetype": "WinEventLog:Security", "host": "SRV-APP-02", "user": "svc_deploy", "EventCode": "4688", "process_name": "powershell.exe", "CommandLine": "powershell.exe -NoProfile -EncodedCommand NDdK8jK0T3lOcVjry0BNJrB96G82/GTaAm8PsfzQXA2pOWHk", "label": "benign", "technique": null},
{"_time": "2026-05-24T22:09:58+00:00", "index": "botsv3", "sourcetype": "WinEventLog:Security", "host": "SRV-DB-02", "user": "svc_deploy", "EventCode": "4688", "process_name": "powershell.exe", "CommandLine": "powershell.exe -NoProfile -ExecutionPolicy Bypass -File C:\\Scripts\\cert_renew.ps1", "label": "benign", "technique": null},
{"_time": "2026-05-24T22:18:11+00:00", "index": "botsv3", "sourcetype": "WinEventLog:Security", "host": "SRV-DB-02", "user": "svc_deploy", "EventCode": "4688", "process_name": "powershell.exe", "CommandLine": "powershell.exe -NoProfile -ExecutionPolicy Bypass -File C:\\Scripts\\patch_audit.ps1", "label": "benign", "technique": null},
{"_time": "2026-05-24T22:34:12+00:00", "index": "botsv3", "sourcetype": "WinEventLog:Security", "host": "SRV-APP-02", "user": "svc_deploy", "EventCode": "4688", "process_name": "powershell.exe", "CommandLine": "powershell.exe -NoProfile -ExecutionPolicy Bypass -File C:\\Scripts\\inventory_export.ps1", "label": "benign", "technique": null},
{"_time": "2026-05-24T23:31:41+00:00", "index": "botsv3", "sourcetype": "WinEventLog:Security", "host": "SRV-FILE-03", "user": "mfields", "EventCode": "4688", "process_name": "cmd.exe", "CommandLine": "cmd.exe /c \"nltest /dsgetdc:corp.local\"", "label": "benign", "technique": null},
{"_time": "2026-05-24T23:46:48+00:00", "index": "botsv3", "sourcetype": "WinEventLog:Security", "host": "SRV-DB-02", "user": "svc_deploy", "EventCode": "4688", "process_name": "powershell.exe", "CommandLine": "powershell.exe -NoProfile -ExecutionPolicy Bypass -File C:\\Scripts\\log_rotate.ps1", "label": "benign", "technique": null},
{"_time": "2026-05-24T23:48:26+00:00", "index": "botsv3", "sourcetype": "WinEventLog:Security", "host": "SRV-APP-01", "user": "svc_deploy", "EventCode": "4688", "process_name": "powershell.exe", "CommandLine": "powershell.exe -NoProfile -EncodedCommand k1erYUyEwaQ39Bj2mTdVVnaBuoPEDzZilsZeaNz2u+b42ehabHMYyL9Z3", "label": "benign", "technique": null},
{"_time": "2026-05-25T00:16:49+00:00", "index": "botsv3", "sourcetype": "WinEventLog:Security", "host": "SRV-DB-02", "user": "svc_deploy", "EventCode": "4688", "process_name": "powershell.exe", "CommandLine": "powershell.exe -NoProfile -ExecutionPolicy Bypass -File C:\\Scripts\\deploy_sync.ps1", "label": "benign", "technique": null},
{"_time": "2026-05-25T00:19:00+00:00", "index": "botsv3", "sourcetype": "WinEventLog:Security", "host": "WS-IT-202", "user": "pwong", "EventCode": "4688", "process_name": "cmd.exe", "CommandLine": "cmd.exe /c \"nltest /dsgetdc:corp.local\"", "label": "benign", "technique": null},
{"_time": "2026-05-25T00:21:06+00:00", "index": "botsv3", "sourcetype": "WinEventLog:Security", "host": "SRV-DB-02", "user": "svc_deploy", "EventCode": "4688", "process_name": "powershell.exe", "CommandLine": "powershell.exe -NoProfile -EncodedCommand e527ZBnpqZ9W6A5uZhfasO7qOrGnqvvZa0oWHPaBf1xX85YZSb8rdi4iJH", "label": "benign", "technique": null},
{"_time": "2026-05-25T01:25:45+00:00", "index": "botsv3", "sourcetype": "WinEventLog:Security", "host": "SRV-APP-01", "user": "svc_deploy", "EventCode": "4688", "process_name": "powershell.exe", "CommandLine": "powershell.exe -NoProfile -ExecutionPolicy Bypass -File C:\\Scripts\\inventory_export.ps1", "label": "benign", "technique": null},
{"_time": "2026-05-25T01:34:35+00:00", "index": "botsv3", "sourcetype": "WinEventLog:Security", "host": "WS-HR-117", "user": "hd_chen", "EventCode": "4688", "process_name": "cmd.exe", "CommandLine": "cmd.exe /c \"ipconfig /all\"", "label": "benign", "technique": null},
{"_time": "2026-05-25T01:49:44+00:00", "index": "botsv3", "sourcetype": "WinEventLog:Security", "host": "WS-HR-117", "user": "jsmith", "EventCode": "4688", "process_name": "chrome.exe", "CommandLine": "\"chrome.exe\" --type=renderer --lang=en-US", "label": "benign", "technique": null},
{"_time": "2026-05-25T01:58:05+00:00", "index": "botsv3", "sourcetype": "WinEventLog:Security", "host": "SRV-APP-02", "user": "svc_deploy", "EventCode": "4688", "process_name": "powershell.exe", "CommandLine": "powershell.exe -NoProfile -EncodedCommand 5Wk+n6hzw9oTGFmfV6d6s0NzLbHNVOywpkMccpt3tyTb", "label": "benign", "technique": null},
{"_time": "2026-05-25T02:05:00+00:00", "index": "botsv3", "sourcetype": "WinEventLog:Security", "host": "WS-HR-117", "user": "jsmith", "EventCode": "4688", "process_name": "powershell.exe", "CommandLine": "powershell.exe -Command \"Get-Service -Name Spooler\"", "label": "benign", "technique": null},
{"_time": "2026-05-25T02:05:47+00:00", "index": "botsv3", "sourcetype": "WinEventLog:Security", "host": "SRV-DB-02", "user": "svc_deploy", "EventCode": "4688", "process_name": "powershell.exe", "CommandLine": "powershell.exe -NoProfile -ExecutionPolicy Bypass -File C:\\Scripts\\log_rotate.ps1", "label": "benign", "technique": null},
