{"_time": "2026-05-27T03:45:03+00:00", "index": "botsv3", "sourcetype": "WinEventLog:Security", "host": "WS-IT-201", "user": "pwong", "EventCode": "4688", "process_name": "cmd.exe", "CommandLine": "cmd.exe /c \"nltest /dsgetdc:corp.local\"", "label": "benign", "technique": null},
{"_time": "2026-05-27T03:46:52+00:00", "index": "botsv3", "sourcetype": "WinEventLog:Security", "host": "SRV-FILE-03", "user": "mfields", "EventCode": "4688", "process_name": "chrome.exe", "CommandLine": "\"chrome.exe\" --type=utility --utility-sub-type=network", "label": "benign", "technique": null},
{"_time": "2026-05-27T04:33:07+00:00", "index": "botsv3", "sourcetype": "WinEventLog:Security", "host": "SRV-APP-01", "user": "svc_deploy", "EventCode": "4688", "process_name": "powershell.exe", "CommandLine": "powershell.exe -NoProfile -EncodedCommand iIGuSjJ1H/bcNYcNwmnC+lFrM+wJJ/aVtLrJh3wwZAKJ", "label": "benign", "technique": null},
{"_time": "2026-05-27T04:49:40+00:00", "index": "botsv3", "sourcetype": "WinEventLog:Security", "host": "SRV-APP-01", "user": "svc_deploy", "EventCode": "4688", "process_name": "powershell.exe", "CommandLine": "powershell.exe -NoProfile -EncodedCommand ghBWxbmlxnB0/QdRH3Dx1YLfHdTSiStY9oIirK3Vm1Oa3G/xzGh6j4/Ivaj", "label": "benign", "technique": null},
{"_time": "2026-05-27T05:14:18+00:00", "index": "botsv3", "sourcetype": "WinEventLog:Security", "host": "SRV-APP-01", "user": "svc_deploy", "EventCode": "4688", "process_name": "powershell.exe", "CommandLine": "powershell.exe -NoProfile -ExecutionPolicy Bypass -File C:\\Scripts\\patch_audit.ps1", "label": "benign", "technique": null},
{"_time": "2026-05-27T05:33:15+00:00", "index": "botsv3", "sourcetype": "WinEventLog:Security", "host": "WS-IT-202", "user": "adm_lopez", "EventCode": "4688", "process_name": "powershell.exe", "CommandLine": "powershell.exe -Command \"Test-NetConnection SRV-FILE-03 -Port 445\"", "label": "benign", "technique": null},
{"_time": "2026-05-27T05:35:31+00:00", "index": "botsv3", "sourcetype": "WinEventLog:Security", "host": "WS-IT-202", "user": "hd_chen", "EventCode": "4688", "process_name": "powershell.exe", "CommandLine": "powershell.exe -File C:\\Tools\\reset_profile.ps1", "label": "benign", "technique": null},
{"_time": "2026-05-27T05:37:43+00:00", "index": "botsv3", "sourcetype": "WinEventLog:Security", "host": "WS-HR-117", "user": "pwong", "EventCode": "4688", "process_name": "outlook.exe", "CommandLine": "\"outlook.exe\" /recycle", "label": "benign", "technique": null},
{"_time": "2026-05-27T05:39:25+00:00", "index": "botsv3", "sourcetype": "WinEventLog:Security", "host": "WS-IT-202", "user": "jsmith", "EventCode": "4688", "process_name": "powershell.exe", "CommandLine": "powershell.exe -Command \"Get-Process | Sort-Object CPU -Descending\"", "label": "benign", "technique": null},
{"_time": "2026-05-27T06:07:56+00:00", "index": "botsv3", "sourcetype": "WinEventLog:Security", "host": "SRV-WEB-05", "user": "svc_deploy", "EventCode": "4688", "process_name": "powershell.exe", "CommandLine": "powershell.exe -NoProfile -ExecutionPolicy Bypass -File C:\\Scripts\\patch_audit.ps1", "label": "benign", "technique": null},
{"_time": "2026-05-27T06:41:20+00:00", "index": "botsv3", "sourcetype": "WinEventLog:Security", "host": "SRV-APP-02", "user": "svc_deploy", "EventCode": "4688", "process_name": "powershell.exe", "CommandLine": "powershell.exe -NoProfile -ExecutionPolicy Bypass -File C:\\Scripts\\deploy_sync.ps1", "label": "benign", "technique": null},
{"_time": "2026-05-27T06:56:52+00:00", "index": "botsv3", "sourcetype": "WinEventLog:Security", "host": "SRV-DB-02", "user": "svc_deploy", "EventCode": "4688", "process_name": "powershell.exe", "CommandLine": "powershell.exe -NoProfile -ExecutionPolicy Bypass -File C:\\Scripts\\cert_renew.ps1", "label": "benign", "technique": null},
{"_time": "2026-05-27T07:07:12+00:00", "index": "botsv3", "sourcetype": "WinEventLog:Security", "host": "WS-IT-202", "user": "jsmith", "EventCode": "4688", "process_name": "powershell.exe", "CommandLine": "powershell.exe -File C:\\Tools\\reset_profile.ps1", "label": "benign", "technique": null},
{"_time": "2026-05-27T07:53:46+00:00", "index": "botsv3", "sourcetype": "WinEventLog:Security", "host": "SRV-APP-01", "user": "svc_deploy", "EventCode": "4688", "process_name": "powershell.exe", "CommandLine": "powershell.exe -NoProfile -ExecutionPolicy Bypass -File C:\\Scripts\\deploy_sync.ps1", "label": "benign", "technique": null},
{"_time": "2026-05-27T07:59:42+00:00", "index": "botsv3", "sourcetype": "WinEventLog:Security", "host": "SRV-DB-02", "user": "svc_deploy", "EventCode": "4688", "process_name": "powershell.exe", "CommandLine": "powershell.exe -NoProfile -ExecutionPolicy Bypass -File C:\\Scripts\\log_rotate.ps1", "label": "benign", "technique": null},
{"_time": "2026-05-27T08:21:31+00:00", "index": "botsv3", "sourcetype": "WinEventLog:Security", "host": "WS-FIN-042", "user": "adm_lopez", "EventCode": "4688", "process_name": "powershell.exe", "CommandLine": "powershell.exe -File C:\\Tools\\reset_profile.ps1", "label": "benign", "technique": null},
{"_time": "2026-05-27T08:40:39+00:00", "index": "botsv3", "sourcetype": "WinEventLog:Security", "host": "SRV-DB-02", "user": "svc_deploy", "EventCode": "4688", "process_name": "powershell.exe", "CommandLine": "powershell.exe -NoProfile -ExecutionPolicy Bypass -File C:\\Scripts\\deploy_sync.ps1", "label": "benign", "technique": null},
{"_time": "2026-05-27T08:51:03+00:00", "index": "botsv3", "sourcetype": "WinEventLog:Security", "host": "SRV-WEB-05", "user": "svc_deploy", "EventCode": "4688", "process_name": "powershell.exe", "CommandLine": "powershell.exe -NoProfile -ExecutionPolicy Bypass -File C:\\Scripts\\deploy_sync.ps1", "label": "benign", "technique": null},
{"_time": "2026-05-27T08:53:10+00:00", "index": "botsv3", "sourcetype": "WinEventLog:Security", "host": "SRV-APP-02", "user": "svc_deploy", "EventCode": "4688", "process_name": "powershell.exe", "CommandLine": "powershell.exe -NoProfile -ExecutionPolicy Bypass -File C:\\Scripts\\cert_renew.ps1", "label": "benign", "technique": null},
{"_time": "2026-05-27T08:57:05+00:00", "index": "botsv3", "sourcetype": "WinEventLog:Security", "host": "SRV-DB-02", "user": "svc_deploy", "EventCode": "4688", "process_name": "powershell.exe", "CommandLine": "powershell.exe -NoProfile -ExecutionPolicy Bypass -File C:\\Scripts\\deploy_sync.ps1", "label": "benign", "technique": null},
{"_time": "2026-05-27T09:07:18+00:00", "index": "botsv3", "sourcetype": "WinEventLog:Security", "host": "SRV-DB-02", "user": "svc_deploy", "EventCode": "4688", "process_name": "powershell.exe", "CommandLine": "powershell.exe -NoProfile -ExecutionPolicy Bypass -File C:\\Scripts\\log_rotate.ps1", "label": "benign", "technique": null},
{"_time": "2026-05-27T09:52:21+00:00", "index": "botsv3", "sourcetype": "WinEventLog:Security", "host": "WS-HR-117", "user": "jsmith", "EventCode": "4688", "process_name": "powershell.exe", "CommandLine": "powershell.exe -Command \"Get-Process | Sort-Object CPU -Descending\"", "label": "benign", "technique": null},
{"_time": "2026-05-27T09:53:27+00:00", "index": "botsv3", "sourcetype": "WinEventLog:Security", "host": "SRV-APP-01", "user": "svc_deploy", "EventCode": "4688", "process_name": "powershell.exe", "CommandLine": "powershell.exe -NoProfile -ExecutionPolicy Bypass -File C:\\Scripts\\inventory_export.ps1", "label": "benign", "technique": null},
{"_time": "2026-05-27T09:57:01+00:00", "index": "botsv3", "sourcetype": "WinEventLog:Security", "host": "SRV-FILE-03", "user": "adm_lopez", "EventCode": "4688", "process_name": "outlook.exe", "CommandLine": "\"outlook.exe\" /recycle", "label": "benign", "technique": null},
{"_time": "2026-05-27T10:06:49+00:00", "index": "botsv3", "sourcetype": "WinEventLog:Security", "host": "SRV-APP-02", "user": "svc_deploy", "EventCode": "4688", "process_name": "powershell.exe", "CommandLine": "powershell.exe -NoProfile -ExecutionPolicy Bypass -File C:\\Scripts\\cert_renew.ps1", "label": "benign", "technique": null},
{"_time": "2026-05-27T10:26:54+00:00", "index": "botsv3", "sourcetype": "WinEventLog:Security", "host": "WS-FIN-042", "user": "pwong", "EventCode": "4688", "process_name": "outlook.exe", "CommandLine": "\"outlook.exe\" /recycle", "label": "benign", "technique": null},
{"_time": "2026-05-27T10:54:34+00:00", "index": "botsv3", "sourcetype": "WinEventLog:Security", "host": "SRV-FILE-03", "user": "jsmith", "EventCode": "4688", "process_name": "chrome.exe", "CommandLine": "\"chrome.exe\" --type=utility --utility-sub-type=network", "label": "benign", "technique": null},
{"_time": "2026-05-27T11:02:12+00:00", "index": "botsv3", "sourcetype": "WinEventLog:Security", "host": "WS-IT-201", "user": "jsmith", "EventCode": "4688", "process_name": "powershell.exe", "CommandLine": "powershell.exe -File C:\\Tools\\map_drives.ps1", "label": "benign", "technique": null},
{"_time": "2026-05-27T11:18:33+00:00", "index": "botsv3", "sourcetype": "WinEventLog:Security", "host": "WS-IT-202", "user": "akumar", "EventCode": "4688", "process_name": "chrome.exe", "CommandLine": "\"chrome.exe\" --type=utility --utility-sub-type=network", "label": "benign", "technique": null},
{"_time": "2026-05-27T11:47:29+00:00", "index": "botsv3", "sourcetype": "WinEventLog:Security", "host": "SRV-DB-02", "user": "svc_deploy", "EventCode": "4688", "process_name": "powershell.exe", "CommandLine": "powershell.exe -NoProfile -ExecutionPolicy Bypass -File C:\\Scripts\\patch_audit.ps1", "label": "benign", "technique": null},
{"_time": "2026-05-27T12:08:43+00:00", "index": "botsv3", "sourcetype": "WinEventLog:Security", "host": "SRV-WEB-05", "user": "svc_deploy", "EventCode": "4688", "process_name": "powershell.exe", "CommandLine": "powershell.exe -NoProfile -ExecutionPolicy Bypass -File C:\\Scripts\\inventory_export.ps1", "label": "benign", "technique": null},
{"_time": "2026-05-27T12:43:45+00:00", "index": "botsv3", "sourcetype": "WinEventLog:Security", "host": "SRV-WEB-05", "user": "svc_deploy", "EventCode": "4688", "process_name": "powershell.exe", "CommandLine": "powershell.exe -NoProfile -ExecutionPolicy Bypass -File C:\\Scripts\\deploy_sync.ps1", "label": "benign", "technique": null},
{"_time": "2026-05-27T13:01:26+00:00", "index": "botsv3", "sourcetype": "WinEventLog:Security", "host": "SRV-DB-02", "user": "svc_deploy", "EventCode": "4688", "process_name": "powershell.exe", "CommandLine": "powershell.exe -NoProfile -ExecutionPolicy Bypass -File C:\\Scripts\\inventory_export.ps1", "label": "benign", "technique": null},
{"_time": "2026-05-27T13:11:15+00:00", "index": "botsv3", "sourcetype": "WinEventLog:Security", "host": "SRV-APP-02", "user": "svc_deploy", "EventCode": "4688", "process_name": "powershell.exe", "CommandLine": "powershell.exe -NoProfile -ExecutionPolicy Bypass -File C:\\Scripts\\log_rotate.ps1", "label": "benign", "technique": null},
{"_time": "2026-05-27T13:56:47+00:00", "index": "botsv3", "sourcetype": "WinEventLog:Security", "host": "SRV-APP-01", "user": "svc_deploy", "EventCode": "4688", "process_name": "powershell.exe", "CommandLine": "powershell.exe -NoProfile -ExecutionPolicy Bypass -File C:\\Scripts\\log_rotate.ps1", "label": "benign", "technique": null},
{"_time": "2026-05-27T14:47:28+00:00", "index": "botsv3", "sourcetype": "WinEventLog:Security", "host": "WS-IT-202", "user": "hd_chen", "EventCode": "4688", "process_name": "powershell.exe", "CommandLine": "powershell.exe -Command \"Test-NetConnection SRV-FILE-03 -Port 445\"", "label": "benign", "technique": null},
{"_time": "2026-05-27T16:13:33+00:00", "index": "botsv3", "sourcetype": "WinEventLog:Security", "host": "WS-IT-201", "user": "jsmith", "EventCode": "4688", "process_name": "powershell.exe", "CommandLine": "powershell.exe Get-EventLog System -Newest 50", "label": "benign", "technique": null},
{"_time": "2026-05-27T16:53:31+00:00", "index": "botsv3", "sourcetype": "WinEventLog:Security", "host": "SRV-APP-02", "user": "svc_deploy", "EventCode": "4688", "process_name": "powershell.exe", "CommandLine": "powershell.exe -NoProfile -ExecutionPolicy Bypass -File C:\\Scripts\\deploy_sync.ps1", "label": "benign", "technique": null},
{"_time": "2026-05-27T17:11:24+00:00", "index": "botsv3", "sourcetype": "WinEventLog:Security", "host": "WS-IT-202", "user": "jsmith", "EventCode": "4688", "process_name": "powershell.exe", "CommandLine": "powershell.exe -Command \"Get-Process | Sort-Object CPU -Descending\"", "label": "benign", "technique": null},
{"_time": "2026-05-27T17:56:12+00:00", "index": "botsv3", "sourcetype": "WinEventLog:Security", "host": "SRV-WEB-05", "user": "svc_deploy", "EventCode": "4688", "process_name": "powershell.exe", "CommandLine": "powershell.exe -NoProfile -EncodedCommand e4YUI60aX3Fn3jrk3Pf9s70aqzew8SOI/xbcRLwI4g+ehMVuL8UccUz+o", "label": "benign", "technique": null},
{"_time": "2026-05-27T18:04:00+00:00", "index": "botsv3", "sourcetype": "WinEventLog:Security", "host": "SRV-APP-01", "user": "svc_deploy", "EventCode": "4688", "process_name": "powershell.exe", "CommandLine": "powershell.exe -NoProfile -ExecutionPolicy Bypass -File C:\\Scripts\\log_rotate.ps1", "label": "benign", "technique": null},
{"_time": "2026-05-27T18:08:37+00:00", "index": "botsv3", "sourcetype": "WinEventLog:Security", "host": "SRV-WEB-05", "user": "svc_deploy", "EventCode": "4688", "process_name": "powershell.exe", "CommandLine": "powershell.exe -NoProfile -ExecutionPolicy Bypass -File C:\\Scripts\\log_rotate.ps1", "label": "benign", "technique": null},
{"_time": "2026-05-27T18:38:27+00:00", "index": "botsv3", "sourcetype": "WinEventLog:Security", "host": "WS-IT-201", "user": "hd_chen", "EventCode": "4688", "process_name": "powershell.exe", "CommandLine": "powershell.exe -File C:\\Tools\\reset_profile.ps1", "label": "benign", "technique": null},
{"_time": "2026-05-27T19:07:46+00:00", "index": "botsv3", "sourcetype": "WinEventLog:Security", "host": "SRV-WEB-05", "user": "svc_deploy", "EventCode": "4688", "process_name": "powershell.exe", "CommandLine": "powershell.exe -NoProfile -ExecutionPolicy Bypass -File C:\\Scripts\\cert_renew.ps1", "label": "benign", "technique": null},
{"_time": "2026-05-27T19:10:59+00:00", "index": "botsv3", "sourcetype": "WinEventLog:Security", "host": "SRV-DB-02", "user": "svc_deploy", "EventCode": "4688", "process_name": "powershell.exe", "CommandLine": "powershell.exe -NoProfile -ExecutionPolicy Bypass -File C:\\Scripts\\patch_audit.ps1", "label": "benign", "technique": null},
{"_time": "2026-05-27T19:19:45+00:00", "index": "botsv3", "sourcetype": "WinEventLog:Security", "host": "WS-FIN-042", "user": "adm_lopez", "EventCode": "4688", "process_name": "cmd.exe", "CommandLine": "cmd.exe /c \"ipconfig /all\"", "label": "benign", "technique": null},
{"_time": "2026-05-27T19:24:38+00:00", "index": "botsv3", "sourcetype": "WinEventLog:Security", "host": "SRV-WEB-05", "user": "svc_deploy", "EventCode": "4688", "process_name": "powershell.exe", "CommandLine": "powershell.exe -NoProfile -ExecutionPolicy Bypass -File C:\\Scripts\\log_rotate.ps1", "label": "benign", "technique": null},
{"_time": "2026-05-27T19:32:48+00:00", "index": "botsv3", "sourcetype": "WinEventLog:Security", "host": "SRV-DB-02", "user": "svc_deploy", "EventCode": "4688", "process_name": "powershell.exe", "CommandLine": "powershell.exe -NoProfile -ExecutionPolicy Bypass -File C:\\Scripts\\inventory_export.ps1", "label": "benign", "technique": null},
{"_time": "2026-05-27T19:46:09+00:00", "index": "botsv3", "sourcetype": "WinEventLog:Security", "host": "WS-IT-201", "user": "jsmith", "EventCode": "4688", "process_name": "powershell.exe", "CommandLine": "powershell.exe -File C:\\Tools\\reset_profile.ps1", "label": "benign", "technique": null},
{"_time": "2026-05-27T20:10:51+00:00", "index": "botsv3", "sourcetype": "WinEventLog:Security", "host": "WS-IT-201", "user": "mfields", "EventCode": "4688", "process_name": "cmd.exe", "CommandLine": "cmd.exe /c \"ipconfig /all\"", "label": "benign", "technique": null},
{"_time": "2026-05-27T20:15:46+00:00", "index": "botsv3", "sourcetype": "WinEventLog:Security", "host": "SRV-APP-02", "user": "svc_deploy", "EventCode": "4688", "process_name": "powershell.exe", "CommandLine": "powershell.exe -NoProfile -ExecutionPolicy Bypass -File C:\\Scripts\\deploy_sync.ps1", "label": "benign", "technique": null},
{"_time": "2026-05-27T20:24:58+00:00", "index": "botsv3", "sourcetype": "WinEventLog:Security", "host": "SRV-APP-01", "user": "svc_deploy", "EventCode": "4688", "process_name": "powershell.exe", "CommandLine": "powershell.exe -NoProfile -EncodedCommand qtq97X8Pj4KE4yqXD0c1z+PfQLfMQSH4nntq9X3fGb", "label": "benign", "technique": null},
{"_time": "2026-05-27T20:36:55+00:00", "index": "botsv3", "sourcetype": "WinEventLog:Security", "host": "SRV-APP-01", "user": "svc_deploy", "EventCode": "4688", "process_name": "powershell.exe", "CommandLine": "powershell.exe -NoProfile -EncodedCommand VYJl6g/xRwAq2GO7vWl0Pe0BgR1+WSqGtPTXeK0wndG+7+OZ2LiHwojB9v", "label": "benign", "technique": null},
{"_time": "2026-05-27T20:48:16+00:00", "index": "botsv3", "sourcetype": "WinEventLog:Security", "host": "SRV-WEB-05", "user": "svc_deploy", "EventCode": "4688", "process_name": "powershell.exe", "CommandLine": "powershell.exe -NoProfile -ExecutionPolicy Bypass -File C:\\Scripts\\patch_audit.ps1", "label": "benign", "technique": null},
{"_time": "2026-05-27T20:48:35+00:00", "index": "botsv3", "sourcetype": "WinEventLog:Security", "host": "WS-HR-117", "user": "jsmith", "EventCode": "4688", "process_name": "cmd.exe", "CommandLine": "cmd.exe /c \"ipconfig /all\"", "label": "benign", "technique": null},
{"_time": "2026-05-27T20:50:02+00:00", "index": "botsv3", "sourcetype": "WinEventLog:Security", "host": "SRV-DB-02", "user": "svc_deploy", "EventCode": "4688", "process_name": "powershell.exe", "CommandLine": "powershell.exe -NoProfile -ExecutionPolicy Bypass -File C:\\Scripts\\log_rotate.ps1", "label": "benign", "technique": null},
{"_time": "2026-05-27T21:09:28+00:00", "index": "botsv3", "sourcetype": "WinEventLog:Security", "host": "SRV-APP-02", "user": "svc_deploy", "EventCode": "4688", "process_name": "powershell.exe", "CommandLine": "powershell.exe -NoProfile -ExecutionPolicy Bypass -File C:\\Scripts\\log_rotate.ps1", "label": "benign", "technique": null},
{"_time": "2026-05-27T21:23:09+00:00", "index": "botsv3", "sourcetype": "WinEventLog:Security", "host": "SRV-DB-02", "user": "svc_deploy", "EventCode": "4688", "process_name": "powershell.exe", "CommandLine": "powershell.exe -NoProfile -ExecutionPolicy Bypass -File C:\\Scripts\\log_rotate.ps1", "label": "benign", "technique": null},
{"_time": "2026-05-27T21:57:04+00:00", "index": "botsv3", "sourcetype": "WinEventLog:Security", "host": "WS-FIN-042", "user": "hd_chen", "EventCode": "4688", "process_name": "powershell.exe", "CommandLine": "powershell.exe -File C:\\Tools\\reset_profile.ps1", "label": "benign", "technique": null},
{"_time": "2026-05-27T22:38:33+00:00", "index": "botsv3", "sourcetype": "WinEventLog:Security", "host": "SRV-APP-02", "user": "svc_deploy", "EventCode": "4688", "process_name": "powershell.exe", "CommandLine": "powershell.exe -NoProfile -EncodedCommand bHtMncXu0X7sgr2yEjlPYN9ZipbGnSBKTuehoBlER3e7WoV5gpkb", "label": "benign", "technique": null},
{"_time": "2026-05-27T23:24:05+00:00", "index": "botsv3", "sourcetype": "WinEventLog:Security", "host": "WS-IT-202", "user": "mfields", "EventCode": "4688", "process_name": "cmd.exe", "CommandLine": "cmd.exe /c \"ipconfig /all\"", "label": "benign", "technique": null},
{"_time": "2026-05-27T23:25:19+00:00", "index": "botsv3", "sourcetype": "WinEventLog:Security", "host": "SRV-DB-02", "user": "svc_deploy", "EventCode": "4688", "process_name": "powershell.exe", "CommandLine": "powershell.exe -NoProfile -ExecutionPolicy Bypass -File C:\\Scripts\\cert_renew.ps1", "label": "benign", "technique": null},
{"_time": "2026-05-27T23:38:38+00:00", "index": "botsv3", "sourcetype": "WinEventLog:Security", "host": "WS-FIN-042", "user": "jsmith", "EventCode": "4688", "process_name": "powershell.exe", "CommandLine": "powershell.exe -File C:\\Tools\\map_drives.ps1", "label": "benign", "technique": null},
{"_time": "2026-05-28T00:15:57+00:00", "index": "botsv3", "sourcetype": "WinEventLog:Security", "host": "WS-HR-117", "user": "adm_lopez", "EventCode": "4688", "process_name": "powershell.exe", "CommandLine": "powershell.exe -Command \"Get-Process | Sort-Object CPU -Descending\"", "label": "benign", "technique": null},
{"_time": "2026-05-28T00:17:13+00:00", "index": "botsv3", "sourcetype": "WinEventLog:Security", "host": "SRV-DB-02", "user": "svc_deploy", "EventCode": "4688", "process_name": "powershell.exe", "CommandLine": "powershell.exe -NoProfile -ExecutionPolicy Bypass -File C:\\Scripts\\inventory_export.ps1", "label": "benign", "technique": null},
{"_time": "2026-05-28T00:27:35+00:00", "index": "botsv3", "sourcetype": "WinEventLog:Security", "host": "SRV-DB-02", "user": "svc_deploy", "EventCode": "4688", "process_name": "powershell.exe", "CommandLine": "powershell.exe -NoProfile -EncodedCommand snftNS7zzq9PNJGrpS1vtNvPcrUSRA0sL7SErohipAdQ9", "label": "benign", "technique": null},
{"_time": "2026-05-28T01:04:58+00:00", "index": "botsv3", "sourcetype": "WinEventLog:Security", "host": "SRV-WEB-05", "user": "svc_deploy", "EventCode": "4688", "process_name": "powershell.exe", "CommandLine": "powershell.exe -NoProfile -ExecutionPolicy Bypass -File C:\\Scripts\\deploy_sync.ps1", "label": "benign", "technique": null},
{"_time": "2026-05-28T01:06:36+00:00", "index": "botsv3", "sourcetype": "WinEventLog:Security", "host": "WS-IT-201", "user": "hd_chen", "EventCode": "4688", "process_name": "chrome.exe", "CommandLine": "\"chrome.exe\" --type=renderer --lang=en-US", "label": "benign", "technique": null},
{"_time": "2026-05-28T01:36:27+00:00", "index": "botsv3", "sourcetype": "WinEventLog:Security", "host": "WS-FIN-042", "user": "jsmith", "EventCode": "4688", "process_name": "powershell.exe", "CommandLine": "powershell.exe Get-EventLog System -Newest 50", "label": "benign", "technique": null},
{"_time": "2026-05-28T01:51:13+00:00", "index": "botsv3", "sourcetype": "WinEventLog:Security", "host": "SRV-WEB-05", "user": "svc_deploy", "EventCode": "4688", "process_name": "powershell.exe", "CommandLine": "powershell.exe -NoProfile -ExecutionPolicy Bypass -File C:\\Scripts\\deploy_sync.ps1", "label": "benign", "technique": null},
{"_time": "2026-05-28T02:05:45+00:00", "index": "botsv3", "sourcetype": "WinEventLog:Security", "host": "SRV-APP-01", "user": "svc_deploy", "EventCode": "4688", "process_name": "powershell.exe", "CommandLine": "powershell.exe -NoProfile -EncodedCommand 5G66G5uk5dc1LDAKN6ur4FmDiP5Bci+uUJ7EIV2W7aGpCtkDLsoj", "label": "benign", "technique": null},
{"_time": "2026-05-28T02:30:14+00:00", "index": "botsv3", "sourcetype": "WinEventLog:Security", "host": "WS-IT-201", "user": "mfields", "EventCode": "4688", "process_name": "chrome.exe", "CommandLine": "\"chrome.exe\" --type=renderer --lang=en-US", "label": "benign", "technique": null},
{"_time": "2026-05-28T02:33:26+00:00", "index": "botsv3", "sourcetype": "WinEventLog:Security", "host": "SRV-APP-01", "user": "svc_deploy", "EventCode": "4688", "process_name": "powershell.exe", "CommandLine": "powershell.exe -NoProfile -ExecutionPolicy Bypass -File C:\\Scripts\\inventory_export.ps1", "label": "benign", "technique": null},
{"_time": "2026-05-28T02:35:05+00:00", "index": "botsv3", "sourcetype": "WinEventLog:Security", "host": "SRV-DB-02", "user": "svc_deploy", "EventCode": "4688", "process_name": "powershell.exe", "CommandLine": "powershell.exe -NoProfile -ExecutionPolicy Bypass -File C:\\Scripts\\cert_renew.ps1", "label": "benign", "technique": null},
{"_time": "2026-05-28T02:35:21+00:00", "index": "botsv3", "sourcetype": "WinEventLog:Security", "host": "SRV-APP-02", "user": "svc_deploy", "EventCode": "4688", "process_name": "powershell.exe", "CommandLine": "powershell.exe -NoProfile -ExecutionPolicy Bypass -File C:\\Scripts\\log_rotate.ps1", "label": "benign", "technique": null},
{"_time": "2026-05-28T02:38:15+00:00", "index": "botsv3", "sourcetype": "WinEventLog:Security", "host": "SRV-APP-01", "user": "svc_deploy", "EventCode": "4688", "process_name": "powershell.exe", "CommandLine": "powershell.exe -NoProfile -EncodedCommand UJj9CsioikZupdVAQy57GDLX3B9yw8j0O5wmLroLvNncUYBquTJTi4AGfm", "label": "benign", "technique": null},
{"_time": "2026-05-28T02:50:56+00:00", "index": "botsv3", "sourcetype": "WinEventLog:Security", "host": "WS-IT-202", "user": "jsmith", "EventCode": "4688", "process_name": "outlook.exe", "CommandLine": "\"outlook.exe\" /recycle", "label": "benign", "technique": null},
{"_time": "2026-05-28T03:05:46+00:00", "index": "botsv3", "sourcetype": "WinEventLog:Security", "host": "SRV-APP-02", "user": "svc_deploy", "EventCode": "4688", "process_name": "powershell.exe", "CommandLine": "powershell.exe -NoProfile -EncodedCommand 4calE3i9yFRHIzClE0nh/lM0HJqhvJlRu1fYA1hRh7CkR7F9fRJ2UQ0", "label": "benign", "technique": null},
{"_time": "2026-05-28T03:07:45+00:00", "index": "botsv3", "sourcetype": "WinEventLog:Security", "host": "WS-FIN-042", "user": "adm_lopez", "EventCode": "4688", "process_name": "powershell.exe", "CommandLine": "powershell.exe -Command \"Get-Service -Name Spooler\"", "label": "benign", "technique": null},
{"_time": "2026-05-28T03:08:06+00:00", "index": "botsv3", "sourcetype": "WinEventLog:Security", "host": "SRV-DB-02", "user": "svc_deploy", "EventCode": "4688", "process_name": "powershell.exe", "CommandLine": "powershell.exe -NoProfile -ExecutionPolicy Bypass -File C:\\Scripts\\inventory_export.ps1", "label": "benign", "technique": null},
{"_time": "2026-05-28T03:13:46+00:00", "index": "botsv3", "sourcetype": "WinEventLog:Security", "host": "WS-IT-202", "user": "hd_chen", "EventCode": "4688", "process_name": "powershell.exe", "CommandLine": "powershell.exe -File C:\\Tools\\map_drives.ps1", "label": "benign", "technique": null},
{"_time": "2026-05-28T03:38:48+00:00", "index": "botsv3", "sourcetype": "WinEventLog:Security", "host": "SRV-APP-01", "user": "svc_deploy", "EventCode": "4688", "process_name": "powershell.exe", "CommandLine": "powershell.exe -NoProfile -EncodedCommand Y9lM7xfqmcenJWvVIKLIAr5k2y9OlbZfWkZvRMyHPTv", "label": "benign", "technique": null},
{"_time": "2026-05-28T03:42:15+00:00", "index": "botsv3", "sourcetype": "WinEventLog:Security", "host": "SRV-APP-02", "user": "svc_deploy", "EventCode": "4688", "process_name": "powershell.exe", "CommandLine": "powershell.exe -NoProfile -EncodedCommand XR1YAPigctRHLAOtT/3vzMJyZvqNDtR2OTaXY3CA+HAZDA/rVnu+7MBw", "label": "benign", "technique": null},
{"_time": "2026-05-28T03:50:00+00:00", "index": "botsv3", "sourcetype": "WinEventLog:Security", "host": "SRV-DB-02", "user": "svc_deploy", "EventCode": "4688", "process_name": "powershell.exe", "CommandLine": "powershell.exe -NoProfile -ExecutionPolicy Bypass -File C:\\Scripts\\deploy_sync.ps1", "label": "benign", "technique": null},
{"_time": "2026-05-28T05:07:43+00:00", "index": "botsv3", "sourcetype": "WinEventLog:Security", "host": "SRV-WEB-05", "user": "svc_deploy", "EventCode": "4688", "process_name": "powershell.exe", "CommandLine": "powershell.exe -NoProfile -ExecutionPolicy Bypass -File C:\\Scripts\\inventory_export.ps1", "label": "benign", "technique": null},
{"_time": "2026-05-28T05:07:57+00:00", "index": "botsv3", "sourcetype": "WinEventLog:Security", "host": "WS-IT-201", "user": "mfields", "EventCode": "4688", "process_name": "outlook.exe", "CommandLine": "\"outlook.exe\" /recycle", "label": "benign", "technique": null},
{"_time": "2026-05-28T05:20:48+00:00", "index": "botsv3", "sourcetype": "WinEventLog:Security", "host": "SRV-WEB-05", "user": "svc_deploy", "EventCode": "4688", "process_name": "powershell.exe", "CommandLine": "powershell.exe -NoProfile -ExecutionPolicy Bypass -File C:\\Scripts\\deploy_sync.ps1", "label": "benign", "technique": null},
{"_time": "2026-05-28T06:11:58+00:00", "index": "botsv3", "sourcetype": "WinEventLog:Security", "host": "SRV-APP-02", "user": "svc_deploy", "EventCode": "4688", "process_name": "powershell.exe", "CommandLine": "powershell.exe -NoProfile -ExecutionPolicy Bypass -File C:\\Scripts\\deploy_sync.ps1", "label": "benign", "technique": null},
{"_time": "2026-05-28T06:18:06+00:00", "index": "botsv3", "sourcetype": "WinEventLog:Security", "host": "SRV-FILE-03", "user": "hd_chen", "EventCode": "4688", "process_name": "chrome.exe", "CommandLine": "\"chrome.exe\" --type=renderer --lang=en-US", "label": "benign", "technique": null},
{"_time": "2026-05-28T06:20:51+00:00", "index": "botsv3", "sourcetype": "WinEventLog:Security", "host": "SRV-APP-02", "user": "svc_deploy", "EventCode": "4688", "process_name": "powershell.exe", "CommandLine": "powershell.exe -NoProfile -ExecutionPolicy Bypass -File C:\\Scripts\\cert_renew.ps1", "label": "benign", "technique": null},
{"_time": "2026-05-28T06:40:04+00:00", "index": "botsv3", "sourcetype": "WinEventLog:Security", "host": "SRV-APP-02", "user": "svc_deploy", "EventCode": "4688", "process_name": "powershell.exe", "CommandLine": "powershell.exe -NoProfile -ExecutionPolicy Bypass -File C:\\Scripts\\log_rotate.ps1", "label": "benign", "technique": null},
{"_time": "2026-05-28T06:58:31+00:00", "index": "botsv3", "sourcetype": "WinEventLog:Security", "host": "SRV-DB-02", "user": "svc_deploy", "EventCode": "4688", "process_name": "powershell.exe", "CommandLine": "powershell.exe -NoProfile -ExecutionPolicy Bypass -File C:\\Scripts\\deploy_sync.ps1", "label": "benign", "technique": null},
{"_time": "2026-05-28T07:14:29+00:00", "index": "botsv3", "sourcetype": "WinEventLog:Security", "host": "WS-IT-201", "user": "jsmith", "EventCode": "4688", "process_name": "powershell.exe", "CommandLine": "powershell.exe -File C:\\Tools\\map_drives.ps1", "label": "benign", "technique": null},
{"_time": "2026-05-28T08:34:31+00:00", "index": "botsv3", "sourcetype": "WinEventLog:Security", "host": "SRV-DB-02", "user": "svc_deploy", "EventCode": "4688", "process_name": "powershell.exe", "CommandLine": "powershell.exe -NoProfile -ExecutionPolicy Bypass -File C:\\Scripts\\log_rotate.ps1", "label": "benign", "technique": null},
{"_time": "2026-05-28T08:34:57+00:00", "index": "botsv3", "sourcetype": "WinEventLog:Security", "host": "WS-IT-201", "user": "hd_chen", "EventCode": "4688", "process_name": "powershell.exe", "CommandLine": "powershell.exe -Command \"Get-Process | Sort-Object CPU -Descending\"", "label": "benign", "technique": null},
{"_time": "2026-05-28T08:35:29+00:00", "index": "botsv3", "sourcetype": "WinEventLog:Security", "host": "WS-IT-202", "user": "jsmith", "EventCode": "4688", "process_name": "cmd.exe", "CommandLine": "cmd.exe /c \"ipconfig /all\"", "label": "benign", "technique": null},
{"_time": "2026-05-28T08:46:01+00:00", "index": "botsv3", "sourcetype": "WinEventLog:Security", "host": "WS-HR-117", "user": "mfields", "EventCode": "4688", "process_name": "cmd.exe", "CommandLine": "cmd.exe /c \"ipconfig /all\"", "label": "benign", "technique": null},
{"_time": "2026-05-28T09:04:28+00:00", "index": "botsv3", "sourcetype": "WinEventLog:Security", "host": "WS-IT-202", "user": "hd_chen", "EventCode": "4688", "process_name": "powershell.exe", "CommandLine": "powershell.exe -File C:\\Tools\\reset_profile.ps1", "label": "benign", "technique": null},
{"_time": "2026-05-28T09:50:26+00:00", "index": "botsv3", "sourcetype": "WinEventLog:Security", "host": "SRV-APP-02", "user": "svc_deploy", "EventCode": "4688", "process_name": "powershell.exe", "CommandLine": "powershell.exe -NoProfile -ExecutionPolicy Bypass -File C:\\Scripts\\patch_audit.ps1", "label": "benign", "technique": null},
{"_time": "2026-05-28T10:04:20+00:00", "index": "botsv3", "sourcetype": "WinEventLog:Security", "host": "SRV-DB-02", "user": "svc_deploy", "EventCode": "4688", "process_name": "powershell.exe", "CommandLine": "powershell.exe -NoProfile -ExecutionPolicy Bypass -File C:\\Scripts\\cert_renew.ps1", "label": "benign", "technique": null},
{"_time": "2026-05-28T10:18:27+00:00", "index": "botsv3", "sourcetype": "WinEventLog:Security", "host": "WS-IT-201", "user": "jsmith", "EventCode": "4688", "process_name": "powershell.exe", "CommandLine": "powershell.exe -File C:\\Tools\\map_drives.ps1", "label": "benign", "technique": null},
{"_time": "2026-05-28T10:50:46+00:00", "index": "botsv3", "sourcetype": "WinEventLog:Security", "host": "SRV-WEB-05", "user": "svc_deploy", "EventCode": "4688", "process_name": "powershell.exe", "CommandLine": "powershell.exe -NoProfile -ExecutionPolicy Bypass -File C:\\Scripts\\patch_audit.ps1", "label": "benign", "technique": null},
{"_time": "2026-05-28T11:02:34+00:00", "index": "botsv3", "sourcetype": "WinEventLog:Security", "host": "SRV-APP-02", "user": "svc_deploy", "EventCode": "4688", "process_name": "powershell.exe", "CommandLine": "powershell.exe -NoProfile -EncodedCommand HZFRhpDxIiP9uYoHHCY4sLH8T9ASpCwYdfgpRZutrHefOT4ADito9OrKC57u", "label": "benign", "technique": null},
{"_time": "2026-05-28T11:04:20+00:00", "index": "botsv3", "sourcetype": "WinEventLog:Security", "host": "WS-HR-117", "user": "hd_chen", "EventCode": "4688", "process_name": "powershell.exe", "CommandLine": "powershell.exe -File C:\\Tools\\map_drives.ps1", "label": "benign", "technique": null},
{"_time": "2026-05-28T11:56:34+00:00", "index": "botsv3", "sourcetype": "WinEventLog:Security", "host": "WS-IT-201", "user": "adm_lopez", "EventCode": "4688", "process_name": "powershell.exe", "CommandLine": "powershell.exe -Command \"Test-NetConnection SRV-FILE-03 -Port 445\"", "label": "benign", "technique": null},
{"_time": "2026-05-28T12:00:17+00:00", "index": "botsv3", "sourcetype": "WinEventLog:Security", "host": "WS-HR-117", "user": "adm_lopez", "EventCode": "4688", "process_name": "cmd.exe", "CommandLine": "cmd.exe /c \"nltest /dsgetdc:corp.local\"", "label": "benign", "technique": null},
{"_time": "2026-05-28T12:02:15+00:00", "index": "botsv3", "sourcetype": "WinEventLog:Security", "host": "SRV-WEB-05", "user": "svc_deploy", "EventCode": "4688", "process_name": "powershell.exe", "CommandLine": "powershell.exe -NoProfile -ExecutionPolicy Bypass -File C:\\Scripts\\patch_audit.ps1", "label": "benign", "technique": null},
{"_time": "2026-05-28T12:25:50+00:00", "index": "botsv3", "sourcetype": "WinEventLog:Security", "host": "SRV-WEB-05", "user": "svc_deploy", "EventCode": "4688", "process_name": "powershell.exe", "CommandLine": "powershell.exe -NoProfile -EncodedCommand O6TLLE4cINasn6MEpEr+++HNm0s5b/EU5/0hfBMjd", "label": "benign", "technique": null},
{"_time": "2026-05-28T14:02:20+00:00", "index": "botsv3", "sourcetype": "WinEventLog:Security", "host": "SRV-DB-02", "user": "svc_deploy", "EventCode": "4688", "process_name": "powershell.exe", "CommandLine": "powershell.exe -NoProfile -ExecutionPolicy Bypass -File C:\\Scripts\\patch_audit.ps1", "label": "benign", "technique": null},
{"_time": "2026-05-28T14:05:02+00:00", "index": "botsv3", "sourcetype": "WinEventLog:Security", "host": "SRV-FILE-03", "user": "pwong", "EventCode": "4688", "process_name": "chrome.exe", "CommandLine": "\"chrome.exe\" --type=renderer --lang=en-US", "label": "benign", "technique": null},
{"_time": "2026-05-28T14:18:54+00:00", "index": "botsv3", "sourcetype": "WinEventLog:Security", "host": "SRV-WEB-05", "user": "svc_deploy", "EventCode": "4688", "process_name": "powershell.exe", "CommandLine": "powershell.exe -NoProfile -EncodedCommand 0aYEeAnrwUo6GDRVUD2mcDPh2wb0WQzkvloFAFhe3pucV7ZhxMS/7", "label": "benign", "technique": null},
{"_time": "2026-05-28T14:24:42+00:00", "index": "botsv3", "sourcetype": "WinEventLog:Security", "host": "SRV-FILE-03", "user": "jsmith", "EventCode": "4688", "process_name": "chrome.exe", "CommandLine": "\"chrome.exe\" --type=renderer --lang=en-US", "label": "benign", "technique": null},
{"_time": "2026-05-28T14:35:38+00:00", "index": "botsv3", "sourcetype": "WinEventLog:Security", "host": "WS-FIN-042", "user": "jsmith", "EventCode": "4688", "process_name": "powershell.exe", "CommandLine": "powershell.exe Get-EventLog System -Newest 50", "label": "benign", "technique": null},
{"_time": "2026-05-28T15:02:41+00:00", "index": "botsv3", "sourcetype": "WinEventLog:Security", "host": "SRV-APP-01", "user": "svc_deploy", "EventCode": "4688", "process_name": "powershell.exe", "CommandLine": "powershell.exe -NoProfile -ExecutionPolicy Bypass -File C:\\Scripts\\patch_audit.ps1", "label": "benign", "technique": null},
{"_time": "2026-05-28T15:59:27+00:00", "index": "botsv3", "sourcetype": "WinEventLog:Security", "host": "SRV-APP-02", "user": "svc_deploy", "EventCode": "4688", "process_name": "powershell.exe", "CommandLine": "powershell.exe -NoProfile -ExecutionPolicy Bypass -File C:\\Scripts\\deploy_sync.ps1", "label": "benign", "technique": null},
{"_time": "2026-05-28T17:54:18+00:00", "index": "botsv3", "sourcetype": "WinEventLog:Security", "host": "SRV-APP-02", "user": "svc_deploy", "EventCode": "4688", "process_name": "powershell.exe", "CommandLine": "powershell.exe -NoProfile -ExecutionPolicy Bypass -File C:\\Scripts\\log_rotate.ps1", "label": "benign", "technique": null},
{"_time": "2026-05-28T17:55:46+00:00", "index": "botsv3", "sourcetype": "WinEventLog:Security", "host": "SRV-APP-02", "user": "svc_deploy", "EventCode": "4688", "process_name": "powershell.exe", "CommandLine": "powershell.exe -NoProfile -ExecutionPolicy Bypass -File C:\\Scripts\\patch_audit.ps1", "label": "benign", "technique": null},
{"_time": "2026-05-28T18:07:02+00:00", "index": "botsv3", "sourcetype": "WinEventLog:Security", "host": "SRV-DB-02", "user": "svc_deploy", "EventCode": "4688", "process_name": "powershell.exe", "CommandLine": "powershell.exe -NoProfile -ExecutionPolicy Bypass -File C:\\Scripts\\inventory_export.ps1", "label": "benign", "technique": null},
{"_time": "2026-05-28T18:10:10+00:00", "index": "botsv3", "sourcetype": "WinEventLog:Security", "host": "WS-HR-117", "user": "hd_chen", "EventCode": "4688", "process_name": "powershell.exe", "CommandLine": "powershell.exe -Command \"Get-Process | Sort-Object CPU -Descending\"", "label": "benign", "technique": null},
{"_time": "2026-05-28T18:10:46+00:00", "index": "botsv3", "sourcetype": "WinEventLog:Security", "host": "WS-IT-201", "user": "hd_chen", "EventCode": "4688", "process_name": "powershell.exe", "CommandLine": "powershell.exe Get-EventLog System -Newest 50", "label": "benign", "technique": null},
{"_time": "2026-05-28T18:48:23+00:00", "index": "botsv3", "sourcetype": "WinEventLog:Security", "host": "SRV-DB-02", "user": "svc_deploy", "EventCode": "4688", "process_name": "powershell.exe", "CommandLine": "powershell.exe -NoProfile -EncodedCommand QXBU6i6nBk3x77dqrTE+8lGcGZE+T2kLHkswmBchHdhsE3P6WiRinW", "label": "benign", "technique": null},
{"_time": "2026-05-28T18:58:49+00:00", "index": "botsv3", "sourcetype": "WinEventLog:Security", "host": "SRV-DB-02", "user": "svc_deploy", "EventCode": "4688", "process_name": "powershell.exe", "CommandLine": "powershell.exe -NoProfile -ExecutionPolicy Bypass -File C:\\Scripts\\patch_audit.ps1", "label": "benign", "technique": null},
{"_time": "2026-05-28T19:28:12+00:00", "index": "botsv3", "sourcetype": "WinEventLog:Security", "host": "SRV-APP-02", "user": "svc_deploy", "EventCode": "4688", "process_name": "powershell.exe", "CommandLine": "powershell.exe -NoProfile -ExecutionPolicy Bypass -File C:\\Scripts\\patch_audit.ps1", "label": "benign", "technique": null},
{"_time": "2026-05-28T19:30:27+00:00", "index": "botsv3", "sourcetype": "WinEventLog:Security", "host": "SRV-APP-01", "user": "svc_deploy", "EventCode": "4688", "process_name": "powershell.exe", "CommandLine": "powershell.exe -NoProfile -EncodedCommand 84yaMyfqDlCNDva6VrkHpqX4A/U02tqIPZjhsWvXDTJdgve", "label": "benign", "technique": null},
{"_time": "2026-05-28T19:41:40+00:00", "index": "botsv3", "sourcetype": "WinEventLog:Security", "host": "SRV-APP-01", "user": "svc_deploy", "EventCode": "4688", "process_name": "powershell.exe", "CommandLine": "powershell.exe -NoProfile -EncodedCommand ufSA2B7FN2qjoRd2ESf1E0A4Rh8ajrrWuqkyKUM6IqJMnXvVzlh", "label": "benign", "technique": null},
{"_time": "2026-05-28T19:56:49+00:00", "index": "botsv3", "sourcetype": "WinEventLog:Security", "host": "WS-IT-202", "user": "jsmith", "EventCode": "4688", "process_name": "powershell.exe", "CommandLine": "powershell.exe -File C:\\Tools\\map_drives.ps1", "label": "benign", "technique": null},
{"_time": "2026-05-28T20:10:40+00:00", "index": "botsv3", "sourcetype": "WinEventLog:Security", "host": "WS-HR-117", "user": "mfields", "EventCode": "4688", "process_name": "chrome.exe", "CommandLine": "\"chrome.exe\" --type=renderer --lang=en-US", "label": "benign", "technique": null},
{"_time": "2026-05-28T20:44:01+00:00", "index": "botsv3", "sourcetype": "WinEventLog:Security", "host": "SRV-WEB-05", "user": "svc_deploy", "EventCode": "4688", "process_name": "powershell.exe", "CommandLine": "powershell.exe -NoProfile -EncodedCommand GOw9nFgWr/VDISsHjJ96DepnyDfyLZqf3WxJClLQI43iz4gs1n7LU7x1l", "label": "benign", "technique": null},
{"_time": "2026-05-28T21:02:59+00:00", "index": "botsv3", "sourcetype": "WinEventLog:Security", "host": "SRV-APP-01", "user": "svc_deploy", "EventCode": "4688", "process_name": "powershell.exe", "CommandLine": "powershell.exe -NoProfile -ExecutionPolicy Bypass -File C:\\Scripts\\inventory_export.ps1", "label": "benign", "technique": null},
{"_time": "2026-05-28T21:54:50+00:00", "index": "botsv3", "sourcetype": "WinEventLog:Security", "host": "WS-IT-201", "user": "adm_lopez", "EventCode": "4688", "process_name": "powershell.exe", "CommandLine": "powershell.exe -File C:\\Tools\\reset_profile.ps1", "label": "benign", "technique": null},
{"_time": "2026-05-28T22:09:41+00:00", "index": "botsv3", "sourcetype": "WinEventLog:Security", "host": "SRV-DB-02", "user": "svc_deploy", "EventCode": "4688", "process_name": "powershell.exe", "CommandLine": "powershell.exe -NoProfile -ExecutionPolicy Bypass -File C:\\Scripts\\deploy_sync.ps1", "label": "benign", "technique": null},
{"_time": "2026-05-28T22:33:05+00:00", "index": "botsv3", "sourcetype": "WinEventLog:Security", "host": "SRV-DB-02", "user": "svc_deploy", "EventCode": "4688", "process_name": "powershell.exe", "CommandLine": "powershell.exe -NoProfile -ExecutionPolicy Bypass -File C:\\Scripts\\cert_renew.ps1", "label": "benign", "technique": null},
{"_time": "2026-05-28T22:36:49+00:00", "index": "botsv3", "sourcetype": "WinEventLog:Security", "host": "SRV-WEB-05", "user": "svc_deploy", "EventCode": "4688", "process_name": "powershell.exe", "CommandLine": "powershell.exe -NoProfile -ExecutionPolicy Bypass -File C:\\Scripts\\inventory_export.ps1", "label": "benign", "technique": null},
{"_time": "2026-05-28T22:36:52+00:00", "index": "botsv3", "sourcetype": "WinEventLog:Security", "host": "WS-IT-202", "user": "adm_lopez", "EventCode": "4688", "process_name": "powershell.exe", "CommandLine": "powershell.exe -File C:\\Tools\\map_drives.ps1", "label": "benign", "technique": null},
{"_time": "2026-05-28T22:38:44+00:00", "index": "botsv3", "sourcetype": "WinEventLog:Security", "host": "WS-HR-117", "user": "akumar", "EventCode": "4688", "process_name": "cmd.exe", "CommandLine": "cmd.exe /c \"nltest /dsgetdc:corp.local\"", "label": "benign", "technique": null},
{"_time": "2026-05-28T22:42:09+00:00", "index": "botsv3", "sourcetype": "WinEventLog:Security", "host": "SRV-DB-02", "user": "svc_deploy", "EventCode": "4688", "process_name": "powershell.exe", "CommandLine": "powershell.exe -NoProfile -ExecutionPolicy Bypass -File C:\\Scripts\\inventory_export.ps1", "label": "benign", "technique": null},
{"_time": "2026-05-28T22:42:41+00:00", "index": "botsv3", "sourcetype": "WinEventLog:Security", "host": "WS-IT-202", "user": "hd_chen", "EventCode": "4688", "process_name": "powershell.exe", "CommandLine": "powershell.exe -File C:\\Tools\\reset_profile.ps1", "label": "benign", "technique": null},
{"_time": "2026-05-28T22:48:06+00:00", "index": "botsv3", "sourcetype": "WinEventLog:Security", "host": "SRV-FILE-03", "user": "jsmith", "EventCode": "4688", "process_name": "cmd.exe", "CommandLine": "cmd.exe /c \"nltest /dsgetdc:corp.local\"", "label": "benign", "technique": null},
{"_time": "2026-05-28T23:02:13+00:00", "index": "botsv3", "sourcetype": "WinEventLog:Security", "host": "SRV-APP-02", "user": "svc_deploy", "EventCode": "4688", "process_name": "powershell.exe", "CommandLine": "powershell.exe -NoProfile -ExecutionPolicy Bypass -File C:\\Scripts\\inventory_export.ps1", "label": "benign", "technique": null},
{"_time": "2026-05-28T23:05:36+00:00", "index": "botsv3", "sourcetype": "WinEventLog:Security", "host": "WS-IT-201", "user": "mfields", "EventCode": "4688", "process_name": "chrome.exe", "CommandLine": "\"chrome.exe\" --type=utility --utility-sub-type=network", "label": "benign", "technique": null},
{"_time": "2026-05-28T23:08:59+00:00", "index": "botsv3", "sourcetype": "WinEventLog:Security", "host": "SRV-FILE-03", "user": "hd_chen", "EventCode": "4688", "process_name": "cmd.exe", "CommandLine": "cmd.exe /c \"ipconfig /all\"", "label": "benign", "technique": null},
{"_time": "2026-05-28T23:23:23+00:00", "index": "botsv3", "sourcetype": "WinEventLog:Security", "host": "SRV-APP-01", "user": "svc_deploy", "EventCode": "4688", "process_name": "powershell.exe", "CommandLine": "powershell.exe -NoProfile -ExecutionPolicy Bypass -File C:\\Scripts\\log_rotate.ps1", "label": "benign", "technique": null},
{"_time": "2026-05-28T23:54:24+00:00", "index": "botsv3", "sourcetype": "WinEventLog:Security", "host": "SRV-APP-02", "user": "svc_deploy", "EventCode": "4688", "process_name": "powershell.exe", "CommandLine": "powershell.exe -NoProfile -ExecutionPolicy Bypass -File C:\\Scripts\\cert_renew.ps1", "label": "benign", "technique": null},
{"_time": "2026-05-29T00:08:33+00:00", "index": "botsv3", "sourcetype": "WinEventLog:Security", "host": "WS-HR-117", "user": "jsmith", "EventCode": "4688", "process_name": "powershell.exe", "CommandLine": "powershell.exe -Command \"Get-Process | Sort-Object CPU -Descending\"", "label": "benign", "technique": null},
{"_time": "2026-05-29T00:11:37+00:00", "index": "botsv3", "sourcetype": "WinEventLog:Security", "host": "SRV-DB-02", "user": "svc_deploy", "EventCode": "4688", "process_name": "powershell.exe", "CommandLine": "powershell.exe -NoProfile -ExecutionPolicy Bypass -File C:\\Scripts\\inventory_export.ps1", "label": "benign", "technique": null},
{"_time": "2026-05-29T00:59:00+00:00", "index": "botsv3", "sourcetype": "WinEventLog:Security", "host": "SRV-APP-01", "user": "svc_deploy", "EventCode": "4688", "process_name": "powershell.exe", "CommandLine": "powershell.exe -NoProfile -ExecutionPolicy Bypass -File C:\\Scripts\\log_rotate.ps1", "label": "benign", "technique": null},
{"_time": "2026-05-29T01:37:46+00:00", "index": "botsv3", "sourcetype": "WinEventLog:Security", "host": "SRV-WEB-05", "user": "svc_deploy", "EventCode": "4688", "process_name": "powershell.exe", "CommandLine": "powershell.exe -NoProfile -ExecutionPolicy Bypass -File C:\\Scripts\\deploy_sync.ps1", "label": "benign", "technique": null},
{"_time": "2026-05-29T01:38:39+00:00", "index": "botsv3", "sourcetype": "WinEventLog:Security", "host": "SRV-APP-02", "user": "svc_deploy", "EventCode": "4688", "process_name": "powershell.exe", "CommandLine": "powershell.exe -NoProfile -ExecutionPolicy Bypass -File C:\\Scripts\\inventory_export.ps1", "label": "benign", "technique": null},
{"_time": "2026-05-29T01:50:14+00:00", "index": "botsv3", "sourcetype": "WinEventLog:Security", "host": "SRV-DB-02", "user": "svc_deploy", "EventCode": "4688", "process_name": "powershell.exe", "CommandLine": "powershell.exe -NoProfile -ExecutionPolicy Bypass -File C:\\Scripts\\patch_audit.ps1", "label": "benign", "technique": null},
{"_time": "2026-05-29T02:15:18+00:00", "index": "botsv3", "sourcetype": "WinEventLog:Security", "host": "WS-FIN-042", "user": "pwong", "EventCode": "4688", "process_name": "cmd.exe", "CommandLine": "cmd.exe /c \"ipconfig /all\"", "label": "benign", "technique": null},
{"_time": "2026-05-29T02:16:59+00:00", "index": "botsv3", "sourcetype": "WinEventLog:Security", "host": "SRV-APP-02", "user": "svc_deploy", "EventCode": "4688", "process_name": "powershell.exe", "CommandLine": "powershell.exe -NoProfile -ExecutionPolicy Bypass -File C:\\Scripts\\log_rotate.ps1", "label": "benign", "technique": null},
{"_time": "2026-05-29T02:31:54+00:00", "index": "botsv3", "sourcetype": "WinEventLog:Security", "host": "SRV-DB-02", "user": "svc_deploy", "EventCode": "4688", "process_name": "powershell.exe", "CommandLine": "powershell.exe -NoProfile -ExecutionPolicy Bypass -File C:\\Scripts\\patch_audit.ps1", "label": "benign", "technique": null},
{"_time": "2026-05-29T02:37:06+00:00", "index": "botsv3", "sourcetype": "WinEventLog:Security", "host": "WS-HR-117", "user": "jsmith", "EventCode": "4688", "process_name": "powershell.exe", "CommandLine": "powershell.exe -Command \"Get-Service -Name Spooler\"", "label": "benign", "technique": null},
{"_time": "2026-05-29T02:47:12+00:00", "index": "botsv3", "sourcetype": "WinEventLog:Security", "host": "SRV-WEB-05", "user": "svc_deploy", "EventCode": "4688", "process_name": "powershell.exe", "CommandLine": "powershell.exe -NoProfile -ExecutionPolicy Bypass -File C:\\Scripts\\inventory_export.ps1", "label": "benign", "technique": null},
{"_time": "2026-05-29T02:58:07+00:00", "index": "botsv3", "sourcetype": "WinEventLog:Security", "host": "SRV-DB-02", "user": "svc_deploy", "EventCode": "4688", "process_name": "powershell.exe", "CommandLine": "powershell.exe -NoProfile -ExecutionPolicy Bypass -File C:\\Scripts\\deploy_sync.ps1", "label": "benign", "technique": null},
