{"_time": "2026-04-05T14:06:35+00:00", "index": "botsv3", "sourcetype": "WinEventLog:Security", "host": "SRV-WEB-05", "user": "svc_deploy", "EventCode": "4688", "process_name": "powershell.exe", "CommandLine": "powershell.exe -NoProfile -ExecutionPolicy Bypass -File C:\\Scripts\\cert_renew.ps1", "label": "benign", "technique": null},
{"_time": "2026-04-05T14:23:20+00:00", "index": "botsv3", "sourcetype": "WinEventLog:Security", "host": "SRV-APP-02", "user": "svc_deploy", "EventCode": "4688", "process_name": "powershell.exe", "CommandLine": "powershell.exe -NoProfile -ExecutionPolicy Bypass -File C:\\Scripts\\deploy_sync.ps1", "label": "benign", "technique": null},
{"_time": "2026-04-05T14:42:22+00:00", "index": "botsv3", "sourcetype": "WinEventLog:Security", "host": "WS-HR-117", "user": "pwong", "EventCode": "4688", "process_name": "outlook.exe", "CommandLine": "\"outlook.exe\" /recycle", "label": "benign", "technique": null},
{"_time": "2026-04-05T14:56:03+00:00", "index": "botsv3", "sourcetype": "WinEventLog:Security", "host": "WS-HR-117", "user": "adm_lopez", "EventCode": "4688", "process_name": "powershell.exe", "CommandLine": "powershell.exe -File C:\\Tools\\reset_profile.ps1", "label": "benign", "technique": null},
{"_time": "2026-04-05T15:00:46+00:00", "index": "botsv3", "sourcetype": "WinEventLog:Security", "host": "SRV-DB-02", "user": "svc_deploy", "EventCode": "4688", "process_name": "powershell.exe", "CommandLine": "powershell.exe -NoProfile -ExecutionPolicy Bypass -File C:\\Scripts\\cert_renew.ps1", "label": "benign", "technique": null},
{"_time": "2026-04-05T15:13:41+00:00", "index": "botsv3", "sourcetype": "WinEventLog:Security", "host": "WS-IT-202", "user": "jsmith", "EventCode": "4688", "process_name": "powershell.exe", "CommandLine": "powershell.exe -Command \"Get-Service -Name Spooler\"", "label": "benign", "technique": null},
{"_time": "2026-04-05T15:14:57+00:00", "index": "botsv3", "sourcetype": "WinEventLog:Security", "host": "SRV-APP-02", "user": "svc_deploy", "EventCode": "4688", "process_name": "powershell.exe", "CommandLine": "powershell.exe -NoProfile -EncodedCommand rTBGb+IEjuZrLCcFAvC6A5NGCSlC0koZh2bcQbT/e/Pz", "label": "benign", "technique": null},
{"_time": "2026-04-05T15:15:19+00:00", "index": "botsv3", "sourcetype": "WinEventLog:Security", "host": "WS-IT-201", "user": "akumar", "EventCode": "4688", "process_name": "cmd.exe", "CommandLine": "cmd.exe /c \"nltest /dsgetdc:corp.local\"", "label": "benign", "technique": null},
{"_time": "2026-04-05T15:18:13+00:00", "index": "botsv3", "sourcetype": "WinEventLog:Security", "host": "SRV-APP-02", "user": "svc_deploy", "EventCode": "4688", "process_name": "powershell.exe", "CommandLine": "powershell.exe -NoProfile -ExecutionPolicy Bypass -File C:\\Scripts\\patch_audit.ps1", "label": "benign", "technique": null},
{"_time": "2026-04-05T15:36:27+00:00", "index": "botsv3", "sourcetype": "WinEventLog:Security", "host": "SRV-DB-02", "user": "svc_deploy", "EventCode": "4688", "process_name": "powershell.exe", "CommandLine": "powershell.exe -NoProfile -EncodedCommand n9DOC/vO4VbJAccPCDwussE6VWA4CiNDgdYdLR4CrcDVvFeL0is", "label": "benign", "technique": null},
{"_time": "2026-04-05T16:33:37+00:00", "index": "botsv3", "sourcetype": "WinEventLog:Security", "host": "WS-IT-202", "user": "jsmith", "EventCode": "4688", "process_name": "powershell.exe", "CommandLine": "powershell.exe -Command \"Get-Service -Name Spooler\"", "label": "benign", "technique": null},
{"_time": "2026-04-05T17:23:04+00:00", "index": "botsv3", "sourcetype": "WinEventLog:Security", "host": "WS-HR-117", "user": "adm_lopez", "EventCode": "4688", "process_name": "powershell.exe", "CommandLine": "powershell.exe -File C:\\Tools\\map_drives.ps1", "label": "benign", "technique": null},
{"_time": "2026-04-05T17:25:08+00:00", "index": "botsv3", "sourcetype": "WinEventLog:Security", "host": "WS-FIN-042", "user": "hd_chen", "EventCode": "4688", "process_name": "powershell.exe", "CommandLine": "powershell.exe -Command \"Test-NetConnection SRV-FILE-03 -Port 445\"", "label": "benign", "technique": null},
{"_time": "2026-04-05T17:26:30+00:00", "index": "botsv3", "sourcetype": "WinEventLog:Security", "host": "SRV-APP-02", "user": "svc_deploy", "EventCode": "4688", "process_name": "powershell.exe", "CommandLine": "powershell.exe -NoProfile -EncodedCommand qfneWMKrVeWEmpZ37pIz0WlwKHV4dgBYhYCYxKADneOSABtobqUfNQf", "label": "benign", "technique": null},
{"_time": "2026-04-05T17:43:51+00:00", "index": "botsv3", "sourcetype": "WinEventLog:Security", "host": "SRV-APP-01", "user": "svc_deploy", "EventCode": "4688", "process_name": "powershell.exe", "CommandLine": "powershell.exe -NoProfile -ExecutionPolicy Bypass -File C:\\Scripts\\patch_audit.ps1", "label": "benign", "technique": null},
{"_time": "2026-04-05T18:31:19+00:00", "index": "botsv3", "sourcetype": "WinEventLog:Security", "host": "SRV-APP-02", "user": "svc_deploy", "EventCode": "4688", "process_name": "powershell.exe", "CommandLine": "powershell.exe -NoProfile -ExecutionPolicy Bypass -File C:\\Scripts\\cert_renew.ps1", "label": "benign", "technique": null},
{"_time": "2026-04-05T18:31:56+00:00", "index": "botsv3", "sourcetype": "WinEventLog:Security", "host": "SRV-DB-02", "user": "svc_deploy", "EventCode": "4688", "process_name": "powershell.exe", "CommandLine": "powershell.exe -NoProfile -ExecutionPolicy Bypass -File C:\\Scripts\\cert_renew.ps1", "label": "benign", "technique": null},
{"_time": "2026-04-05T18:47:33+00:00", "index": "botsv3", "sourcetype": "WinEventLog:Security", "host": "SRV-APP-01", "user": "svc_deploy", "EventCode": "4688", "process_name": "powershell.exe", "CommandLine": "powershell.exe -NoProfile -ExecutionPolicy Bypass -File C:\\Scripts\\patch_audit.ps1", "label": "benign", "technique": null},
{"_time": "2026-04-05T18:50:04+00:00", "index": "botsv3", "sourcetype": "WinEventLog:Security", "host": "SRV-APP-02", "user": "svc_deploy", "EventCode": "4688", "process_name": "powershell.exe", "CommandLine": "powershell.exe -NoProfile -ExecutionPolicy Bypass -File C:\\Scripts\\log_rotate.ps1", "label": "benign", "technique": null},
{"_time": "2026-04-05T18:58:55+00:00", "index": "botsv3", "sourcetype": "WinEventLog:Security", "host": "SRV-WEB-05", "user": "svc_deploy", "EventCode": "4688", "process_name": "powershell.exe", "CommandLine": "powershell.exe -NoProfile -ExecutionPolicy Bypass -File C:\\Scripts\\cert_renew.ps1", "label": "benign", "technique": null},
{"_time": "2026-04-05T19:40:37+00:00", "index": "botsv3", "sourcetype": "WinEventLog:Security", "host": "SRV-APP-01", "user": "svc_deploy", "EventCode": "4688", "process_name": "powershell.exe", "CommandLine": "powershell.exe -NoProfile -EncodedCommand +pRPUk4O4AvSu5fbqOApLFjcxnaNeRai37X9LmglBcIq3rL3fPd", "label": "benign", "technique": null},
{"_time": "2026-04-05T19:48:18+00:00", "index": "botsv3", "sourcetype": "WinEventLog:Security", "host": "SRV-WEB-05", "user": "svc_deploy", "EventCode": "4688", "process_name": "powershell.exe", "CommandLine": "powershell.exe -NoProfile -ExecutionPolicy Bypass -File C:\\Scripts\\deploy_sync.ps1", "label": "benign", "technique": null},
{"_time": "2026-04-05T19:52:40+00:00", "index": "botsv3", "sourcetype": "WinEventLog:Security", "host": "WS-IT-201", "user": "adm_lopez", "EventCode": "4688", "process_name": "powershell.exe", "CommandLine": "powershell.exe Get-EventLog System -Newest 50", "label": "benign", "technique": null},
{"_time": "2026-04-05T20:00:05+00:00", "index": "botsv3", "sourcetype": "WinEventLog:Security", "host": "SRV-APP-02", "user": "svc_deploy", "EventCode": "4688", "process_name": "powershell.exe", "CommandLine": "powershell.exe -NoProfile -ExecutionPolicy Bypass -File C:\\Scripts\\inventory_export.ps1", "label": "benign", "technique": null},
{"_time": "2026-04-05T20:06:20+00:00", "index": "botsv3", "sourcetype": "WinEventLog:Security", "host": "SRV-APP-01", "user": "svc_deploy", "EventCode": "4688", "process_name": "powershell.exe", "CommandLine": "powershell.exe -NoProfile -EncodedCommand 52ZoE1ocfM8B0YUFw6az0QCrwH4S25KdYDO6LnG8DkgO9", "label": "benign", "technique": null},
{"_time": "2026-04-05T20:53:20+00:00", "index": "botsv3", "sourcetype": "WinEventLog:Security", "host": "SRV-APP-01", "user": "svc_deploy", "EventCode": "4688", "process_name": "powershell.exe", "CommandLine": "powershell.exe -NoProfile -ExecutionPolicy Bypass -File C:\\Scripts\\inventory_export.ps1", "label": "benign", "technique": null},
{"_time": "2026-04-05T21:00:35+00:00", "index": "botsv3", "sourcetype": "WinEventLog:Security", "host": "SRV-WEB-05", "user": "svc_deploy", "EventCode": "4688", "process_name": "powershell.exe", "CommandLine": "powershell.exe -NoProfile -ExecutionPolicy Bypass -File C:\\Scripts\\patch_audit.ps1", "label": "benign", "technique": null},
{"_time": "2026-04-05T21:09:58+00:00", "index": "botsv3", "sourcetype": "WinEventLog:Security", "host": "WS-IT-202", "user": "hd_chen", "EventCode": "4688", "process_name": "powershell.exe", "CommandLine": "powershell.exe -Command \"Get-Service -Name Spooler\"", "label": "benign", "technique": null},
{"_time": "2026-04-05T21:11:15+00:00", "index": "botsv3", "sourcetype": "WinEventLog:Security", "host": "SRV-APP-02", "user": "svc_deploy", "EventCode": "4688", "process_name": "powershell.exe", "CommandLine": "powershell.exe -NoProfile -ExecutionPolicy Bypass -File C:\\Scripts\\cert_renew.ps1", "label": "benign", "technique": null},
{"_time": "2026-04-05T21:39:32+00:00", "index": "botsv3", "sourcetype": "WinEventLog:Security", "host": "SRV-APP-02", "user": "svc_deploy", "EventCode": "4688", "process_name": "powershell.exe", "CommandLine": "powershell.exe -NoProfile -EncodedCommand Efcg5kI998TE4Q5bfIV9Asyy+5uhVqTkGQULl6w6yjsaUtiP", "label": "benign", "technique": null},
{"_time": "2026-04-05T22:13:38+00:00", "index": "botsv3", "sourcetype": "WinEventLog:Security", "host": "WS-IT-202", "user": "pwong", "EventCode": "4688", "process_name": "chrome.exe", "CommandLine": "\"chrome.exe\" --type=renderer --lang=en-US", "label": "benign", "technique": null},
{"_time": "2026-04-05T22:17:57+00:00", "index": "botsv3", "sourcetype": "WinEventLog:Security", "host": "SRV-APP-02", "user": "svc_deploy", "EventCode": "4688", "process_name": "powershell.exe", "CommandLine": "powershell.exe -NoProfile -ExecutionPolicy Bypass -File C:\\Scripts\\deploy_sync.ps1", "label": "benign", "technique": null},
{"_time": "2026-04-05T22:21:12+00:00", "index": "botsv3", "sourcetype": "WinEventLog:Security", "host": "WS-FIN-042", "user": "akumar", "EventCode": "4688", "process_name": "chrome.exe", "CommandLine": "\"chrome.exe\" --type=renderer --lang=en-US", "label": "benign", "technique": null},
{"_time": "2026-04-05T22:27:25+00:00", "index": "botsv3", "sourcetype": "WinEventLog:Security", "host": "SRV-APP-02", "user": "svc_deploy", "EventCode": "4688", "process_name": "powershell.exe", "CommandLine": "powershell.exe -NoProfile -ExecutionPolicy Bypass -File C:\\Scripts\\log_rotate.ps1", "label": "benign", "technique": null},
{"_time": "2026-04-05T22:47:50+00:00", "index": "botsv3", "sourcetype": "WinEventLog:Security", "host": "WS-HR-117", "user": "mfields", "EventCode": "4688", "process_name": "chrome.exe", "CommandLine": "\"chrome.exe\" --type=renderer --lang=en-US", "label": "benign", "technique": null},
{"_time": "2026-04-05T23:09:28+00:00", "index": "botsv3", "sourcetype": "WinEventLog:Security", "host": "SRV-APP-02", "user": "svc_deploy", "EventCode": "4688", "process_name": "powershell.exe", "CommandLine": "powershell.exe -NoProfile -EncodedCommand n9QLccgkku8pLiTHEXCsAlumUaJajxE4NAt7z5L93p/7LKyLoRIDMBzUoa", "label": "benign", "technique": null},
{"_time": "2026-04-05T23:13:55+00:00", "index": "botsv3", "sourcetype": "WinEventLog:Security", "host": "SRV-APP-01", "user": "svc_deploy", "EventCode": "4688", "process_name": "powershell.exe", "CommandLine": "powershell.exe -NoProfile -ExecutionPolicy Bypass -File C:\\Scripts\\log_rotate.ps1", "label": "benign", "technique": null},
{"_time": "2026-04-05T23:30:35+00:00", "index": "botsv3", "sourcetype": "WinEventLog:Security", "host": "SRV-APP-02", "user": "svc_deploy", "EventCode": "4688", "process_name": "powershell.exe", "CommandLine": "powershell.exe -NoProfile -EncodedCommand /j8/i6uv+CldqHltBBCB7P154jPe3N+earR5NF6asNDhhYJ", "label": "benign", "technique": null},
{"_time": "2026-04-05T23:34:48+00:00", "index": "botsv3", "sourcetype": "WinEventLog:Security", "host": "SRV-FILE-03", "user": "adm_lopez", "EventCode": "4688", "process_name": "cmd.exe", "CommandLine": "cmd.exe /c \"ipconfig /all\"", "label": "benign", "technique": null},
{"_time": "2026-04-06T01:01:57+00:00", "index": "botsv3", "sourcetype": "WinEventLog:Security", "host": "WS-IT-202", "user": "hd_chen", "EventCode": "4688", "process_name": "powershell.exe", "CommandLine": "powershell.exe Get-EventLog System -Newest 50", "label": "benign", "technique": null},
{"_time": "2026-04-06T01:13:54+00:00", "index": "botsv3", "sourcetype": "WinEventLog:Security", "host": "SRV-DB-02", "user": "svc_deploy", "EventCode": "4688", "process_name": "powershell.exe", "CommandLine": "powershell.exe -NoProfile -ExecutionPolicy Bypass -File C:\\Scripts\\patch_audit.ps1", "label": "benign", "technique": null},
{"_time": "2026-04-06T01:18:29+00:00", "index": "botsv3", "sourcetype": "WinEventLog:Security", "host": "SRV-APP-02", "user": "svc_deploy", "EventCode": "4688", "process_name": "powershell.exe", "CommandLine": "powershell.exe -NoProfile -EncodedCommand 6FrHljaFlQZS2hL5/10DF49rErn5v7Icnm28UmJH9fl2Bdx+Yx4e", "label": "benign", "technique": null},
{"_time": "2026-04-06T01:34:04+00:00", "index": "botsv3", "sourcetype": "WinEventLog:Security", "host": "WS-FIN-042", "user": "mfields", "EventCode": "4688", "process_name": "chrome.exe", "CommandLine": "\"chrome.exe\" --type=renderer --lang=en-US", "label": "benign", "technique": null},
{"_time": "2026-04-06T01:44:56+00:00", "index": "botsv3", "sourcetype": "WinEventLog:Security", "host": "SRV-WEB-05", "user": "svc_deploy", "EventCode": "4688", "process_name": "powershell.exe", "CommandLine": "powershell.exe -NoProfile -ExecutionPolicy Bypass -File C:\\Scripts\\inventory_export.ps1", "label": "benign", "technique": null},
{"_time": "2026-04-06T02:53:15+00:00", "index": "botsv3", "sourcetype": "WinEventLog:Security", "host": "SRV-APP-01", "user": "svc_deploy", "EventCode": "4688", "process_name": "powershell.exe", "CommandLine": "powershell.exe -NoProfile -ExecutionPolicy Bypass -File C:\\Scripts\\inventory_export.ps1", "label": "benign", "technique": null},
{"_time": "2026-04-06T03:02:17+00:00", "index": "botsv3", "sourcetype": "WinEventLog:Security", "host": "SRV-DB-02", "user": "svc_deploy", "EventCode": "4688", "process_name": "powershell.exe", "CommandLine": "powershell.exe -NoProfile -ExecutionPolicy Bypass -File C:\\Scripts\\inventory_export.ps1", "label": "benign", "technique": null},
{"_time": "2026-04-06T03:11:27+00:00", "index": "botsv3", "sourcetype": "WinEventLog:Security", "host": "SRV-APP-01", "user": "svc_deploy", "EventCode": "4688", "process_name": "powershell.exe", "CommandLine": "powershell.exe -NoProfile -EncodedCommand hRiF4xSpinhsRVL0/KKCVJwZKhDzAJWirrkwoAvw+BSs+ZoXZi", "label": "benign", "technique": null},
{"_time": "2026-04-06T03:21:57+00:00", "index": "botsv3", "sourcetype": "WinEventLog:Security", "host": "WS-FIN-042", "user": "adm_lopez", "EventCode": "4688", "process_name": "powershell.exe", "CommandLine": "powershell.exe Get-EventLog System -Newest 50", "label": "benign", "technique": null},
{"_time": "2026-04-06T03:29:27+00:00", "index": "botsv3", "sourcetype": "WinEventLog:Security", "host": "WS-FIN-042", "user": "hd_chen", "EventCode": "4688", "process_name": "powershell.exe", "CommandLine": "powershell.exe Get-EventLog System -Newest 50", "label": "benign", "technique": null},
{"_time": "2026-04-06T03:38:14+00:00", "index": "botsv3", "sourcetype": "WinEventLog:Security", "host": "SRV-APP-01", "user": "svc_deploy", "EventCode": "4688", "process_name": "powershell.exe", "CommandLine": "powershell.exe -NoProfile -EncodedCommand RN7cZUhzBjHZ6465HxLAaZzzDggqxqdkGAfTGV6GMZ5qHRq4FVj9eMBFHw", "label": "benign", "technique": null},
{"_time": "2026-04-06T04:20:25+00:00", "index": "botsv3", "sourcetype": "WinEventLog:Security", "host": "WS-IT-201", "user": "jsmith", "EventCode": "4688", "process_name": "powershell.exe", "CommandLine": "powershell.exe -Command \"Test-NetConnection SRV-FILE-03 -Port 445\"", "label": "benign", "technique": null},
{"_time": "2026-04-06T04:33:48+00:00", "index": "botsv3", "sourcetype": "WinEventLog:Security", "host": "WS-HR-117", "user": "mfields", "EventCode": "4688", "process_name": "chrome.exe", "CommandLine": "\"chrome.exe\" --type=utility --utility-sub-type=network", "label": "benign", "technique": null},
{"_time": "2026-04-06T04:38:10+00:00", "index": "botsv3", "sourcetype": "WinEventLog:Security", "host": "SRV-APP-02", "user": "svc_deploy", "EventCode": "4688", "process_name": "powershell.exe", "CommandLine": "powershell.exe -NoProfile -ExecutionPolicy Bypass -File C:\\Scripts\\inventory_export.ps1", "label": "benign", "technique": null},
{"_time": "2026-04-06T05:35:37+00:00", "index": "botsv3", "sourcetype": "WinEventLog:Security", "host": "WS-FIN-042", "user": "jsmith", "EventCode": "4688", "process_name": "cmd.exe", "CommandLine": "cmd.exe /c \"ipconfig /all\"", "label": "benign", "technique": null},
{"_time": "2026-04-06T05:39:17+00:00", "index": "botsv3", "sourcetype": "WinEventLog:Security", "host": "SRV-APP-01", "user": "svc_deploy", "EventCode": "4688", "process_name": "powershell.exe", "CommandLine": "powershell.exe -NoProfile -ExecutionPolicy Bypass -File C:\\Scripts\\cert_renew.ps1", "label": "benign", "technique": null},
{"_time": "2026-04-06T05:46:50+00:00", "index": "botsv3", "sourcetype": "WinEventLog:Security", "host": "WS-FIN-042", "user": "jsmith", "EventCode": "4688", "process_name": "powershell.exe", "CommandLine": "powershell.exe -Command \"Get-Process | Sort-Object CPU -Descending\"", "label": "benign", "technique": null},
{"_time": "2026-04-06T05:55:45+00:00", "index": "botsv3", "sourcetype": "WinEventLog:Security", "host": "SRV-DB-02", "user": "svc_deploy", "EventCode": "4688", "process_name": "powershell.exe", "CommandLine": "powershell.exe -NoProfile -ExecutionPolicy Bypass -File C:\\Scripts\\deploy_sync.ps1", "label": "benign", "technique": null},
{"_time": "2026-04-06T06:43:58+00:00", "index": "botsv3", "sourcetype": "WinEventLog:Security", "host": "SRV-APP-01", "user": "svc_deploy", "EventCode": "4688", "process_name": "powershell.exe", "CommandLine": "powershell.exe -NoProfile -ExecutionPolicy Bypass -File C:\\Scripts\\inventory_export.ps1", "label": "benign", "technique": null},
{"_time": "2026-04-06T07:34:58+00:00", "index": "botsv3", "sourcetype": "WinEventLog:Security", "host": "SRV-APP-01", "user": "svc_deploy", "EventCode": "4688", "process_name": "powershell.exe", "CommandLine": "powershell.exe -NoProfile -ExecutionPolicy Bypass -File C:\\Scripts\\cert_renew.ps1", "label": "benign", "technique": null},
{"_time": "2026-04-06T08:10:28+00:00", "index": "botsv3", "sourcetype": "WinEventLog:Security", "host": "WS-FIN-042", "user": "adm_lopez", "EventCode": "4688", "process_name": "powershell.exe", "CommandLine": "powershell.exe -File C:\\Tools\\map_drives.ps1", "label": "benign", "technique": null},
{"_time": "2026-04-06T08:28:10+00:00", "index": "botsv3", "sourcetype": "WinEventLog:Security", "host": "SRV-APP-01", "user": "svc_deploy", "EventCode": "4688", "process_name": "powershell.exe", "CommandLine": "powershell.exe -NoProfile -ExecutionPolicy Bypass -File C:\\Scripts\\cert_renew.ps1", "label": "benign", "technique": null},
{"_time": "2026-04-06T08:45:12+00:00", "index": "botsv3", "sourcetype": "WinEventLog:Security", "host": "SRV-APP-02", "user": "svc_deploy", "EventCode": "4688", "process_name": "powershell.exe", "CommandLine": "powershell.exe -NoProfile -ExecutionPolicy Bypass -File C:\\Scripts\\deploy_sync.ps1", "label": "benign", "technique": null},
{"_time": "2026-04-06T08:56:25+00:00", "index": "botsv3", "sourcetype": "WinEventLog:Security", "host": "SRV-APP-02", "user": "svc_deploy", "EventCode": "4688", "process_name": "powershell.exe", "CommandLine": "powershell.exe -NoProfile -ExecutionPolicy Bypass -File C:\\Scripts\\cert_renew.ps1", "label": "benign", "technique": null},
{"_time": "2026-04-06T09:05:53+00:00", "index": "botsv3", "sourcetype": "WinEventLog:Security", "host": "SRV-WEB-05", "user": "svc_deploy", "EventCode": "4688", "process_name": "powershell.exe", "CommandLine": "powershell.exe -NoProfile -ExecutionPolicy Bypass -File C:\\Scripts\\patch_audit.ps1", "label": "benign", "technique": null},
{"_time": "2026-04-06T09:41:24+00:00", "index": "botsv3", "sourcetype": "WinEventLog:Security", "host": "SRV-APP-02", "user": "svc_deploy", "EventCode": "4688", "process_name": "powershell.exe", "CommandLine": "powershell.exe -NoProfile -ExecutionPolicy Bypass -File C:\\Scripts\\cert_renew.ps1", "label": "benign", "technique": null},
{"_time": "2026-04-06T09:58:04+00:00", "index": "botsv3", "sourcetype": "WinEventLog:Security", "host": "SRV-FILE-03", "user": "adm_lopez", "EventCode": "4688", "process_name": "chrome.exe", "CommandLine": "\"chrome.exe\" --type=renderer --lang=en-US", "label": "benign", "technique": null},
{"_time": "2026-04-06T10:16:49+00:00", "index": "botsv3", "sourcetype": "WinEventLog:Security", "host": "SRV-WEB-05", "user": "svc_deploy", "EventCode": "4688", "process_name": "powershell.exe", "CommandLine": "powershell.exe -NoProfile -ExecutionPolicy Bypass -File C:\\Scripts\\inventory_export.ps1", "label": "benign", "technique": null},
{"_time": "2026-04-06T10:49:26+00:00", "index": "botsv3", "sourcetype": "WinEventLog:Security", "host": "SRV-DB-02", "user": "svc_deploy", "EventCode": "4688", "process_name": "powershell.exe", "CommandLine": "powershell.exe -NoProfile -ExecutionPolicy Bypass -File C:\\Scripts\\cert_renew.ps1", "label": "benign", "technique": null},
{"_time": "2026-04-06T10:56:48+00:00", "index": "botsv3", "sourcetype": "WinEventLog:Security", "host": "SRV-FILE-03", "user": "adm_lopez", "EventCode": "4688", "process_name": "chrome.exe", "CommandLine": "\"chrome.exe\" --type=renderer --lang=en-US", "label": "benign", "technique": null},
{"_time": "2026-04-06T11:17:57+00:00", "index": "botsv3", "sourcetype": "WinEventLog:Security", "host": "WS-FIN-042", "user": "hd_chen", "EventCode": "4688", "process_name": "outlook.exe", "CommandLine": "\"outlook.exe\" /recycle", "label": "benign", "technique": null},
{"_time": "2026-04-06T11:25:49+00:00", "index": "botsv3", "sourcetype": "WinEventLog:Security", "host": "WS-HR-117", "user": "jsmith", "EventCode": "4688", "process_name": "powershell.exe", "CommandLine": "powershell.exe -Command \"Test-NetConnection SRV-FILE-03 -Port 445\"", "label": "benign", "technique": null},
{"_time": "2026-04-06T11:35:16+00:00", "index": "botsv3", "sourcetype": "WinEventLog:Security", "host": "SRV-WEB-05", "user": "svc_deploy", "EventCode": "4688", "process_name": "powershell.exe", "CommandLine": "powershell.exe -NoProfile -ExecutionPolicy Bypass -File C:\\Scripts\\deploy_sync.ps1", "label": "benign", "technique": null},
{"_time": "2026-04-06T11:50:51+00:00", "index": "botsv3", "sourcetype": "WinEventLog:Security", "host": "WS-FIN-042", "user": "adm_lopez", "EventCode": "4688", "process_name": "powershell.exe", "CommandLine": "powershell.exe -Command \"Test-NetConnection SRV-FILE-03 -Port 445\"", "label": "benign", "technique": null},
{"_time": "2026-04-06T12:21:28+00:00", "index": "botsv3", "sourcetype": "WinEventLog:Security", "host": "WS-FIN-042", "user": "jsmith", "EventCode": "4688", "process_name": "powershell.exe", "CommandLine": "powershell.exe -Command \"Test-NetConnection SRV-FILE-03 -Port 445\"", "label": "benign", "technique": null},
{"_time": "2026-04-06T12:33:20+00:00", "index": "botsv3", "sourcetype": "WinEventLog:Security", "host": "SRV-APP-01", "user": "svc_deploy", "EventCode": "4688", "process_name": "powershell.exe", "CommandLine": "powershell.exe -NoProfile -ExecutionPolicy Bypass -File C:\\Scripts\\cert_renew.ps1", "label": "benign", "technique": null},
{"_time": "2026-04-06T12:36:04+00:00", "index": "botsv3", "sourcetype": "WinEventLog:Security", "host": "WS-FIN-042", "user": "hd_chen", "EventCode": "4688", "process_name": "outlook.exe", "CommandLine": "\"outlook.exe\" /recycle", "label": "benign", "technique": null},
{"_time": "2026-04-06T12:55:22+00:00", "index": "botsv3", "sourcetype": "WinEventLog:Security", "host": "SRV-APP-01", "user": "svc_deploy", "EventCode": "4688", "process_name": "powershell.exe", "CommandLine": "powershell.exe -NoProfile -EncodedCommand FzbErmYawayiGxyPCnFJsaQ/0NLzOhmOnelRYR2IlNq2", "label": "benign", "technique": null},
{"_time": "2026-04-06T13:20:33+00:00", "index": "botsv3", "sourcetype": "WinEventLog:Security", "host": "WS-IT-202", "user": "mfields", "EventCode": "4688", "process_name": "cmd.exe", "CommandLine": "cmd.exe /c \"nltest /dsgetdc:corp.local\"", "label": "benign", "technique": null},
{"_time": "2026-04-06T13:34:52+00:00", "index": "botsv3", "sourcetype": "WinEventLog:Security", "host": "WS-IT-202", "user": "adm_lopez", "EventCode": "4688", "process_name": "powershell.exe", "CommandLine": "powershell.exe Get-EventLog System -Newest 50", "label": "benign", "technique": null},
{"_time": "2026-04-06T13:53:34+00:00", "index": "botsv3", "sourcetype": "WinEventLog:Security", "host": "SRV-WEB-05", "user": "svc_deploy", "EventCode": "4688", "process_name": "powershell.exe", "CommandLine": "powershell.exe -NoProfile -ExecutionPolicy Bypass -File C:\\Scripts\\cert_renew.ps1", "label": "benign", "technique": null},
{"_time": "2026-04-06T14:17:04+00:00", "index": "botsv3", "sourcetype": "WinEventLog:Security", "host": "SRV-WEB-05", "user": "svc_deploy", "EventCode": "4688", "process_name": "powershell.exe", "CommandLine": "powershell.exe -NoProfile -EncodedCommand ejA9A2K0rQwKmUNcMdXKfNknF3/29vXr9C7iY+B+Tw5sclNxD2FdgodckN", "label": "benign", "technique": null},
{"_time": "2026-04-06T15:18:10+00:00", "index": "botsv3", "sourcetype": "WinEventLog:Security", "host": "WS-IT-201", "user": "jsmith", "EventCode": "4688", "process_name": "powershell.exe", "CommandLine": "powershell.exe Get-EventLog System -Newest 50", "label": "benign", "technique": null},
{"_time": "2026-04-06T15:18:58+00:00", "index": "botsv3", "sourcetype": "WinEventLog:Security", "host": "SRV-APP-02", "user": "svc_deploy", "EventCode": "4688", "process_name": "powershell.exe", "CommandLine": "powershell.exe -NoProfile -ExecutionPolicy Bypass -File C:\\Scripts\\patch_audit.ps1", "label": "benign", "technique": null},
{"_time": "2026-04-06T15:52:22+00:00", "index": "botsv3", "sourcetype": "WinEventLog:Security", "host": "SRV-APP-02", "user": "svc_deploy", "EventCode": "4688", "process_name": "powershell.exe", "CommandLine": "powershell.exe -NoProfile -ExecutionPolicy Bypass -File C:\\Scripts\\inventory_export.ps1", "label": "benign", "technique": null},
{"_time": "2026-04-06T15:58:35+00:00", "index": "botsv3", "sourcetype": "WinEventLog:Security", "host": "SRV-APP-02", "user": "svc_deploy", "EventCode": "4688", "process_name": "powershell.exe", "CommandLine": "powershell.exe -NoProfile -ExecutionPolicy Bypass -File C:\\Scripts\\inventory_export.ps1", "label": "benign", "technique": null},
{"_time": "2026-04-06T16:09:53+00:00", "index": "botsv3", "sourcetype": "WinEventLog:Security", "host": "SRV-APP-01", "user": "svc_deploy", "EventCode": "4688", "process_name": "powershell.exe", "CommandLine": "powershell.exe -NoProfile -ExecutionPolicy Bypass -File C:\\Scripts\\inventory_export.ps1", "label": "benign", "technique": null},
{"_time": "2026-04-06T16:09:53+00:00", "index": "botsv3", "sourcetype": "WinEventLog:Security", "host": "SRV-WEB-05", "user": "svc_deploy", "EventCode": "4688", "process_name": "powershell.exe", "CommandLine": "powershell.exe -NoProfile -ExecutionPolicy Bypass -File C:\\Scripts\\log_rotate.ps1", "label": "benign", "technique": null},
{"_time": "2026-04-06T16:34:33+00:00", "index": "botsv3", "sourcetype": "WinEventLog:Security", "host": "SRV-APP-01", "user": "svc_deploy", "EventCode": "4688", "process_name": "powershell.exe", "CommandLine": "powershell.exe -NoProfile -EncodedCommand 9rlgPEnlt5kD0IkGmruGdk2Yv1//i7CKTaOEaIn3", "label": "benign", "technique": null},
{"_time": "2026-04-06T16:34:47+00:00", "index": "botsv3", "sourcetype": "WinEventLog:Security", "host": "WS-IT-202", "user": "adm_lopez", "EventCode": "4688", "process_name": "powershell.exe", "CommandLine": "powershell.exe -Command \"Get-Service -Name Spooler\"", "label": "benign", "technique": null},
{"_time": "2026-04-06T17:07:51+00:00", "index": "botsv3", "sourcetype": "WinEventLog:Security", "host": "SRV-DB-02", "user": "svc_deploy", "EventCode": "4688", "process_name": "powershell.exe", "CommandLine": "powershell.exe -NoProfile -EncodedCommand KmRxrIX0pa53VeL6prbMcHXrNCDp2sJFqbwWqXvvFD2exNlb0vz", "label": "benign", "technique": null},
{"_time": "2026-04-06T17:17:37+00:00", "index": "botsv3", "sourcetype": "WinEventLog:Security", "host": "SRV-APP-02", "user": "svc_deploy", "EventCode": "4688", "process_name": "powershell.exe", "CommandLine": "powershell.exe -NoProfile -ExecutionPolicy Bypass -File C:\\Scripts\\deploy_sync.ps1", "label": "benign", "technique": null},
{"_time": "2026-04-06T17:35:57+00:00", "index": "botsv3", "sourcetype": "WinEventLog:Security", "host": "WS-FIN-042", "user": "hd_chen", "EventCode": "4688", "process_name": "powershell.exe", "CommandLine": "powershell.exe -Command \"Get-Service -Name Spooler\"", "label": "benign", "technique": null},
{"_time": "2026-04-06T17:51:59+00:00", "index": "botsv3", "sourcetype": "WinEventLog:Security", "host": "WS-FIN-042", "user": "pwong", "EventCode": "4688", "process_name": "cmd.exe", "CommandLine": "cmd.exe /c \"ipconfig /all\"", "label": "benign", "technique": null},
{"_time": "2026-04-06T18:04:01+00:00", "index": "botsv3", "sourcetype": "WinEventLog:Security", "host": "WS-HR-117", "user": "adm_lopez", "EventCode": "4688", "process_name": "powershell.exe", "CommandLine": "powershell.exe Get-EventLog System -Newest 50", "label": "benign", "technique": null},
{"_time": "2026-04-06T18:13:42+00:00", "index": "botsv3", "sourcetype": "WinEventLog:Security", "host": "SRV-FILE-03", "user": "jsmith", "EventCode": "4688", "process_name": "chrome.exe", "CommandLine": "\"chrome.exe\" --type=utility --utility-sub-type=network", "label": "benign", "technique": null},
{"_time": "2026-04-06T18:16:13+00:00", "index": "botsv3", "sourcetype": "WinEventLog:Security", "host": "SRV-WEB-05", "user": "svc_deploy", "EventCode": "4688", "process_name": "powershell.exe", "CommandLine": "powershell.exe -NoProfile -ExecutionPolicy Bypass -File C:\\Scripts\\log_rotate.ps1", "label": "benign", "technique": null},
{"_time": "2026-04-06T18:31:56+00:00", "index": "botsv3", "sourcetype": "WinEventLog:Security", "host": "SRV-DB-02", "user": "svc_deploy", "EventCode": "4688", "process_name": "powershell.exe", "CommandLine": "powershell.exe -NoProfile -ExecutionPolicy Bypass -File C:\\Scripts\\cert_renew.ps1", "label": "benign", "technique": null},
{"_time": "2026-04-06T18:32:40+00:00", "index": "botsv3", "sourcetype": "WinEventLog:Security", "host": "SRV-APP-01", "user": "svc_deploy", "EventCode": "4688", "process_name": "powershell.exe", "CommandLine": "powershell.exe -NoProfile -ExecutionPolicy Bypass -File C:\\Scripts\\deploy_sync.ps1", "label": "benign", "technique": null},
{"_time": "2026-04-06T19:32:23+00:00", "index": "botsv3", "sourcetype": "WinEventLog:Security", "host": "WS-IT-201", "user": "hd_chen", "EventCode": "4688", "process_name": "chrome.exe", "CommandLine": "\"chrome.exe\" --type=utility --utility-sub-type=network", "label": "benign", "technique": null},
{"_time": "2026-04-06T19:41:15+00:00", "index": "botsv3", "sourcetype": "WinEventLog:Security", "host": "WS-IT-202", "user": "adm_lopez", "EventCode": "4688", "process_name": "powershell.exe", "CommandLine": "powershell.exe -File C:\\Tools\\reset_profile.ps1", "label": "benign", "technique": null},
{"_time": "2026-04-06T19:46:46+00:00", "index": "botsv3", "sourcetype": "WinEventLog:Security", "host": "SRV-DB-02", "user": "svc_deploy", "EventCode": "4688", "process_name": "powershell.exe", "CommandLine": "powershell.exe -NoProfile -EncodedCommand UviMTaUn1yAr+66jj3xjAHd5uKDdqYDR6awXfD0NRdEyGWVjZ6IfjhaGhM", "label": "benign", "technique": null},
{"_time": "2026-04-06T19:49:51+00:00", "index": "botsv3", "sourcetype": "WinEventLog:Security", "host": "SRV-APP-01", "user": "svc_deploy", "EventCode": "4688", "process_name": "powershell.exe", "CommandLine": "powershell.exe -NoProfile -EncodedCommand Vyja8JAbRmqjB0MzfmhRUdAHNLR6/IMiw7ZZWs1WepKGayrhg", "label": "benign", "technique": null},
{"_time": "2026-04-06T19:58:01+00:00", "index": "botsv3", "sourcetype": "WinEventLog:Security", "host": "SRV-APP-02", "user": "svc_deploy", "EventCode": "4688", "process_name": "powershell.exe", "CommandLine": "powershell.exe -NoProfile -EncodedCommand A6i+DwZauVJoMY0QGM25QI/rWxfLg6QNnj0nr0Wg1R3aAYvKIx", "label": "benign", "technique": null},
{"_time": "2026-04-06T20:11:10+00:00", "index": "botsv3", "sourcetype": "WinEventLog:Security", "host": "WS-IT-202", "user": "hd_chen", "EventCode": "4688", "process_name": "chrome.exe", "CommandLine": "\"chrome.exe\" --type=utility --utility-sub-type=network", "label": "benign", "technique": null},
{"_time": "2026-04-06T20:14:45+00:00", "index": "botsv3", "sourcetype": "WinEventLog:Security", "host": "WS-IT-202", "user": "adm_lopez", "EventCode": "4688", "process_name": "chrome.exe", "CommandLine": "\"chrome.exe\" --type=utility --utility-sub-type=network", "label": "benign", "technique": null},
{"_time": "2026-04-06T20:15:48+00:00", "index": "botsv3", "sourcetype": "WinEventLog:Security", "host": "WS-IT-201", "user": "adm_lopez", "EventCode": "4688", "process_name": "chrome.exe", "CommandLine": "\"chrome.exe\" --type=utility --utility-sub-type=network", "label": "benign", "technique": null},
{"_time": "2026-04-06T20:28:17+00:00", "index": "botsv3", "sourcetype": "WinEventLog:Security", "host": "SRV-DB-02", "user": "svc_deploy", "EventCode": "4688", "process_name": "powershell.exe", "CommandLine": "powershell.exe -NoProfile -ExecutionPolicy Bypass -File C:\\Scripts\\deploy_sync.ps1", "label": "benign", "technique": null},
{"_time": "2026-04-06T21:35:02+00:00", "index": "botsv3", "sourcetype": "WinEventLog:Security", "host": "WS-FIN-042", "user": "jsmith", "EventCode": "4688", "process_name": "powershell.exe", "CommandLine": "powershell.exe -Command \"Get-Service -Name Spooler\"", "label": "benign", "technique": null},
{"_time": "2026-04-06T22:14:30+00:00", "index": "botsv3", "sourcetype": "WinEventLog:Security", "host": "WS-HR-117", "user": "adm_lopez", "EventCode": "4688", "process_name": "powershell.exe", "CommandLine": "powershell.exe -Command \"Test-NetConnection SRV-FILE-03 -Port 445\"", "label": "benign", "technique": null},
{"_time": "2026-04-06T22:42:47+00:00", "index": "botsv3", "sourcetype": "WinEventLog:Security", "host": "SRV-APP-02", "user": "svc_deploy", "EventCode": "4688", "process_name": "powershell.exe", "CommandLine": "powershell.exe -NoProfile -EncodedCommand F0ID1MyJc/NmWeYVfWIsC3UUziYqTp65E2O45t8bg3", "label": "benign", "technique": null},
{"_time": "2026-04-06T22:48:34+00:00", "index": "botsv3", "sourcetype": "WinEventLog:Security", "host": "SRV-DB-02", "user": "svc_deploy", "EventCode": "4688", "process_name": "powershell.exe", "CommandLine": "powershell.exe -NoProfile -ExecutionPolicy Bypass -File C:\\Scripts\\inventory_export.ps1", "label": "benign", "technique": null},
{"_time": "2026-04-06T22:49:17+00:00", "index": "botsv3", "sourcetype": "WinEventLog:Security", "host": "SRV-APP-01", "user": "svc_deploy", "EventCode": "4688", "process_name": "powershell.exe", "CommandLine": "powershell.exe -NoProfile -ExecutionPolicy Bypass -File C:\\Scripts\\deploy_sync.ps1", "label": "benign", "technique": null},
{"_time": "2026-04-06T22:58:14+00:00", "index": "botsv3", "sourcetype": "WinEventLog:Security", "host": "SRV-APP-01", "user": "svc_deploy", "EventCode": "4688", "process_name": "powershell.exe", "CommandLine": "powershell.exe -NoProfile -EncodedCommand 50capLrfHcykJBauQrRQJtZ5QUv8pIxmuGFw4LmiFLqiG3M", "label": "benign", "technique": null},
{"_time": "2026-04-06T23:02:16+00:00", "index": "botsv3", "sourcetype": "WinEventLog:Security", "host": "SRV-APP-01", "user": "svc_deploy", "EventCode": "4688", "process_name": "powershell.exe", "CommandLine": "powershell.exe -NoProfile -ExecutionPolicy Bypass -File C:\\Scripts\\cert_renew.ps1", "label": "benign", "technique": null},
{"_time": "2026-04-06T23:35:35+00:00", "index": "botsv3", "sourcetype": "WinEventLog:Security", "host": "SRV-DB-02", "user": "svc_deploy", "EventCode": "4688", "process_name": "powershell.exe", "CommandLine": "powershell.exe -NoProfile -EncodedCommand 7/MXvtVjPKFpiFAH/qp/PHOWCIDRfeJ94vHdOJeX0", "label": "benign", "technique": null},
{"_time": "2026-04-07T01:04:41+00:00", "index": "botsv3", "sourcetype": "WinEventLog:Security", "host": "SRV-DB-02", "user": "svc_deploy", "EventCode": "4688", "process_name": "powershell.exe", "CommandLine": "powershell.exe -NoProfile -ExecutionPolicy Bypass -File C:\\Scripts\\cert_renew.ps1", "label": "benign", "technique": null},
{"_time": "2026-04-07T01:39:17+00:00", "index": "botsv3", "sourcetype": "WinEventLog:Security", "host": "SRV-APP-01", "user": "svc_deploy", "EventCode": "4688", "process_name": "powershell.exe", "CommandLine": "powershell.exe -NoProfile -ExecutionPolicy Bypass -File C:\\Scripts\\deploy_sync.ps1", "label": "benign", "technique": null},
{"_time": "2026-04-07T01:53:59+00:00", "index": "botsv3", "sourcetype": "WinEventLog:Security", "host": "SRV-DB-02", "user": "svc_deploy", "EventCode": "4688", "process_name": "powershell.exe", "CommandLine": "powershell.exe -NoProfile -ExecutionPolicy Bypass -File C:\\Scripts\\patch_audit.ps1", "label": "benign", "technique": null},
{"_time": "2026-04-07T01:57:27+00:00", "index": "botsv3", "sourcetype": "WinEventLog:Security", "host": "SRV-APP-02", "user": "svc_deploy", "EventCode": "4688", "process_name": "powershell.exe", "CommandLine": "powershell.exe -NoProfile -EncodedCommand 3VvX2jw6nSQtmRfAm0XNauX/Cg4sa5qmW74KzkcKN/bTRuDY", "label": "benign", "technique": null},
{"_time": "2026-04-07T02:13:04+00:00", "index": "botsv3", "sourcetype": "WinEventLog:Security", "host": "WS-IT-202", "user": "jsmith", "EventCode": "4688", "process_name": "powershell.exe", "CommandLine": "powershell.exe -Command \"Test-NetConnection SRV-FILE-03 -Port 445\"", "label": "benign", "technique": null},
{"_time": "2026-04-07T02:30:14+00:00", "index": "botsv3", "sourcetype": "WinEventLog:Security", "host": "SRV-FILE-03", "user": "hd_chen", "EventCode": "4688", "process_name": "outlook.exe", "CommandLine": "\"outlook.exe\" /recycle", "label": "benign", "technique": null},
{"_time": "2026-04-07T02:34:51+00:00", "index": "botsv3", "sourcetype": "WinEventLog:Security", "host": "SRV-DB-02", "user": "svc_deploy", "EventCode": "4688", "process_name": "powershell.exe", "CommandLine": "powershell.exe -NoProfile -EncodedCommand Dft21b0wfn31eKARjCKSLjuwlj2kRkk1IfDvro7MvJemHhjWd", "label": "benign", "technique": null},
{"_time": "2026-04-07T02:39:26+00:00", "index": "botsv3", "sourcetype": "WinEventLog:Security", "host": "SRV-DB-02", "user": "svc_deploy", "EventCode": "4688", "process_name": "powershell.exe", "CommandLine": "powershell.exe -NoProfile -ExecutionPolicy Bypass -File C:\\Scripts\\cert_renew.ps1", "label": "benign", "technique": null},
{"_time": "2026-04-07T02:44:54+00:00", "index": "botsv3", "sourcetype": "WinEventLog:Security", "host": "SRV-FILE-03", "user": "hd_chen", "EventCode": "4688", "process_name": "outlook.exe", "CommandLine": "\"outlook.exe\" /recycle", "label": "benign", "technique": null},
{"_time": "2026-04-07T03:12:49+00:00", "index": "botsv3", "sourcetype": "WinEventLog:Security", "host": "SRV-DB-02", "user": "svc_deploy", "EventCode": "4688", "process_name": "powershell.exe", "CommandLine": "powershell.exe -NoProfile -ExecutionPolicy Bypass -File C:\\Scripts\\inventory_export.ps1", "label": "benign", "technique": null},
{"_time": "2026-04-07T03:13:22+00:00", "index": "botsv3", "sourcetype": "WinEventLog:Security", "host": "WS-FIN-042", "user": "mfields", "EventCode": "4688", "process_name": "chrome.exe", "CommandLine": "\"chrome.exe\" --type=utility --utility-sub-type=network", "label": "benign", "technique": null},
{"_time": "2026-04-07T03:36:39+00:00", "index": "botsv3", "sourcetype": "WinEventLog:Security", "host": "SRV-APP-02", "user": "svc_deploy", "EventCode": "4688", "process_name": "powershell.exe", "CommandLine": "powershell.exe -NoProfile -EncodedCommand Dt2Jd/7hTObOwQFnEi3PdqY6sxFqP6YJmSFlaesRvm/phIE", "label": "benign", "technique": null},
{"_time": "2026-04-07T04:32:55+00:00", "index": "botsv3", "sourcetype": "WinEventLog:Security", "host": "WS-HR-117", "user": "akumar", "EventCode": "4688", "process_name": "chrome.exe", "CommandLine": "\"chrome.exe\" --type=utility --utility-sub-type=network", "label": "benign", "technique": null},
{"_time": "2026-04-07T04:34:51+00:00", "index": "botsv3", "sourcetype": "WinEventLog:Security", "host": "WS-IT-201", "user": "jsmith", "EventCode": "4688", "process_name": "powershell.exe", "CommandLine": "powershell.exe -File C:\\Tools\\reset_profile.ps1", "label": "benign", "technique": null},
{"_time": "2026-04-07T05:11:03+00:00", "index": "botsv3", "sourcetype": "WinEventLog:Security", "host": "SRV-APP-02", "user": "svc_deploy", "EventCode": "4688", "process_name": "powershell.exe", "CommandLine": "powershell.exe -NoProfile -ExecutionPolicy Bypass -File C:\\Scripts\\log_rotate.ps1", "label": "benign", "technique": null},
{"_time": "2026-04-07T05:53:15+00:00", "index": "botsv3", "sourcetype": "WinEventLog:Security", "host": "WS-HR-117", "user": "adm_lopez", "EventCode": "4688", "process_name": "powershell.exe", "CommandLine": "powershell.exe -Command \"Test-NetConnection SRV-FILE-03 -Port 445\"", "label": "benign", "technique": null},
{"_time": "2026-04-07T06:06:55+00:00", "index": "botsv3", "sourcetype": "WinEventLog:Security", "host": "SRV-DB-02", "user": "svc_deploy", "EventCode": "4688", "process_name": "powershell.exe", "CommandLine": "powershell.exe -NoProfile -EncodedCommand 4ZMUp9OVu69CcYg2QS1zP4JL3l37CyYuAZpeoBq59is7QsyRrrbcJo", "label": "benign", "technique": null},
{"_time": "2026-04-07T06:19:47+00:00", "index": "botsv3", "sourcetype": "WinEventLog:Security", "host": "SRV-APP-02", "user": "svc_deploy", "EventCode": "4688", "process_name": "powershell.exe", "CommandLine": "powershell.exe -NoProfile -ExecutionPolicy Bypass -File C:\\Scripts\\patch_audit.ps1", "label": "benign", "technique": null},
{"_time": "2026-04-07T06:28:33+00:00", "index": "botsv3", "sourcetype": "WinEventLog:Security", "host": "SRV-APP-01", "user": "svc_deploy", "EventCode": "4688", "process_name": "powershell.exe", "CommandLine": "powershell.exe -NoProfile -ExecutionPolicy Bypass -File C:\\Scripts\\inventory_export.ps1", "label": "benign", "technique": null},
{"_time": "2026-04-07T07:15:34+00:00", "index": "botsv3", "sourcetype": "WinEventLog:Security", "host": "SRV-DB-02", "user": "svc_deploy", "EventCode": "4688", "process_name": "powershell.exe", "CommandLine": "powershell.exe -NoProfile -ExecutionPolicy Bypass -File C:\\Scripts\\deploy_sync.ps1", "label": "benign", "technique": null},
{"_time": "2026-04-07T07:38:45+00:00", "index": "botsv3", "sourcetype": "WinEventLog:Security", "host": "SRV-APP-01", "user": "svc_deploy", "EventCode": "4688", "process_name": "powershell.exe", "CommandLine": "powershell.exe -NoProfile -ExecutionPolicy Bypass -File C:\\Scripts\\patch_audit.ps1", "label": "benign", "technique": null},
{"_time": "2026-04-07T07:41:56+00:00", "index": "botsv3", "sourcetype": "WinEventLog:Security", "host": "SRV-WEB-05", "user": "svc_deploy", "EventCode": "4688", "process_name": "powershell.exe", "CommandLine": "powershell.exe -NoProfile -ExecutionPolicy Bypass -File C:\\Scripts\\log_rotate.ps1", "label": "benign", "technique": null},
{"_time": "2026-04-07T07:45:57+00:00", "index": "botsv3", "sourcetype": "WinEventLog:Security", "host": "SRV-DB-02", "user": "svc_deploy", "EventCode": "4688", "process_name": "powershell.exe", "CommandLine": "powershell.exe -NoProfile -ExecutionPolicy Bypass -File C:\\Scripts\\inventory_export.ps1", "label": "benign", "technique": null},
{"_time": "2026-04-07T08:24:06+00:00", "index": "botsv3", "sourcetype": "WinEventLog:Security", "host": "SRV-FILE-03", "user": "jsmith", "EventCode": "4688", "process_name": "chrome.exe", "CommandLine": "\"chrome.exe\" --type=utility --utility-sub-type=network", "label": "benign", "technique": null},
{"_time": "2026-04-07T08:27:37+00:00", "index": "botsv3", "sourcetype": "WinEventLog:Security", "host": "SRV-DB-02", "user": "svc_deploy", "EventCode": "4688", "process_name": "powershell.exe", "CommandLine": "powershell.exe -NoProfile -EncodedCommand JyxVoNc4bgZHx7iTVdpE4Xxfvj3mDSzbUYoJv+G4RzOyLwSQ", "label": "benign", "technique": null},
{"_time": "2026-04-07T09:57:45+00:00", "index": "botsv3", "sourcetype": "WinEventLog:Security", "host": "WS-FIN-042", "user": "hd_chen", "EventCode": "4688", "process_name": "powershell.exe", "CommandLine": "powershell.exe -File C:\\Tools\\map_drives.ps1", "label": "benign", "technique": null},
{"_time": "2026-04-07T10:07:08+00:00", "index": "botsv3", "sourcetype": "WinEventLog:Security", "host": "WS-IT-201", "user": "adm_lopez", "EventCode": "4688", "process_name": "powershell.exe", "CommandLine": "powershell.exe -File C:\\Tools\\map_drives.ps1", "label": "benign", "technique": null},
{"_time": "2026-04-07T10:13:14+00:00", "index": "botsv3", "sourcetype": "WinEventLog:Security", "host": "WS-FIN-042", "user": "adm_lopez", "EventCode": "4688", "process_name": "powershell.exe", "CommandLine": "powershell.exe -File C:\\Tools\\map_drives.ps1", "label": "benign", "technique": null},
{"_time": "2026-04-07T10:13:39+00:00", "index": "botsv3", "sourcetype": "WinEventLog:Security", "host": "WS-IT-201", "user": "hd_chen", "EventCode": "4688", "process_name": "cmd.exe", "CommandLine": "cmd.exe /c \"ipconfig /all\"", "label": "benign", "technique": null},
{"_time": "2026-04-07T10:36:15+00:00", "index": "botsv3", "sourcetype": "WinEventLog:Security", "host": "SRV-APP-01", "user": "svc_deploy", "EventCode": "4688", "process_name": "powershell.exe", "CommandLine": "powershell.exe -NoProfile -ExecutionPolicy Bypass -File C:\\Scripts\\cert_renew.ps1", "label": "benign", "technique": null},
{"_time": "2026-04-07T10:58:40+00:00", "index": "botsv3", "sourcetype": "WinEventLog:Security", "host": "SRV-APP-02", "user": "svc_deploy", "EventCode": "4688", "process_name": "powershell.exe", "CommandLine": "powershell.exe -NoProfile -EncodedCommand GgErsiHpLoEwUAbu89dyOJB3m11Iqqb6Oe/OCezpgo+3jN/TMy27LFGO8o", "label": "benign", "technique": null},
{"_time": "2026-04-07T11:07:18+00:00", "index": "botsv3", "sourcetype": "WinEventLog:Security", "host": "SRV-APP-01", "user": "svc_deploy", "EventCode": "4688", "process_name": "powershell.exe", "CommandLine": "powershell.exe -NoProfile -ExecutionPolicy Bypass -File C:\\Scripts\\cert_renew.ps1", "label": "benign", "technique": null},
{"_time": "2026-04-07T11:51:40+00:00", "index": "botsv3", "sourcetype": "WinEventLog:Security", "host": "SRV-APP-01", "user": "svc_deploy", "EventCode": "4688", "process_name": "powershell.exe", "CommandLine": "powershell.exe -NoProfile -ExecutionPolicy Bypass -File C:\\Scripts\\inventory_export.ps1", "label": "benign", "technique": null},
{"_time": "2026-04-07T11:56:03+00:00", "index": "botsv3", "sourcetype": "WinEventLog:Security", "host": "SRV-APP-01", "user": "svc_deploy", "EventCode": "4688", "process_name": "powershell.exe", "CommandLine": "powershell.exe -NoProfile -ExecutionPolicy Bypass -File C:\\Scripts\\patch_audit.ps1", "label": "benign", "technique": null},
{"_time": "2026-04-07T12:16:22+00:00", "index": "botsv3", "sourcetype": "WinEventLog:Security", "host": "SRV-DB-02", "user": "svc_deploy", "EventCode": "4688", "process_name": "powershell.exe", "CommandLine": "powershell.exe -NoProfile -ExecutionPolicy Bypass -File C:\\Scripts\\log_rotate.ps1", "label": "benign", "technique": null},
{"_time": "2026-04-07T12:16:38+00:00", "index": "botsv3", "sourcetype": "WinEventLog:Security", "host": "SRV-APP-01", "user": "svc_deploy", "EventCode": "4688", "process_name": "powershell.exe", "CommandLine": "powershell.exe -NoProfile -EncodedCommand pEAYsIjtjMTVINc1AWnG+ICPaiL7Lb+Oc1Ytd69Caa", "label": "benign", "technique": null},
{"_time": "2026-04-07T12:24:28+00:00", "index": "botsv3", "sourcetype": "WinEventLog:Security", "host": "WS-HR-117", "user": "jsmith", "EventCode": "4688", "process_name": "powershell.exe", "CommandLine": "powershell.exe Get-EventLog System -Newest 50", "label": "benign", "technique": null},
{"_time": "2026-04-07T13:16:24+00:00", "index": "botsv3", "sourcetype": "WinEventLog:Security", "host": "SRV-DB-02", "user": "svc_deploy", "EventCode": "4688", "process_name": "powershell.exe", "CommandLine": "powershell.exe -NoProfile -ExecutionPolicy Bypass -File C:\\Scripts\\deploy_sync.ps1", "label": "benign", "technique": null},
{"_time": "2026-04-07T14:12:42+00:00", "index": "botsv3", "sourcetype": "WinEventLog:Security", "host": "SRV-DB-02", "user": "svc_deploy", "EventCode": "4688", "process_name": "powershell.exe", "CommandLine": "powershell.exe -NoProfile -EncodedCommand plrbKRyevVzxOuregYeBLqxUEwsZUGgbeJ2rLeRZp0WNwqDse0DnhRswTc", "label": "benign", "technique": null},
